{"uid":"1fd0fd942764ece3","name":"TC_11-02-07_06 (UnAuth) [1] en, gb","fullName":"US_11_02_07.CreateVerifyYourAccountTest.createVerifyYourAccountUnAuth","historyId":"a61f8b0a417bedcfab20e736104bcc50","time":{"start":1693493926642,"stop":1693493971706,"duration":45064},"description":"Check: Education > Menu Item [ETF trading] > Test button [Create & verify your account]","descriptionHtml":"<p>Check: Education &gt; Menu Item [ETF trading] &gt; Test button [Create &amp; verify your account]</p>\n","status":"passed","flaky":false,"newFailed":false,"newBroken":false,"newPassed":false,"retriesCount":0,"retriesStatusChange":false,"beforeStages":[{"name":"init","time":{"start":1693493898042,"stop":1693493926251,"duration":28209},"status":"passed","steps":[],"attachments":[{"uid":"1445c166b8e094a1","name":"Browser","source":"1445c166b8e094a1.txt","type":"text/plain","size":6}],"parameters":[],"stepsCount":0,"attachmentsCount":1,"shouldDisplayMessage":false,"hasContent":true}],"testStage":{"description":"Check: Education > Menu Item [ETF trading] > Test button [Create & verify your account]","status":"passed","steps":[{"name":"Step: delete cookies","time":{"start":1693493926689,"stop":1693493926789,"duration":100},"status":"passed","steps":[{"name":"The cookies is deleted","time":{"start":1693493926689,"stop":1693493926689,"duration":0},"status":"passed","steps":[],"attachments":[],"parameters":[],"stepsCount":0,"attachmentsCount":0,"shouldDisplayMessage":false,"hasContent":false}],"attachments":[],"parameters":[],"stepsCount":1,"attachmentsCount":0,"shouldDisplayMessage":false,"hasContent":true},{"name":"Step precondition: choice language and country","time":{"start":1693493926789,"stop":1693493937339,"duration":10550},"status":"passed","steps":[{"name":"Language: en Countries: gb","time":{"start":1693493933069,"stop":1693493933069,"duration":0},"status":"passed","steps":[],"attachments":[],"parameters":[],"stepsCount":0,"attachmentsCount":0,"shouldDisplayMessage":false,"hasContent":false}],"attachments":[],"parameters":[{"name":"languages","value":"en"},{"name":"countries","value":"gb"}],"stepsCount":1,"attachmentsCount":0,"shouldDisplayMessage":false,"hasContent":true},{"name":"Step: Accept all cookies","time":{"start":1693493937339,"stop":1693493943600,"duration":6261},"status":"passed","steps":[{"name":"Cookies accepted","time":{"start":1693493943600,"stop":1693493943600,"duration":0},"status":"passed","steps":[],"attachments":[],"parameters":[],"stepsCount":0,"attachmentsCount":0,"shouldDisplayMessage":false,"hasContent":false}],"attachments":[],"parameters":[],"stepsCount":1,"attachmentsCount":0,"shouldDisplayMessage":false,"hasContent":true},{"name":"Step: Checking the pop-up window","time":{"start":1693493943600,"stop":1693493948658,"duration":5058},"status":"passed","steps":[{"name":"SignUp form is not surfaced","time":{"start":1693493948657,"stop":1693493948658,"duration":1},"status":"passed","steps":[],"attachments":[],"parameters":[],"stepsCount":0,"attachmentsCount":0,"shouldDisplayMessage":false,"hasContent":false}],"attachments":[],"parameters":[],"stepsCount":1,"attachmentsCount":0,"shouldDisplayMessage":false,"hasContent":true},{"name":"Step: authorization","time":{"start":1693493948659,"stop":1693493957289,"duration":8630},"status":"passed","steps":[{"name":"Email: aqa.tomelo.an@gmail.com","time":{"start":1693493948660,"stop":1693493948660,"duration":0},"status":"passed","steps":[],"attachments":[],"parameters":[],"stepsCount":0,"attachmentsCount":0,"shouldDisplayMessage":false,"hasContent":false},{"name":"Password: iT9Vgqi6d$fiZ*Z","time":{"start":1693493948660,"stop":1693493948660,"duration":0},"status":"passed","steps":[],"attachments":[],"parameters":[],"stepsCount":0,"attachmentsCount":0,"shouldDisplayMessage":false,"hasContent":false},{"name":"Step: Checking the pop-up window platform","time":{"start":1693493952250,"stop":1693493957289,"duration":5039},"status":"passed","steps":[{"name":"The button [iconClose] is not surfaced","time":{"start":1693493957289,"stop":1693493957289,"duration":0},"status":"passed","steps":[],"attachments":[],"parameters":[],"stepsCount":0,"attachmentsCount":0,"shouldDisplayMessage":false,"hasContent":false}],"attachments":[],"parameters":[],"stepsCount":1,"attachmentsCount":0,"shouldDisplayMessage":false,"hasContent":true}],"attachments":[],"parameters":[],"stepsCount":4,"attachmentsCount":0,"shouldDisplayMessage":false,"hasContent":true},{"name":"Step: click logout","time":{"start":1693493957290,"stop":1693493959583,"duration":2293},"status":"passed","steps":[{"name":"Logout","time":{"start":1693493959290,"stop":1693493959290,"duration":0},"status":"passed","steps":[],"attachments":[],"parameters":[],"stepsCount":0,"attachmentsCount":0,"shouldDisplayMessage":false,"hasContent":false}],"attachments":[],"parameters":[],"stepsCount":1,"attachmentsCount":0,"shouldDisplayMessage":false,"hasContent":true},{"name":"Step: post authorization","time":{"start":1693493964584,"stop":1693493966101,"duration":1517},"status":"passed","steps":[{"name":"Go to https://capital.com/","time":{"start":1693493964584,"stop":1693493964584,"duration":0},"status":"passed","steps":[],"attachments":[],"parameters":[],"stepsCount":0,"attachmentsCount":0,"shouldDisplayMessage":false,"hasContent":false}],"attachments":[],"parameters":[],"stepsCount":1,"attachmentsCount":0,"shouldDisplayMessage":false,"hasContent":true},{"name":"Step: Educated move","time":{"start":1693493966166,"stop":1693493969994,"duration":3828},"status":"passed","steps":[{"name":"Move to ETF trading","time":{"start":1693493966166,"stop":1693493966166,"duration":0},"status":"passed","steps":[],"attachments":[],"parameters":[],"stepsCount":0,"attachmentsCount":0,"shouldDisplayMessage":false,"hasContent":false}],"attachments":[],"parameters":[{"name":"main","value":"[[ChromeDriver: chrome on windows (3a13d5fdbd80b246dcf4d5e58847523a)] -> css selector: a[data-type='nav_id96']]"},{"name":"page","value":"[[ChromeDriver: chrome on windows (3a13d5fdbd80b246dcf4d5e58847523a)] -> xpath: //a[contains(@data-type,'nav_id243')]]"}],"stepsCount":1,"attachmentsCount":0,"shouldDisplayMessage":false,"hasContent":true},{"name":"Step: scroll and click element","time":{"start":1693493970033,"stop":1693493970818,"duration":785},"status":"passed","steps":[{"name":"Scroll to: [[ChromeDriver: chrome on windows (3a13d5fdbd80b246dcf4d5e58847523a)] -> css selector: .regSteps__item.js_signup.js-analyticsClick.js-analyticsVisible]","time":{"start":1693493970052,"stop":1693493970052,"duration":0},"status":"passed","steps":[],"attachments":[],"parameters":[],"stepsCount":0,"attachmentsCount":0,"shouldDisplayMessage":false,"hasContent":false},{"name":"Element click: [[ChromeDriver: chrome on windows (3a13d5fdbd80b246dcf4d5e58847523a)] -> css selector: .regSteps__item.js_signup.js-analyticsClick.js-analyticsVisible]","time":{"start":1693493970064,"stop":1693493970064,"duration":0},"status":"passed","steps":[],"attachments":[],"parameters":[],"stepsCount":0,"attachmentsCount":0,"shouldDisplayMessage":false,"hasContent":false}],"attachments":[],"parameters":[{"name":"clickElement","value":"[[ChromeDriver: chrome on windows (3a13d5fdbd80b246dcf4d5e58847523a)] -> css selector: .regSteps__item.js_signup.js-analyticsClick.js-analyticsVisible]"},{"name":"scrollToElement","value":"[[ChromeDriver: chrome on windows (3a13d5fdbd80b246dcf4d5e58847523a)] -> css selector: .regSteps__item.js_signup.js-analyticsClick.js-analyticsVisible]"}],"stepsCount":2,"attachmentsCount":0,"shouldDisplayMessage":false,"hasContent":true}],"attachments":[],"parameters":[],"stepsCount":22,"attachmentsCount":0,"shouldDisplayMessage":false,"hasContent":true},"afterStages":[{"name":"close","time":{"start":1693494036375,"stop":1693494037338,"duration":963},"status":"passed","steps":[{"name":"Driver is quit","time":{"start":1693494037338,"stop":1693494037338,"duration":0},"status":"passed","steps":[],"attachments":[],"parameters":[],"stepsCount":0,"attachmentsCount":0,"shouldDisplayMessage":false,"hasContent":false}],"attachments":[],"parameters":[],"stepsCount":1,"attachmentsCount":0,"shouldDisplayMessage":false,"hasContent":true}],"labels":[{"name":"tag","value":"us_11_02_07"},{"name":"junit.platform.uniqueid","value":"[engine:junit-jupiter]/[class:US_11_02_07.CreateVerifyYourAccountTest]/[test-template:createVerifyYourAccountUnAuth(java.lang.String, java.lang.String)]/[test-template-invocation:#1]"},{"name":"epic","value":"US_11_Education 11-02-07_ETF_trading"},{"name":"story","value":"TC_11.02.07_06 | Testing button [Create & verify your account]"},{"name":"owner","value":"Edgar Nurmagomedov"},{"name":"feature","value":"Role: UnAuth / TS_11.02.07 | Education > Menu Item [ETF trading]"},{"name":"host","value":"fv-az449-184"},{"name":"thread","value":"5932@fv-az449-184.Test worker(1)"},{"name":"framework","value":"junit-platform"},{"name":"language","value":"java"},{"name":"package","value":"US_11_02_07.CreateVerifyYourAccountTest"},{"name":"testClass","value":"US_11_02_07.CreateVerifyYourAccountTest"},{"name":"testMethod","value":"createVerifyYourAccountUnAuth"},{"name":"suite","value":"US_11_02_07.CreateVerifyYourAccountTest"},{"name":"resultFormat","value":"allure2"}],"parameters":[{"name":"Email","value":"aqa.tomelo.an@gmail.com"},{"name":"Password","value":"iT9Vgqi6d$fiZ*Z"},{"name":"arg0","value":"en"},{"name":"arg1","value":"gb"}],"links":[],"hidden":false,"retry":false,"extra":{"severity":"normal","owner":"Edgar Nurmagomedov","retries":[],"categories":[],"history":{"statistic":{"failed":1,"broken":15,"skipped":1,"passed":15,"unknown":0,"total":32},"items":[{"uid":"fe88bc406b8b47ee","reportUrl":"https://edgar8686.github.io/TestCapitalComJava/188//#testresult/fe88bc406b8b47ee","status":"passed","time":{"start":1693491638633,"stop":1693491683201,"duration":44568}},{"uid":"47cb7dcbf2d524bd","reportUrl":"https://edgar8686.github.io/TestCapitalComJava/187//#testresult/47cb7dcbf2d524bd","status":"skipped","statusDetails":"Test Skipped: ETF trading not found. For tests on language the page Education->ETF trading doesn't exist on production","time":{"start":1693406055579,"stop":1693406107821,"duration":52242}},{"uid":"75fac3a10c585e43","reportUrl":"https://edgar8686.github.io/TestCapitalComJava/186//#testresult/75fac3a10c585e43","status":"passed","time":{"start":1693334575541,"stop":1693334651593,"duration":76052}},{"uid":"812060466db7d5db","reportUrl":"https://edgar8686.github.io/TestCapitalComJava/185//#testresult/812060466db7d5db","status":"passed","time":{"start":1693332600539,"stop":1693332648557,"duration":48018}},{"uid":"830e1abcebe22468","reportUrl":"https://edgar8686.github.io/TestCapitalComJava/184//#testresult/830e1abcebe22468","status":"failed","statusDetails":"Failed: Opened a 'Login' form instead of a 'SignUp' form (6 failures)\r\n\torg.openqa.selenium.NoSuchElementException: no such element: Unable to locate element: {\"method\":\"css selector\",\"selector\":\"div[class='form-container-small-header s-between'] div[class='h1']\"}\n  (Session info: headless chrome=116.0.5845.96)\nFor documentation on this error, please visit: https://www.selenium.dev/documentation/webdriver/troubleshooting/errors#no-such-element-exception\nBuild info: version: '4.11.0', revision: '040bc5406b'\nSystem info: os.name: 'Windows Server 2022', os.arch: 'amd64', os.version: '10.0', java.version: '11.0.20.1'\nDriver info: org.openqa.selenium.chrome.ChromeDriver\nCommand: [b84014c404ab69ff1b574b88049f0fd7, findElement {using=css selector, value=div[class='form-container-small-header s-between'] div[class='h1']}]\nCapabilities {acceptInsecureCerts: false, browserName: chrome, browserVersion: 116.0.5845.96, chrome: {chromedriverVersion: 116.0.5845.96 (1a3918166880..., userDataDir: C:\\Windows\\SystemTemp\\scope...}, fedcm:accounts: true, goog:chromeOptions: {debuggerAddress: localhost:50059}, networkConnectionEnabled: false, pageLoadStrategy: normal, platformName: windows, proxy: Proxy(), se:cdp: ws://localhost:50059/devtoo..., se:cdpVersion: 116.0.5845.96, setWindowRect: true, strictFileInteractability: false, timeouts: {implicit: 0, pageLoad: 300000, script: 30000}, unhandledPromptBehavior: dismiss and notify, webauthn:extension:credBlob: true, webauthn:extension:largeBlob: true, webauthn:extension:minPinLength: true, webauthn:extension:prf: true, webauthn:virtualAuthenticators: true}\nSession ID: b84014c404ab69ff1b574b88049f0fd7\r\n\torg.openqa.selenium.NoSuchElementException: no such element: Unable to locate element: {\"method\":\"css selector\",\"selector\":\"div[class='form-container-small-header s-between'] a[class='l_btn_signup'][href='#']\"}\n  (Session info: headless chrome=116.0.5845.96)\nFor documentation on this error, please visit: https://www.selenium.dev/documentation/webdriver/troubleshooting/errors#no-such-element-exception\nBuild info: version: '4.11.0', revision: '040bc5406b'\nSystem info: os.name: 'Windows Server 2022', os.arch: 'amd64', os.version: '10.0', java.version: '11.0.20.1'\nDriver info: org.openqa.selenium.chrome.ChromeDriver\nCommand: [b84014c404ab69ff1b574b88049f0fd7, findElement {using=css selector, value=div[class='form-container-small-header s-between'] a[class='l_btn_signup'][href='#']}]\nCapabilities {acceptInsecureCerts: false, browserName: chrome, browserVersion: 116.0.5845.96, chrome: {chromedriverVersion: 116.0.5845.96 (1a3918166880..., userDataDir: C:\\Windows\\SystemTemp\\scope...}, fedcm:accounts: true, goog:chromeOptions: {debuggerAddress: localhost:50059}, networkConnectionEnabled: false, pageLoadStrategy: normal, platformName: windows, proxy: Proxy(), se:cdp: ws://localhost:50059/devtoo..., se:cdpVersion: 116.0.5845.96, setWindowRect: true, strictFileInteractability: false, timeouts: {implicit: 0, pageLoad: 300000, script: 30000}, unhandledPromptBehavior: dismiss and notify, webauthn:extension:credBlob: true, webauthn:extension:largeBlob: true, webauthn:extension:minPinLength: true, webauthn:extension:prf: true, webauthn:virtualAuthenticators: true}\nSession ID: b84014c404ab69ff1b574b88049f0fd7\r\n\torg.openqa.selenium.NoSuchElementException: no such element: Unable to locate element: {\"method\":\"css selector\",\"selector\":\"input[name='ff01']\"}\n  (Session info: headless chrome=116.0.5845.96)\nFor documentation on this error, please visit: https://www.selenium.dev/documentation/webdriver/troubleshooting/errors#no-such-element-exception\nBuild info: version: '4.11.0', revision: '040bc5406b'\nSystem info: os.name: 'Windows Server 2022', os.arch: 'amd64', os.version: '10.0', java.version: '11.0.20.1'\nDriver info: org.openqa.selenium.chrome.ChromeDriver\nCommand: [b84014c404ab69ff1b574b88049f0fd7, findElement {using=css selector, value=input[name='ff01']}]\nCapabilities {acceptInsecureCerts: false, browserName: chrome, browserVersion: 116.0.5845.96, chrome: {chromedriverVersion: 116.0.5845.96 (1a3918166880..., userDataDir: C:\\Windows\\SystemTemp\\scope...}, fedcm:accounts: true, goog:chromeOptions: {debuggerAddress: localhost:50059}, networkConnectionEnabled: false, pageLoadStrategy: normal, platformName: windows, proxy: Proxy(), se:cdp: ws://localhost:50059/devtoo..., se:cdpVersion: 116.0.5845.96, setWindowRect: true, strictFileInteractability: false, timeouts: {implicit: 0, pageLoad: 300000, script: 30000}, unhandledPromptBehavior: dismiss and notify, webauthn:extension:credBlob: true, webauthn:extension:largeBlob: true, webauthn:extension:minPinLength: true, webauthn:extension:prf: true, webauthn:virtualAuthenticators: true}\nSession ID: b84014c404ab69ff1b574b88049f0fd7\r\n\torg.openqa.selenium.NoSuchElementException: no such element: Unable to locate element: {\"method\":\"css selector\",\"selector\":\"input[name='ff11']\"}\n  (Session info: headless chrome=116.0.5845.96)\nFor documentation on this error, please visit: https://www.selenium.dev/documentation/webdriver/troubleshooting/errors#no-such-element-exception\nBuild info: version: '4.11.0', revision: '040bc5406b'\nSystem info: os.name: 'Windows Server 2022', os.arch: 'amd64', os.version: '10.0', java.version: '11.0.20.1'\nDriver info: org.openqa.selenium.chrome.ChromeDriver\nCommand: [b84014c404ab69ff1b574b88049f0fd7, findElement {using=css selector, value=input[name='ff11']}]\nCapabilities {acceptInsecureCerts: false, browserName: chrome, browserVersion: 116.0.5845.96, chrome: {chromedriverVersion: 116.0.5845.96 (1a3918166880..., userDataDir: C:\\Windows\\SystemTemp\\scope...}, fedcm:accounts: true, goog:chromeOptions: {debuggerAddress: localhost:50059}, networkConnectionEnabled: false, pageLoadStrategy: normal, platformName: windows, proxy: Proxy(), se:cdp: ws://localhost:50059/devtoo..., se:cdpVersion: 116.0.5845.96, setWindowRect: true, strictFileInteractability: false, timeouts: {implicit: 0, pageLoad: 300000, script: 30000}, unhandledPromptBehavior: dismiss and notify, webauthn:extension:credBlob: true, webauthn:extension:largeBlob: true, webauthn:extension:minPinLength: true, webauthn:extension:prf: true, webauthn:virtualAuthenticators: true}\nSession ID: b84014c404ab69ff1b574b88049f0fd7\r\n\torg.openqa.selenium.NoSuchElementException: no such element: Unable to locate element: {\"method\":\"css selector\",\"selector\":\"button[class='btn btn--md btn--wide s2_btn disabled hasPointer']\"}\n  (Session info: headless chrome=116.0.5845.96)\nFor documentation on this error, please visit: https://www.selenium.dev/documentation/webdriver/troubleshooting/errors#no-such-element-exception\nBuild info: version: '4.11.0', revision: '040bc5406b'\nSystem info: os.name: 'Windows Server 2022', os.arch: 'amd64', os.version: '10.0', java.version: '11.0.20.1'\nDriver info: org.openqa.selenium.chrome.ChromeDriver\nCommand: [b84014c404ab69ff1b574b88049f0fd7, findElement {using=css selector, value=button[class='btn btn--md btn--wide s2_btn disabled hasPointer']}]\nCapabilities {acceptInsecureCerts: false, browserName: chrome, browserVersion: 116.0.5845.96, chrome: {chromedriverVersion: 116.0.5845.96 (1a3918166880..., userDataDir: C:\\Windows\\SystemTemp\\scope...}, fedcm:accounts: true, goog:chromeOptions: {debuggerAddress: localhost:50059}, networkConnectionEnabled: false, pageLoadStrategy: normal, platformName: windows, proxy: Proxy(), se:cdp: ws://localhost:50059/devtoo..., se:cdpVersion: 116.0.5845.96, setWindowRect: true, strictFileInteractability: false, timeouts: {implicit: 0, pageLoad: 300000, script: 30000}, unhandledPromptBehavior: dismiss and notify, webauthn:extension:credBlob: true, webauthn:extension:largeBlob: true, webauthn:extension:minPinLength: true, webauthn:extension:prf: true, webauthn:virtualAuthenticators: true}\nSession ID: b84014c404ab69ff1b574b88049f0fd7\r\n\torg.openqa.selenium.NoSuchElementException: no such element: Unable to locate element: {\"method\":\"css selector\",\"selector\":\"div[class='reg-desc textCenter'] p a\"}\n  (Session info: headless chrome=116.0.5845.96)\nFor documentation on this error, please visit: https://www.selenium.dev/documentation/webdriver/troubleshooting/errors#no-such-element-exception\nBuild info: version: '4.11.0', revision: '040bc5406b'\nSystem info: os.name: 'Windows Server 2022', os.arch: 'amd64', os.version: '10.0', java.version: '11.0.20.1'\nDriver info: org.openqa.selenium.chrome.ChromeDriver\nCommand: [b84014c404ab69ff1b574b88049f0fd7, findElement {using=css selector, value=div[class='reg-desc textCenter'] p a}]\nCapabilities {acceptInsecureCerts: false, browserName: chrome, browserVersion: 116.0.5845.96, chrome: {chromedriverVersion: 116.0.5845.96 (1a3918166880..., userDataDir: C:\\Windows\\SystemTemp\\scope...}, fedcm:accounts: true, goog:chromeOptions: {debuggerAddress: localhost:50059}, networkConnectionEnabled: false, pageLoadStrategy: normal, platformName: windows, proxy: Proxy(), se:cdp: ws://localhost:50059/devtoo..., se:cdpVersion: 116.0.5845.96, setWindowRect: true, strictFileInteractability: false, timeouts: {implicit: 0, pageLoad: 300000, script: 30000}, unhandledPromptBehavior: dismiss and notify, webauthn:extension:credBlob: true, webauthn:extension:largeBlob: true, webauthn:extension:minPinLength: true, webauthn:extension:prf: true, webauthn:virtualAuthenticators: true}\nSession ID: b84014c404ab69ff1b574b88049f0fd7","time":{"start":1693330972428,"stop":1693331048656,"duration":76228}},{"uid":"82802e70d896dfb9","reportUrl":"https://edgar8686.github.io/TestCapitalComJava/183//#testresult/82802e70d896dfb9","status":"passed","time":{"start":1693329673901,"stop":1693329721879,"duration":47978}},{"uid":"ad331c043b0b3266","reportUrl":"https://edgar8686.github.io/TestCapitalComJava/182//#testresult/ad331c043b0b3266","status":"passed","time":{"start":1693328268544,"stop":1693328314830,"duration":46286}},{"uid":"26b98bcc6a48990f","reportUrl":"https://edgar8686.github.io/TestCapitalComJava/181//#testresult/26b98bcc6a48990f","status":"passed","time":{"start":1693247676558,"stop":1693247726406,"duration":49848}},{"uid":"eb2b1c0e08297a73","reportUrl":"https://edgar8686.github.io/TestCapitalComJava/180//#testresult/eb2b1c0e08297a73","status":"broken","statusDetails":"stale element reference: stale element not found\n  (Session info: headless chrome=116.0.5845.96)\nFor documentation on this error, please visit: https://www.selenium.dev/documentation/webdriver/troubleshooting/errors#stale-element-reference-exception\nBuild info: version: '4.11.0', revision: '040bc5406b'\nSystem info: os.name: 'Windows Server 2022', os.arch: 'amd64', os.version: '10.0', java.version: '11.0.20'\nDriver info: org.openqa.selenium.chrome.ChromeDriver\nCommand: [a440912de48e19e5caf64056a9c75f9b, actions {actions=[org.openqa.selenium.interactions.Sequence@67544105, org.openqa.selenium.interactions.Sequence@6421e9e7]}]\nCapabilities {acceptInsecureCerts: false, browserName: chrome, browserVersion: 116.0.5845.96, chrome: {chromedriverVersion: 116.0.5845.96 (1a3918166880..., userDataDir: C:\\Windows\\SystemTemp\\scope...}, fedcm:accounts: true, goog:chromeOptions: {debuggerAddress: localhost:50056}, networkConnectionEnabled: false, pageLoadStrategy: normal, platformName: windows, proxy: Proxy(), se:cdp: ws://localhost:50056/devtoo..., se:cdpVersion: 116.0.5845.96, setWindowRect: true, strictFileInteractability: false, timeouts: {implicit: 0, pageLoad: 300000, script: 30000}, unhandledPromptBehavior: dismiss and notify, webauthn:extension:credBlob: true, webauthn:extension:largeBlob: true, webauthn:extension:minPinLength: true, webauthn:extension:prf: true, webauthn:virtualAuthenticators: true}\nSession ID: a440912de48e19e5caf64056a9c75f9b","time":{"start":1693246824030,"stop":1693246836093,"duration":12063}},{"uid":"5ab5715bf864b21e","reportUrl":"https://edgar8686.github.io/TestCapitalComJava/179//#testresult/5ab5715bf864b21e","status":"passed","time":{"start":1693245108705,"stop":1693245166773,"duration":58068}},{"uid":"8b99d98abe827484","reportUrl":"https://edgar8686.github.io/TestCapitalComJava/178//#testresult/8b99d98abe827484","status":"broken","statusDetails":"stale element reference: stale element not found\n  (Session info: headless chrome=116.0.5845.96)\nFor documentation on this error, please visit: https://www.selenium.dev/documentation/webdriver/troubleshooting/errors#stale-element-reference-exception\nBuild info: version: '4.11.0', revision: '040bc5406b'\nSystem info: os.name: 'Windows Server 2022', os.arch: 'amd64', os.version: '10.0', java.version: '11.0.20'\nDriver info: org.openqa.selenium.chrome.ChromeDriver\nCommand: [f74c2e392b5c069a60f119b2aa26da33, actions {actions=[org.openqa.selenium.interactions.Sequence@360432d3, org.openqa.selenium.interactions.Sequence@6c2a7c73]}]\nCapabilities {acceptInsecureCerts: false, browserName: chrome, browserVersion: 116.0.5845.96, chrome: {chromedriverVersion: 116.0.5845.96 (1a3918166880..., userDataDir: C:\\Windows\\SystemTemp\\scope...}, fedcm:accounts: true, goog:chromeOptions: {debuggerAddress: localhost:54165}, networkConnectionEnabled: false, pageLoadStrategy: normal, platformName: windows, proxy: Proxy(), se:cdp: ws://localhost:54165/devtoo..., se:cdpVersion: 116.0.5845.96, setWindowRect: true, strictFileInteractability: false, timeouts: {implicit: 0, pageLoad: 300000, script: 30000}, unhandledPromptBehavior: dismiss and notify, webauthn:extension:credBlob: true, webauthn:extension:largeBlob: true, webauthn:extension:minPinLength: true, webauthn:extension:prf: true, webauthn:virtualAuthenticators: true}\nSession ID: f74c2e392b5c069a60f119b2aa26da33","time":{"start":1693244358816,"stop":1693244371628,"duration":12812}},{"uid":"ab829b7ff83d9173","reportUrl":"https://edgar8686.github.io/TestCapitalComJava/177//#testresult/ab829b7ff83d9173","status":"broken","statusDetails":"element not interactable: [object HTMLUListElement] has no size and location\n  (Session info: headless chrome=116.0.5845.96)\nBuild info: version: '4.11.0', revision: '040bc5406b'\nSystem info: os.name: 'Windows Server 2022', os.arch: 'amd64', os.version: '10.0', java.version: '11.0.20'\nDriver info: org.openqa.selenium.chrome.ChromeDriver\nCommand: [5e843116f383cdcbd1da68d6608aab84, actions {actions=[org.openqa.selenium.interactions.Sequence@2c9430c6, org.openqa.selenium.interactions.Sequence@66978c15]}]\nCapabilities {acceptInsecureCerts: false, browserName: chrome, browserVersion: 116.0.5845.96, chrome: {chromedriverVersion: 116.0.5845.96 (1a3918166880..., userDataDir: C:\\Windows\\SystemTemp\\scope...}, fedcm:accounts: true, goog:chromeOptions: {debuggerAddress: localhost:50080}, networkConnectionEnabled: false, pageLoadStrategy: normal, platformName: windows, proxy: Proxy(), se:cdp: ws://localhost:50080/devtoo..., se:cdpVersion: 116.0.5845.96, setWindowRect: true, strictFileInteractability: false, timeouts: {implicit: 0, pageLoad: 300000, script: 30000}, unhandledPromptBehavior: dismiss and notify, webauthn:extension:credBlob: true, webauthn:extension:largeBlob: true, webauthn:extension:minPinLength: true, webauthn:extension:prf: true, webauthn:virtualAuthenticators: true}\nSession ID: 5e843116f383cdcbd1da68d6608aab84","time":{"start":1693243833763,"stop":1693243842827,"duration":9064}},{"uid":"60cf64f947643e8e","reportUrl":"https://edgar8686.github.io/TestCapitalComJava/176//#testresult/60cf64f947643e8e","status":"passed","time":{"start":1693242960711,"stop":1693243012058,"duration":51347}},{"uid":"55344e9d12c56c20","reportUrl":"https://edgar8686.github.io/TestCapitalComJava/174//#testresult/55344e9d12c56c20","status":"broken","statusDetails":"element not interactable: [object HTMLUListElement] has no size and location\n  (Session info: headless chrome=116.0.5845.96)\nBuild info: version: '4.11.0', revision: '040bc5406b'\nSystem info: os.name: 'Windows Server 2022', os.arch: 'amd64', os.version: '10.0', java.version: '11.0.20'\nDriver info: org.openqa.selenium.chrome.ChromeDriver\nCommand: [94bc78dba0149ea4027084e1ce03b9ab, actions {actions=[org.openqa.selenium.interactions.Sequence@22825762, org.openqa.selenium.interactions.Sequence@34e7a627]}]\nCapabilities {acceptInsecureCerts: false, browserName: chrome, browserVersion: 116.0.5845.96, chrome: {chromedriverVersion: 116.0.5845.96 (1a3918166880..., userDataDir: C:\\Windows\\SystemTemp\\scope...}, fedcm:accounts: true, goog:chromeOptions: {debuggerAddress: localhost:50045}, networkConnectionEnabled: false, pageLoadStrategy: normal, platformName: windows, proxy: Proxy(), se:cdp: ws://localhost:50045/devtoo..., se:cdpVersion: 116.0.5845.96, setWindowRect: true, strictFileInteractability: false, timeouts: {implicit: 0, pageLoad: 300000, script: 30000}, unhandledPromptBehavior: dismiss and notify, webauthn:extension:credBlob: true, webauthn:extension:largeBlob: true, webauthn:extension:minPinLength: true, webauthn:extension:prf: true, webauthn:virtualAuthenticators: true}\nSession ID: 94bc78dba0149ea4027084e1ce03b9ab","time":{"start":1693242428165,"stop":1693242437174,"duration":9009}},{"uid":"868fca99f4af4662","reportUrl":"https://edgar8686.github.io/TestCapitalComJava/173//#testresult/868fca99f4af4662","status":"broken","statusDetails":"stale element reference: stale element not found\n  (Session info: headless chrome=116.0.5845.96)\nFor documentation on this error, please visit: https://www.selenium.dev/documentation/webdriver/troubleshooting/errors#stale-element-reference-exception\nBuild info: version: '4.11.0', revision: '040bc5406b'\nSystem info: os.name: 'Windows Server 2022', os.arch: 'amd64', os.version: '10.0', java.version: '11.0.20'\nDriver info: org.openqa.selenium.chrome.ChromeDriver\nCommand: [31576e70c8cc86afa4ca79ab0b745d3d, actions {actions=[org.openqa.selenium.interactions.Sequence@6c2a7c73, org.openqa.selenium.interactions.Sequence@3ade99bb]}]\nCapabilities {acceptInsecureCerts: false, browserName: chrome, browserVersion: 116.0.5845.96, chrome: {chromedriverVersion: 116.0.5845.96 (1a3918166880..., userDataDir: C:\\Windows\\SystemTemp\\scope...}, fedcm:accounts: true, goog:chromeOptions: {debuggerAddress: localhost:65079}, networkConnectionEnabled: false, pageLoadStrategy: normal, platformName: windows, proxy: Proxy(), se:cdp: ws://localhost:65079/devtoo..., se:cdpVersion: 116.0.5845.96, setWindowRect: true, strictFileInteractability: false, timeouts: {implicit: 0, pageLoad: 300000, script: 30000}, unhandledPromptBehavior: dismiss and notify, webauthn:extension:credBlob: true, webauthn:extension:largeBlob: true, webauthn:extension:minPinLength: true, webauthn:extension:prf: true, webauthn:virtualAuthenticators: true}\nSession ID: 31576e70c8cc86afa4ca79ab0b745d3d","time":{"start":1693241038868,"stop":1693241049339,"duration":10471}},{"uid":"33424a7ee818336a","reportUrl":"https://edgar8686.github.io/TestCapitalComJava/172//#testresult/33424a7ee818336a","status":"broken","statusDetails":"element not interactable: [object HTMLUListElement] has no size and location\n  (Session info: chrome=116.0.5845.96)\nBuild info: version: '4.11.0', revision: '040bc5406b'\nSystem info: os.name: 'Windows Server 2022', os.arch: 'amd64', os.version: '10.0', java.version: '11.0.20'\nDriver info: org.openqa.selenium.chrome.ChromeDriver\nCommand: [baf80157b175344958d05186f999763a, actions {actions=[org.openqa.selenium.interactions.Sequence@1c5f6292, org.openqa.selenium.interactions.Sequence@684a34f4]}]\nCapabilities {acceptInsecureCerts: false, browserName: chrome, browserVersion: 116.0.5845.96, chrome: {chromedriverVersion: 116.0.5845.96 (1a3918166880..., userDataDir: C:\\Windows\\SystemTemp\\scope...}, fedcm:accounts: true, goog:chromeOptions: {debuggerAddress: localhost:57122}, networkConnectionEnabled: false, pageLoadStrategy: normal, platformName: windows, proxy: Proxy(), se:cdp: ws://localhost:57122/devtoo..., se:cdpVersion: 116.0.5845.96, setWindowRect: true, strictFileInteractability: false, timeouts: {implicit: 0, pageLoad: 300000, script: 30000}, unhandledPromptBehavior: dismiss and notify, webauthn:extension:credBlob: true, webauthn:extension:largeBlob: true, webauthn:extension:minPinLength: true, webauthn:extension:prf: true, webauthn:virtualAuthenticators: true}\nSession ID: baf80157b175344958d05186f999763a","time":{"start":1693240365857,"stop":1693240376751,"duration":10894}},{"uid":"6e1cd096cd64d73a","reportUrl":"https://edgar8686.github.io/TestCapitalComJava/171//#testresult/6e1cd096cd64d73a","status":"broken","statusDetails":"stale element reference: stale element not found\n  (Session info: headless chrome=116.0.5845.96)\nFor documentation on this error, please visit: https://www.selenium.dev/documentation/webdriver/troubleshooting/errors#stale-element-reference-exception\nBuild info: version: '4.11.0', revision: '040bc5406b'\nSystem info: os.name: 'Windows Server 2022', os.arch: 'amd64', os.version: '10.0', java.version: '11.0.20'\nDriver info: org.openqa.selenium.chrome.ChromeDriver\nCommand: [0546610d53a6e2d4fb176ca21d453fb4, actions {actions=[org.openqa.selenium.interactions.Sequence@50ad5625, org.openqa.selenium.interactions.Sequence@1d921267]}]\nCapabilities {acceptInsecureCerts: false, browserName: chrome, browserVersion: 116.0.5845.96, chrome: {chromedriverVersion: 116.0.5845.96 (1a3918166880..., userDataDir: C:\\Windows\\SystemTemp\\scope...}, fedcm:accounts: true, goog:chromeOptions: {debuggerAddress: localhost:63276}, networkConnectionEnabled: false, pageLoadStrategy: normal, platformName: windows, proxy: Proxy(), se:cdp: ws://localhost:63276/devtoo..., se:cdpVersion: 116.0.5845.96, setWindowRect: true, strictFileInteractability: false, timeouts: {implicit: 0, pageLoad: 300000, script: 30000}, unhandledPromptBehavior: dismiss and notify, webauthn:extension:credBlob: true, webauthn:extension:largeBlob: true, webauthn:extension:minPinLength: true, webauthn:extension:prf: true, webauthn:virtualAuthenticators: true}\nSession ID: 0546610d53a6e2d4fb176ca21d453fb4","time":{"start":1693239502187,"stop":1693239513692,"duration":11505}},{"uid":"6beb048e99b65abc","reportUrl":"https://edgar8686.github.io/TestCapitalComJava/170//#testresult/6beb048e99b65abc","status":"passed","time":{"start":1693238166544,"stop":1693238213237,"duration":46693}},{"uid":"80eaf85d6bf6831f","reportUrl":"https://edgar8686.github.io/TestCapitalComJava/169//#testresult/80eaf85d6bf6831f","status":"passed","time":{"start":1693236238616,"stop":1693236290824,"duration":52208}},{"uid":"a43725cfb98489ff","reportUrl":"https://edgar8686.github.io/TestCapitalComJava/168//#testresult/a43725cfb98489ff","status":"broken","statusDetails":"Test Skipped: ETF trading not found. For tests on language the page Education->ETF trading doesn't exist on production","time":{"start":1693153355869,"stop":1693153405328,"duration":49459}}]},"tags":["us_11_02_07"]},"source":"1fd0fd942764ece3.json","parameterValues":["aqa.tomelo.an@gmail.com","iT9Vgqi6d$fiZ*Z","en","gb"]}