{"uid":"4b4757e66a1912dae1a509f688f20b0f","children":[{"name":"Product defects","children":[{"name":"TC_11-02-07_03 (UnAuth) check (7 failures)\r\n\torg.opentest4j.AssertionFailedError: expected: <true> but was: <false>\r\n\torg.opentest4j.AssertionFailedError: expected: <true> but was: <false>\r\n\torg.opentest4j.AssertionFailedError: expected: <true> but was: <false>\r\n\torg.opentest4j.AssertionFailedError: expected: <true> but was: <false>\r\n\torg.opentest4j.AssertionFailedError: expected: <true> but was: <false>\r\n\torg.opentest4j.AssertionFailedError: expected: <true> but was: <false>\r\n\torg.opentest4j.AssertionFailedError: expected: <true> but was: <false>","children":[{"name":"TC_11-02-07_03 (UnAuth) [1] de, Germany","uid":"323f74b209fd9fc8","parentUid":"e0e8e77caa90876983b3581b95e31964","status":"failed","time":{"start":1692204334702,"stop":1692204378543,"duration":43841},"flaky":false,"newFailed":false,"newPassed":false,"newBroken":false,"retriesCount":0,"retriesStatusChange":false,"parameters":["de","Germany"]}],"uid":"e0e8e77caa90876983b3581b95e31964"},{"name":"TC_11-02-07_03 (Auth) check (1 failure)\r\n\torg.opentest4j.AssertionFailedError: expected: <true> but was: <false>","children":[{"name":"TC_11-02-07_03 (Auth) [1] de, Germany","uid":"c9181d1666a00e60","parentUid":"c0cd8a454e98f7327bc1180352085d8e","status":"failed","time":{"start":1692204378647,"stop":1692204412172,"duration":33525},"flaky":false,"newFailed":true,"newPassed":false,"newBroken":false,"retriesCount":0,"retriesStatusChange":false,"parameters":["de","Germany"]}],"uid":"c0cd8a454e98f7327bc1180352085d8e"},{"name":"TC_11-02-07_04 (Auth) check (3 failures)\r\n\torg.openqa.selenium.NoSuchElementException: no such element: Unable to locate element: {\"method\":\"css selector\",\"selector\":\".account__mode.account__mode_demo\"}\n  (Session info: headless chrome=115.0.5790.171)\nFor documentation on this error, please visit: https://www.selenium.dev/documentation/webdriver/troubleshooting/errors#no-such-element-exception\nBuild info: version: '4.11.0', revision: '040bc5406b'\nSystem info: os.name: 'Windows Server 2022', os.arch: 'amd64', os.version: '10.0', java.version: '11.0.20'\nDriver info: org.openqa.selenium.chrome.ChromeDriver\nCommand: [cd2eeb0367d9b88f8a5e7c958508dc79, findElement {using=css selector, value=.account__mode.account__mode_demo}]\nCapabilities {acceptInsecureCerts: false, browserName: chrome, browserVersion: 115.0.5790.171, chrome: {chromedriverVersion: 115.0.5790.170 (cc0d30c2ca5..., userDataDir: C:\\Windows\\SystemTemp\\scope...}, goog:chromeOptions: {debuggerAddress: localhost:51696}, networkConnectionEnabled: false, pageLoadStrategy: normal, platformName: windows, proxy: Proxy(), se:cdp: ws://localhost:51696/devtoo..., se:cdpVersion: 115.0.5790.171, setWindowRect: true, strictFileInteractability: false, timeouts: {implicit: 0, pageLoad: 300000, script: 30000}, unhandledPromptBehavior: dismiss and notify, webauthn:extension:credBlob: true, webauthn:extension:largeBlob: true, webauthn:extension:minPinLength: true, webauthn:extension:prf: true, webauthn:virtualAuthenticators: true}\nSession ID: cd2eeb0367d9b88f8a5e7c958508dc79\r\n\torg.openqa.selenium.NoSuchElementException: no such element: Unable to locate element: {\"method\":\"css selector\",\"selector\":\"object[class='logo'][data='./assets/pic/logo.svg'][type='image/svg+xml']\"}\n  (Session info: headless chrome=115.0.5790.171)\nFor documentation on this error, please visit: https://www.selenium.dev/documentation/webdriver/troubleshooting/errors#no-such-element-exception\nBuild info: version: '4.11.0', revision: '040bc5406b'\nSystem info: os.name: 'Windows Server 2022', os.arch: 'amd64', os.version: '10.0', java.version: '11.0.20'\nDriver info: org.openqa.selenium.chrome.ChromeDriver\nCommand: [cd2eeb0367d9b88f8a5e7c958508dc79, findElement {using=css selector, value=object[class='logo'][data='./assets/pic/logo.svg'][type='image/svg+xml']}]\nCapabilities {acceptInsecureCerts: false, browserName: chrome, browserVersion: 115.0.5790.171, chrome: {chromedriverVersion: 115.0.5790.170 (cc0d30c2ca5..., userDataDir: C:\\Windows\\SystemTemp\\scope...}, goog:chromeOptions: {debuggerAddress: localhost:51696}, networkConnectionEnabled: false, pageLoadStrategy: normal, platformName: windows, proxy: Proxy(), se:cdp: ws://localhost:51696/devtoo..., se:cdpVersion: 115.0.5790.171, setWindowRect: true, strictFileInteractability: false, timeouts: {implicit: 0, pageLoad: 300000, script: 30000}, unhandledPromptBehavior: dismiss and notify, webauthn:extension:credBlob: true, webauthn:extension:largeBlob: true, webauthn:extension:minPinLength: true, webauthn:extension:prf: true, webauthn:virtualAuthenticators: true}\nSession ID: cd2eeb0367d9b88f8a5e7c958508dc79\r\n\torg.opentest4j.AssertionFailedError: expected: <true> but was: <false>","children":[{"name":"TC_11-02-07_04 (Auth) [1] de, Germany","uid":"92c70db2dcf77091","parentUid":"10d868ec01ed1621081c221672d99a57","status":"failed","time":{"start":1692204414278,"stop":1692204457407,"duration":43129},"flaky":false,"newFailed":true,"newPassed":false,"newBroken":false,"retriesCount":0,"retriesStatusChange":false,"parameters":["de","Germany"]}],"uid":"10d868ec01ed1621081c221672d99a57"},{"name":"TC_11-02-07_04 (UnAuth) check (7 failures)\r\n\torg.opentest4j.AssertionFailedError: expected: <true> but was: <false>\r\n\torg.opentest4j.AssertionFailedError: expected: <true> but was: <false>\r\n\torg.opentest4j.AssertionFailedError: expected: <true> but was: <false>\r\n\torg.opentest4j.AssertionFailedError: expected: <true> but was: <false>\r\n\torg.opentest4j.AssertionFailedError: expected: <true> but was: <false>\r\n\torg.opentest4j.AssertionFailedError: expected: <true> but was: <false>\r\n\torg.opentest4j.AssertionFailedError: expected: <true> but was: <false>","children":[{"name":"TC_11-02-07_04 (UnAuth) [1] de, Germany","uid":"5f6845af71378621","parentUid":"6f61025f4091d65bccde0c31d0ae6e69","status":"failed","time":{"start":1692204485377,"stop":1692204527007,"duration":41630},"flaky":false,"newFailed":false,"newPassed":false,"newBroken":false,"retriesCount":0,"retriesStatusChange":false,"parameters":["de","Germany"]}],"uid":"6f61025f4091d65bccde0c31d0ae6e69"}],"uid":"8fb3a91ba5aaf9de24cc8a92edc82b5d"}],"name":"categories"}