{"uid":"58434b63818c0754","name":"TC_11-02-07_05 (Auth) [1] it, gb","fullName":"US_11_02_07.TradeOnWidgetTest.tradeAuth","historyId":"d38f8ae0cadcff3ce29b1d919b83abba","time":{"start":1700936848111,"stop":1700936848111,"duration":0},"description":"Check: Education > Menu Item [ETF trading] > Test button [Trade] on Widget 'Most Traded'","descriptionHtml":"<p>Check: Education &gt; Menu Item [ETF trading] &gt; Test button [Trade] on Widget 'Most Traded'</p>\n","status":"skipped","statusMessage":"Test Skipped: ETF trading not found. For tests on language it and on Country gb the page Education->ETF trading doesn't exist on production","flaky":false,"newFailed":false,"newBroken":false,"newPassed":false,"retriesCount":0,"retriesStatusChange":false,"beforeStages":[{"name":"init","time":{"start":1700936847336,"stop":1700936848011,"duration":675},"status":"passed","steps":[],"attachments":[{"uid":"c06cc8b3e9b91b44","name":"Browser","source":"c06cc8b3e9b91b44.txt","type":"text/plain","size":6}],"parameters":[],"shouldDisplayMessage":false,"stepsCount":0,"attachmentsCount":1,"hasContent":true}],"afterStages":[{"name":"close","time":{"start":1700937139916,"stop":1700937140836,"duration":920},"status":"passed","steps":[{"name":"Driver is quit","time":{"start":1700937140836,"stop":1700937140836,"duration":0},"status":"passed","steps":[],"attachments":[],"parameters":[],"shouldDisplayMessage":false,"stepsCount":0,"attachmentsCount":0,"hasContent":false}],"attachments":[],"parameters":[],"shouldDisplayMessage":false,"stepsCount":1,"attachmentsCount":0,"hasContent":true}],"labels":[{"name":"tag","value":"us_11_02_07"},{"name":"junit.platform.uniqueid","value":"[engine:junit-jupiter]/[class:US_11_02_07.TradeOnWidgetTest]/[test-template:tradeAuth(java.lang.String, java.lang.String)]/[test-template-invocation:#1]"},{"name":"epic","value":"US_11_Education 11-02-07_ETF_trading"},{"name":"story","value":"TC_11.02.07_05 | Testing button [Trade] on Widget 'Most Traded'"},{"name":"feature","value":"Role: Auth / TS_11.02.07 | Education > Menu Item [ETF trading]"},{"name":"owner","value":"Edgar Nurmagomedov"},{"name":"host","value":"fv-az653-974"},{"name":"thread","value":"4560@fv-az653-974.Test worker(1)"},{"name":"framework","value":"junit-platform"},{"name":"language","value":"java"},{"name":"package","value":"US_11_02_07.TradeOnWidgetTest"},{"name":"testClass","value":"US_11_02_07.TradeOnWidgetTest"},{"name":"testMethod","value":"tradeAuth"},{"name":"suite","value":"US_11_02_07.TradeOnWidgetTest"},{"name":"resultFormat","value":"allure2"}],"parameters":[],"links":[],"hidden":false,"retry":false,"extra":{"severity":"normal","owner":"Edgar Nurmagomedov","retries":[],"categories":[],"history":{"statistic":{"failed":2,"broken":0,"skipped":2,"passed":5,"unknown":0,"total":9},"items":[{"uid":"afa527a84b96a20f","reportUrl":"https://edgar8686.github.io/TestCapitalComJava/236//#testresult/afa527a84b96a20f","status":"skipped","statusDetails":"Test Skipped: ETF trading not found. For tests on language it and on Country gb the page Education->ETF trading doesn't exist on production","time":{"start":1700933987517,"stop":1700933987517,"duration":0}},{"uid":"e479f8d4d909bf49","reportUrl":"https://edgar8686.github.io/TestCapitalComJava/233//#testresult/e479f8d4d909bf49","status":"passed","time":{"start":1696092456081,"stop":1696092496308,"duration":40227}},{"uid":"ee4718a6e4157c97","reportUrl":"https://edgar8686.github.io/TestCapitalComJava/232//#testresult/ee4718a6e4157c97","status":"passed","time":{"start":1696087471400,"stop":1696087513314,"duration":41914}},{"uid":"9f3ed2a8dc944f10","reportUrl":"https://edgar8686.github.io/TestCapitalComJava/231//#testresult/9f3ed2a8dc944f10","status":"failed","statusDetails":"Failed: Trade element is not active on the platform (Auth) (2 failures)\r\n\torg.openqa.selenium.NoSuchElementException: no such element: Unable to locate element: {\"method\":\"xpath\",\"selector\":\"//*[text()=' Apple Inc (Extended Hours) ']\"}\n  (Session info: headless chrome=117.0.5938.89)\nFor documentation on this error, please visit: https://www.selenium.dev/documentation/webdriver/troubleshooting/errors#no-such-element-exception\nBuild info: version: '4.12.0', revision: '249f2a7d1b*'\nSystem info: os.name: 'Windows Server 2022', os.arch: 'amd64', os.version: '10.0', java.version: '11.0.20.1'\nDriver info: org.openqa.selenium.chrome.ChromeDriver\nCommand: [3bac5c73c0ff3078aa5310258e6e73d0, findElement {using=xpath, value=//*[text()=' Apple Inc (Extended Hours) ']}]\nCapabilities {acceptInsecureCerts: false, browserName: chrome, browserVersion: 117.0.5938.89, chrome: {chromedriverVersion: 117.0.5938.92 (67649b10b92b..., userDataDir: C:\\Windows\\SystemTemp\\scope...}, fedcm:accounts: true, goog:chromeOptions: {debuggerAddress: localhost:60597}, networkConnectionEnabled: false, pageLoadStrategy: normal, platformName: windows, proxy: Proxy(), se:cdp: ws://localhost:60597/devtoo..., se:cdpVersion: 117.0.5938.89, setWindowRect: true, strictFileInteractability: false, timeouts: {implicit: 0, pageLoad: 300000, script: 30000}, unhandledPromptBehavior: dismiss and notify, webauthn:extension:credBlob: true, webauthn:extension:largeBlob: true, webauthn:extension:minPinLength: true, webauthn:extension:prf: true, webauthn:virtualAuthenticators: true}\nSession ID: 3bac5c73c0ff3078aa5310258e6e73d0\r\n\torg.openqa.selenium.NoSuchElementException: no such element: Unable to locate element: {\"method\":\"xpath\",\"selector\":\"//div[@class='state-item-button active selected']//div[text()='Apple Inc (Extended Hours)']\"}\n  (Session info: headless chrome=117.0.5938.89)\nFor documentation on this error, please visit: https://www.selenium.dev/documentation/webdriver/troubleshooting/errors#no-such-element-exception\nBuild info: version: '4.12.0', revision: '249f2a7d1b*'\nSystem info: os.name: 'Windows Server 2022', os.arch: 'amd64', os.version: '10.0', java.version: '11.0.20.1'\nDriver info: org.openqa.selenium.chrome.ChromeDriver\nCommand: [3bac5c73c0ff3078aa5310258e6e73d0, findElement {using=xpath, value=//div[@class='state-item-button active selected']//div[text()='Apple Inc (Extended Hours)']}]\nCapabilities {acceptInsecureCerts: false, browserName: chrome, browserVersion: 117.0.5938.89, chrome: {chromedriverVersion: 117.0.5938.92 (67649b10b92b..., userDataDir: C:\\Windows\\SystemTemp\\scope...}, fedcm:accounts: true, goog:chromeOptions: {debuggerAddress: localhost:60597}, networkConnectionEnabled: false, pageLoadStrategy: normal, platformName: windows, proxy: Proxy(), se:cdp: ws://localhost:60597/devtoo..., se:cdpVersion: 117.0.5938.89, setWindowRect: true, strictFileInteractability: false, timeouts: {implicit: 0, pageLoad: 300000, script: 30000}, unhandledPromptBehavior: dismiss and notify, webauthn:extension:credBlob: true, webauthn:extension:largeBlob: true, webauthn:extension:minPinLength: true, webauthn:extension:prf: true, webauthn:virtualAuthenticators: true}\nSession ID: 3bac5c73c0ff3078aa5310258e6e73d0","time":{"start":1695839223919,"stop":1695839277204,"duration":53285}},{"uid":"792606fea8050579","reportUrl":"https://edgar8686.github.io/TestCapitalComJava/229//#testresult/792606fea8050579","status":"passed","time":{"start":1695660013241,"stop":1695660055451,"duration":42210}},{"uid":"e8a463f61d31314b","reportUrl":"https://edgar8686.github.io/TestCapitalComJava/228//#testresult/e8a463f61d31314b","status":"passed","time":{"start":1695658896383,"stop":1695658939206,"duration":42823}},{"uid":"6a5a9b6257b62bfa","reportUrl":"https://edgar8686.github.io/TestCapitalComJava/227//#testresult/6a5a9b6257b62bfa","status":"failed","statusDetails":"Failed: Trade element is not active on the platform (Auth) (2 failures)\r\n\torg.openqa.selenium.NoSuchElementException: no such element: Unable to locate element: {\"method\":\"xpath\",\"selector\":\"//*[text()=' Apple Inc (Extended Hours) ']\"}\n  (Session info: headless chrome=117.0.5938.89)\nFor documentation on this error, please visit: https://www.selenium.dev/documentation/webdriver/troubleshooting/errors#no-such-element-exception\nBuild info: version: '4.12.0', revision: '249f2a7d1b*'\nSystem info: os.name: 'Windows Server 2022', os.arch: 'amd64', os.version: '10.0', java.version: '11.0.20.1'\nDriver info: org.openqa.selenium.chrome.ChromeDriver\nCommand: [d789c57cdbd57ad6d25516749aeee8eb, findElement {using=xpath, value=//*[text()=' Apple Inc (Extended Hours) ']}]\nCapabilities {acceptInsecureCerts: false, browserName: chrome, browserVersion: 117.0.5938.89, chrome: {chromedriverVersion: 117.0.5938.92 (67649b10b92b..., userDataDir: C:\\Windows\\SystemTemp\\scope...}, fedcm:accounts: true, goog:chromeOptions: {debuggerAddress: localhost:60393}, networkConnectionEnabled: false, pageLoadStrategy: normal, platformName: windows, proxy: Proxy(), se:cdp: ws://localhost:60393/devtoo..., se:cdpVersion: 117.0.5938.89, setWindowRect: true, strictFileInteractability: false, timeouts: {implicit: 0, pageLoad: 300000, script: 30000}, unhandledPromptBehavior: dismiss and notify, webauthn:extension:credBlob: true, webauthn:extension:largeBlob: true, webauthn:extension:minPinLength: true, webauthn:extension:prf: true, webauthn:virtualAuthenticators: true}\nSession ID: d789c57cdbd57ad6d25516749aeee8eb\r\n\torg.openqa.selenium.NoSuchElementException: no such element: Unable to locate element: {\"method\":\"xpath\",\"selector\":\"//div[@class='state-item-button active selected']//div[text()='Apple Inc (Extended Hours)']\"}\n  (Session info: headless chrome=117.0.5938.89)\nFor documentation on this error, please visit: https://www.selenium.dev/documentation/webdriver/troubleshooting/errors#no-such-element-exception\nBuild info: version: '4.12.0', revision: '249f2a7d1b*'\nSystem info: os.name: 'Windows Server 2022', os.arch: 'amd64', os.version: '10.0', java.version: '11.0.20.1'\nDriver info: org.openqa.selenium.chrome.ChromeDriver\nCommand: [d789c57cdbd57ad6d25516749aeee8eb, findElement {using=xpath, value=//div[@class='state-item-button active selected']//div[text()='Apple Inc (Extended Hours)']}]\nCapabilities {acceptInsecureCerts: false, browserName: chrome, browserVersion: 117.0.5938.89, chrome: {chromedriverVersion: 117.0.5938.92 (67649b10b92b..., userDataDir: C:\\Windows\\SystemTemp\\scope...}, fedcm:accounts: true, goog:chromeOptions: {debuggerAddress: localhost:60393}, networkConnectionEnabled: false, pageLoadStrategy: normal, platformName: windows, proxy: Proxy(), se:cdp: ws://localhost:60393/devtoo..., se:cdpVersion: 117.0.5938.89, setWindowRect: true, strictFileInteractability: false, timeouts: {implicit: 0, pageLoad: 300000, script: 30000}, unhandledPromptBehavior: dismiss and notify, webauthn:extension:credBlob: true, webauthn:extension:largeBlob: true, webauthn:extension:minPinLength: true, webauthn:extension:prf: true, webauthn:virtualAuthenticators: true}\nSession ID: d789c57cdbd57ad6d25516749aeee8eb","time":{"start":1695402393883,"stop":1695402445999,"duration":52116}},{"uid":"812517bb755616af","reportUrl":"https://edgar8686.github.io/TestCapitalComJava/223//#testresult/812517bb755616af","status":"passed","time":{"start":1695230441757,"stop":1695230483984,"duration":42227}}]},"tags":["us_11_02_07"]},"source":"58434b63818c0754.json","parameterValues":[]}