{"uid":"9549eb6530fe8a6b","name":"TC_11-02-07_04 (Auth) [1] de, Germany","fullName":"US_11_02_07.TryDemoTest.tryDemoAuth","historyId":"3bd4e68b0959af773ea52dc71923f9e7","time":{"start":1692208879096,"stop":1692208914196,"duration":35100},"description":"Check: Education > Menu Item [ETF trading] > Test button [TryDemo]","descriptionHtml":"<p>Check: Education &gt; Menu Item [ETF trading] &gt; Test button [TryDemo]</p>\n","status":"passed","flaky":false,"newFailed":false,"newBroken":false,"newPassed":true,"retriesCount":0,"retriesStatusChange":false,"beforeStages":[{"name":"init","time":{"start":1692208878033,"stop":1692208879033,"duration":1000},"status":"passed","steps":[],"attachments":[{"uid":"baac30fb51a8ccce","name":"Browser","source":"baac30fb51a8ccce.txt","type":"text/plain","size":15}],"parameters":[],"stepsCount":0,"attachmentsCount":1,"shouldDisplayMessage":false,"hasContent":true}],"testStage":{"description":"Check: Education > Menu Item [ETF trading] > Test button [TryDemo]","status":"passed","steps":[],"attachments":[{"uid":"4ba78b126bd595bc","name":"Email","source":"4ba78b126bd595bc.txt","type":"text/plain","size":23},{"uid":"cbab5119ff7c5771","name":"Password","source":"cbab5119ff7c5771.txt","type":"text/plain","size":15}],"parameters":[],"stepsCount":0,"attachmentsCount":2,"shouldDisplayMessage":false,"hasContent":true},"afterStages":[{"name":"close","time":{"start":1692208982524,"stop":1692208983482,"duration":958},"status":"passed","steps":[],"attachments":[],"parameters":[],"stepsCount":0,"attachmentsCount":0,"shouldDisplayMessage":false,"hasContent":false}],"labels":[{"name":"junit.platform.uniqueid","value":"[engine:junit-jupiter]/[class:US_11_02_07.TryDemoTest]/[test-template:tryDemoAuth(java.lang.String, java.lang.String)]/[test-template-invocation:#1]"},{"name":"epic","value":"tests.US_11_Education.11-02-07_ETF_trading"},{"name":"owner","value":"Edgar Nurmagomedov"},{"name":"story","value":"TestETFTrading"},{"name":"feature","value":"US_11-02-07_ETF_trading"},{"name":"host","value":"fv-az277-653"},{"name":"thread","value":"5404@fv-az277-653.Test worker(1)"},{"name":"framework","value":"junit-platform"},{"name":"language","value":"java"},{"name":"package","value":"US_11_02_07.TryDemoTest"},{"name":"testClass","value":"US_11_02_07.TryDemoTest"},{"name":"testMethod","value":"tryDemoAuth"},{"name":"suite","value":"US_11_02_07.TryDemoTest"},{"name":"resultFormat","value":"allure2"}],"parameters":[{"name":"arg0","value":"de"},{"name":"arg1","value":"Germany"}],"links":[],"hidden":false,"retry":false,"extra":{"severity":"normal","owner":"Edgar Nurmagomedov","retries":[],"categories":[],"history":{"statistic":{"failed":1,"broken":1,"skipped":0,"passed":4,"unknown":0,"total":6},"items":[{"uid":"5b091e38c1221b86","reportUrl":"https://edgar8686.github.io/TestCapitalComJava/151//#testresult/5b091e38c1221b86","status":"broken","statusDetails":"element not interactable: [object HTMLInputElement] has no size and location\n  (Session info: chrome=115.0.5790.171)\nBuild info: version: '4.11.0', revision: '040bc5406b'\nSystem info: os.name: 'Windows Server 2022', os.arch: 'amd64', os.version: '10.0', java.version: '11.0.20'\nDriver info: org.openqa.selenium.chrome.ChromeDriver\nCommand: [ae97713c680a9f430f377fa8b865d437, actions {actions=[org.openqa.selenium.interactions.Sequence@18ada4e1, org.openqa.selenium.interactions.Sequence@10cf3e4f]}]\nCapabilities {acceptInsecureCerts: false, browserName: chrome, browserVersion: 115.0.5790.171, chrome: {chromedriverVersion: 115.0.5790.170 (cc0d30c2ca5..., userDataDir: C:\\Windows\\SystemTemp\\scope...}, goog:chromeOptions: {debuggerAddress: localhost:61032}, networkConnectionEnabled: false, pageLoadStrategy: normal, platformName: windows, proxy: Proxy(), se:cdp: ws://localhost:61032/devtoo..., se:cdpVersion: 115.0.5790.171, setWindowRect: true, strictFileInteractability: false, timeouts: {implicit: 0, pageLoad: 300000, script: 30000}, unhandledPromptBehavior: dismiss and notify, webauthn:extension:credBlob: true, webauthn:extension:largeBlob: true, webauthn:extension:minPinLength: true, webauthn:extension:prf: true, webauthn:virtualAuthenticators: true}\nSession ID: ae97713c680a9f430f377fa8b865d437","time":{"start":1692207992999,"stop":1692207998263,"duration":5264}},{"uid":"92c70db2dcf77091","reportUrl":"https://edgar8686.github.io/TestCapitalComJava/150//#testresult/92c70db2dcf77091","status":"failed","statusDetails":"TC_11-02-07_04 (Auth) check (3 failures)\r\n\torg.openqa.selenium.NoSuchElementException: no such element: Unable to locate element: {\"method\":\"css selector\",\"selector\":\".account__mode.account__mode_demo\"}\n  (Session info: headless chrome=115.0.5790.171)\nFor documentation on this error, please visit: https://www.selenium.dev/documentation/webdriver/troubleshooting/errors#no-such-element-exception\nBuild info: version: '4.11.0', revision: '040bc5406b'\nSystem info: os.name: 'Windows Server 2022', os.arch: 'amd64', os.version: '10.0', java.version: '11.0.20'\nDriver info: org.openqa.selenium.chrome.ChromeDriver\nCommand: [cd2eeb0367d9b88f8a5e7c958508dc79, findElement {using=css selector, value=.account__mode.account__mode_demo}]\nCapabilities {acceptInsecureCerts: false, browserName: chrome, browserVersion: 115.0.5790.171, chrome: {chromedriverVersion: 115.0.5790.170 (cc0d30c2ca5..., userDataDir: C:\\Windows\\SystemTemp\\scope...}, goog:chromeOptions: {debuggerAddress: localhost:51696}, networkConnectionEnabled: false, pageLoadStrategy: normal, platformName: windows, proxy: Proxy(), se:cdp: ws://localhost:51696/devtoo..., se:cdpVersion: 115.0.5790.171, setWindowRect: true, strictFileInteractability: false, timeouts: {implicit: 0, pageLoad: 300000, script: 30000}, unhandledPromptBehavior: dismiss and notify, webauthn:extension:credBlob: true, webauthn:extension:largeBlob: true, webauthn:extension:minPinLength: true, webauthn:extension:prf: true, webauthn:virtualAuthenticators: true}\nSession ID: cd2eeb0367d9b88f8a5e7c958508dc79\r\n\torg.openqa.selenium.NoSuchElementException: no such element: Unable to locate element: {\"method\":\"css selector\",\"selector\":\"object[class='logo'][data='./assets/pic/logo.svg'][type='image/svg+xml']\"}\n  (Session info: headless chrome=115.0.5790.171)\nFor documentation on this error, please visit: https://www.selenium.dev/documentation/webdriver/troubleshooting/errors#no-such-element-exception\nBuild info: version: '4.11.0', revision: '040bc5406b'\nSystem info: os.name: 'Windows Server 2022', os.arch: 'amd64', os.version: '10.0', java.version: '11.0.20'\nDriver info: org.openqa.selenium.chrome.ChromeDriver\nCommand: [cd2eeb0367d9b88f8a5e7c958508dc79, findElement {using=css selector, value=object[class='logo'][data='./assets/pic/logo.svg'][type='image/svg+xml']}]\nCapabilities {acceptInsecureCerts: false, browserName: chrome, browserVersion: 115.0.5790.171, chrome: {chromedriverVersion: 115.0.5790.170 (cc0d30c2ca5..., userDataDir: C:\\Windows\\SystemTemp\\scope...}, goog:chromeOptions: {debuggerAddress: localhost:51696}, networkConnectionEnabled: false, pageLoadStrategy: normal, platformName: windows, proxy: Proxy(), se:cdp: ws://localhost:51696/devtoo..., se:cdpVersion: 115.0.5790.171, setWindowRect: true, strictFileInteractability: false, timeouts: {implicit: 0, pageLoad: 300000, script: 30000}, unhandledPromptBehavior: dismiss and notify, webauthn:extension:credBlob: true, webauthn:extension:largeBlob: true, webauthn:extension:minPinLength: true, webauthn:extension:prf: true, webauthn:virtualAuthenticators: true}\nSession ID: cd2eeb0367d9b88f8a5e7c958508dc79\r\n\torg.opentest4j.AssertionFailedError: expected: <true> but was: <false>","time":{"start":1692204414278,"stop":1692204457407,"duration":43129}},{"uid":"2f1066336118a4f0","reportUrl":"https://edgar8686.github.io/TestCapitalComJava/149//#testresult/2f1066336118a4f0","status":"passed","time":{"start":1692119699012,"stop":1692119736209,"duration":37197}},{"uid":"f62ec782137f4f8e","reportUrl":"https://edgar8686.github.io/TestCapitalComJava/148//#testresult/f62ec782137f4f8e","status":"passed","time":{"start":1692118863931,"stop":1692118898288,"duration":34357}},{"uid":"825e419227b31f26","reportUrl":"https://edgar8686.github.io/TestCapitalComJava/147//#testresult/825e419227b31f26","status":"passed","time":{"start":1692117790933,"stop":1692117823268,"duration":32335}}]},"tags":[]},"source":"9549eb6530fe8a6b.json","parameterValues":["de","Germany"]}