{"59467bd8adfd0f99600968de7aab76fe":{"statistic":{"failed":3,"broken":4,"skipped":2,"passed":9,"unknown":0,"total":18},"items":[{"uid":"2a4e0a13e022e8e6","reportUrl":"https://edgar8686.github.io/TestCapitalComJava/214//#testresult/2a4e0a13e022e8e6","status":"passed","time":{"start":1694867982497,"stop":1694868027745,"duration":45248}},{"uid":"e7c34d0f4aa3137d","reportUrl":"https://edgar8686.github.io/TestCapitalComJava/212//#testresult/e7c34d0f4aa3137d","status":"broken","statusDetails":"java.lang.reflect.InvocationTargetException\nBuild info: version: '4.12.0', revision: '249f2a7d1b*'\nSystem info: os.name: 'Windows Server 2022', os.arch: 'amd64', os.version: '10.0', java.version: '11.0.20.1'\nDriver info: org.openqa.selenium.chrome.ChromeDriver\nCommand: [cb7c47e162fc41ae59ee6e43023cfd74, actions {actions=[org.openqa.selenium.interactions.Sequence@5a3783e4]}]\nCapabilities {acceptInsecureCerts: false, browserName: chrome, browserVersion: 116.0.5845.141, chrome: {chromedriverVersion: 116.0.5845.96 (1a3918166880..., userDataDir: C:\\Windows\\SystemTemp\\scope...}, fedcm:accounts: true, goog:chromeOptions: {debuggerAddress: localhost:56126}, networkConnectionEnabled: false, pageLoadStrategy: normal, platformName: windows, proxy: Proxy(), se:cdp: ws://localhost:56126/devtoo..., se:cdpVersion: 116.0.5845.141, setWindowRect: true, strictFileInteractability: false, timeouts: {implicit: 0, pageLoad: 300000, script: 30000}, unhandledPromptBehavior: dismiss and notify, webauthn:extension:credBlob: true, webauthn:extension:largeBlob: true, webauthn:extension:minPinLength: true, webauthn:extension:prf: true, webauthn:virtualAuthenticators: true}\nSession ID: cb7c47e162fc41ae59ee6e43023cfd74","time":{"start":1694552023313,"stop":1694552085269,"duration":61956}},{"uid":"148c73f7c85cd859","reportUrl":"https://edgar8686.github.io/TestCapitalComJava/211//#testresult/148c73f7c85cd859","status":"passed","time":{"start":1694453770116,"stop":1694453821478,"duration":51362}},{"uid":"30b1d68179da18f5","reportUrl":"https://edgar8686.github.io/TestCapitalComJava/210//#testresult/30b1d68179da18f5","status":"passed","time":{"start":1694451792940,"stop":1694451842614,"duration":49674}},{"uid":"12459de0b705bfe9","reportUrl":"https://edgar8686.github.io/TestCapitalComJava/209//#testresult/12459de0b705bfe9","status":"skipped","statusDetails":"Test Skipped: ETF trading not found. For tests on language the page Education->ETF trading doesn't exist on production","time":{"start":1694351676229,"stop":1694351719717,"duration":43488}},{"uid":"bfe075e141a201b6","reportUrl":"https://edgar8686.github.io/TestCapitalComJava/208//#testresult/bfe075e141a201b6","status":"broken","statusDetails":"no such element: Unable to locate element: {\"method\":\"css selector\",\"selector\":\"a[data-country='zh']\"}\n  (Session info: headless chrome=116.0.5845.141)\nFor documentation on this error, please visit: https://www.selenium.dev/documentation/webdriver/troubleshooting/errors#no-such-element-exception\nBuild info: version: '4.12.0', revision: '249f2a7d1b*'\nSystem info: os.name: 'Windows Server 2022', os.arch: 'amd64', os.version: '10.0', java.version: '11.0.20.1'\nDriver info: org.openqa.selenium.chrome.ChromeDriver\nCommand: [78931903c35f870a51b867db176f7fe6, findElement {using=css selector, value=a[data-country='zh']}]\nCapabilities {acceptInsecureCerts: false, browserName: chrome, browserVersion: 116.0.5845.141, chrome: {chromedriverVersion: 116.0.5845.96 (1a3918166880..., userDataDir: C:\\Windows\\SystemTemp\\scope...}, fedcm:accounts: true, goog:chromeOptions: {debuggerAddress: localhost:50323}, networkConnectionEnabled: false, pageLoadStrategy: normal, platformName: windows, proxy: Proxy(), se:cdp: ws://localhost:50323/devtoo..., se:cdpVersion: 116.0.5845.141, setWindowRect: true, strictFileInteractability: false, timeouts: {implicit: 0, pageLoad: 300000, script: 30000}, unhandledPromptBehavior: dismiss and notify, webauthn:extension:credBlob: true, webauthn:extension:largeBlob: true, webauthn:extension:minPinLength: true, webauthn:extension:prf: true, webauthn:virtualAuthenticators: true}\nSession ID: 78931903c35f870a51b867db176f7fe6","time":{"start":1694349484863,"stop":1694349493659,"duration":8796}},{"uid":"fb1a74b9317f4bdd","reportUrl":"https://edgar8686.github.io/TestCapitalComJava/207//#testresult/fb1a74b9317f4bdd","status":"broken","statusDetails":"No such language or country was found\nFor documentation on this error, please visit: https://www.selenium.dev/documentation/webdriver/troubleshooting/errors#no-such-element-exception\nBuild info: version: '4.12.0', revision: '249f2a7d1b*'\nSystem info: os.name: 'Windows Server 2022', os.arch: 'amd64', os.version: '10.0', java.version: '11.0.20.1'\nDriver info: driver.version: unknown","time":{"start":1694346645835,"stop":1694346645968,"duration":133}},{"uid":"e1abb91d746cbad7","reportUrl":"https://edgar8686.github.io/TestCapitalComJava/206//#testresult/e1abb91d746cbad7","status":"passed","time":{"start":1694267582619,"stop":1694267628097,"duration":45478}},{"uid":"3fa16a318dd31e2c","reportUrl":"https://edgar8686.github.io/TestCapitalComJava/205//#testresult/3fa16a318dd31e2c","status":"broken","statusDetails":"no such element: Unable to locate element: {\"method\":\"css selector\",\"selector\":\".iconex-arrow-down-mini.icon-square.arrow-down\"}\n  (Session info: headless chrome=116.0.5845.141)\nFor documentation on this error, please visit: https://www.selenium.dev/documentation/webdriver/troubleshooting/errors#no-such-element-exception\nBuild info: version: '4.12.0', revision: '249f2a7d1b*'\nSystem info: os.name: 'Windows Server 2022', os.arch: 'amd64', os.version: '10.0', java.version: '11.0.20.1'\nDriver info: org.openqa.selenium.chrome.ChromeDriver\nCommand: [cda060f7d4f21f00ad6ba0a262c417df, findElement {using=css selector, value=.iconex-arrow-down-mini.icon-square.arrow-down}]\nCapabilities {acceptInsecureCerts: false, browserName: chrome, browserVersion: 116.0.5845.141, chrome: {chromedriverVersion: 116.0.5845.96 (1a3918166880..., userDataDir: C:\\Windows\\SystemTemp\\scope...}, fedcm:accounts: true, goog:chromeOptions: {debuggerAddress: localhost:50463}, networkConnectionEnabled: false, pageLoadStrategy: normal, platformName: windows, proxy: Proxy(), se:cdp: ws://localhost:50463/devtoo..., se:cdpVersion: 116.0.5845.141, setWindowRect: true, strictFileInteractability: false, timeouts: {implicit: 0, pageLoad: 300000, script: 30000}, unhandledPromptBehavior: dismiss and notify, webauthn:extension:credBlob: true, webauthn:extension:largeBlob: true, webauthn:extension:minPinLength: true, webauthn:extension:prf: true, webauthn:virtualAuthenticators: true}\nSession ID: cda060f7d4f21f00ad6ba0a262c417df","time":{"start":1694266249808,"stop":1694266285678,"duration":35870}},{"uid":"fce15276fb22f571","reportUrl":"https://edgar8686.github.io/TestCapitalComJava/204//#testresult/fce15276fb22f571","status":"passed","time":{"start":1694262572327,"stop":1694262622282,"duration":49955}},{"uid":"61b28c27b505272f","reportUrl":"https://edgar8686.github.io/TestCapitalComJava/203//#testresult/61b28c27b505272f","status":"failed","statusDetails":"Trade button is missing on the Widget","time":{"start":1694100943729,"stop":1694101004327,"duration":60598}},{"uid":"2e554994298654b8","reportUrl":"https://edgar8686.github.io/TestCapitalComJava/202//#testresult/2e554994298654b8","status":"passed","time":{"start":1694022844385,"stop":1694022887759,"duration":43374}},{"uid":"7fae830592857bf","reportUrl":"https://edgar8686.github.io/TestCapitalComJava/201//#testresult/7fae830592857bf","status":"passed","time":{"start":1694017552222,"stop":1694017595000,"duration":42778}},{"uid":"734c12bc8c3e8070","reportUrl":"https://edgar8686.github.io/TestCapitalComJava/200//#testresult/734c12bc8c3e8070","status":"skipped","statusDetails":"Test Skipped: ETF trading not found. For tests on language the page Education->ETF trading doesn't exist on production","time":{"start":1693849717943,"stop":1693849761073,"duration":43130}},{"uid":"1f8a6b057fd4b49c","reportUrl":"https://edgar8686.github.io/TestCapitalComJava/199//#testresult/1f8a6b057fd4b49c","status":"failed","statusDetails":"Trade button is missing on the Widget","time":{"start":1693777391415,"stop":1693777452338,"duration":60923}},{"uid":"536eac0ad946beea","reportUrl":"https://edgar8686.github.io/TestCapitalComJava/198//#testresult/536eac0ad946beea","status":"passed","time":{"start":1693776001895,"stop":1693776048131,"duration":46236}},{"uid":"3a0cb02cd54b6c46","reportUrl":"https://edgar8686.github.io/TestCapitalComJava/197//#testresult/3a0cb02cd54b6c46","status":"failed","statusDetails":"Trade button is missing on the Widget","time":{"start":1693774676831,"stop":1693774758569,"duration":81738}},{"uid":"fcefc55ff8af73be","reportUrl":"https://edgar8686.github.io/TestCapitalComJava/196//#testresult/fcefc55ff8af73be","status":"passed","time":{"start":1693773297523,"stop":1693773339018,"duration":41495}}]},"31f6b94530614b17d7a94d87c5179933":{"statistic":{"failed":0,"broken":2,"skipped":2,"passed":14,"unknown":0,"total":18},"items":[{"uid":"bcb25e4b2b66639b","reportUrl":"https://edgar8686.github.io/TestCapitalComJava/214//#testresult/bcb25e4b2b66639b","status":"passed","time":{"start":1694867803141,"stop":1694867829144,"duration":26003}},{"uid":"6c0c16b4e3913be1","reportUrl":"https://edgar8686.github.io/TestCapitalComJava/212//#testresult/6c0c16b4e3913be1","status":"passed","time":{"start":1694551852070,"stop":1694551877483,"duration":25413}},{"uid":"f375449e85ef1b47","reportUrl":"https://edgar8686.github.io/TestCapitalComJava/211//#testresult/f375449e85ef1b47","status":"passed","time":{"start":1694453545209,"stop":1694453573782,"duration":28573}},{"uid":"689f1b1d4ae58710","reportUrl":"https://edgar8686.github.io/TestCapitalComJava/210//#testresult/689f1b1d4ae58710","status":"passed","time":{"start":1694451595738,"stop":1694451623724,"duration":27986}},{"uid":"8b59acea3085c63f","reportUrl":"https://edgar8686.github.io/TestCapitalComJava/209//#testresult/8b59acea3085c63f","status":"skipped","statusDetails":"Test Skipped: ETF trading not found. For tests on language the page Education->ETF trading doesn't exist on production","time":{"start":1694351500631,"stop":1694351529501,"duration":28870}},{"uid":"c5d32cfc56a557e1","reportUrl":"https://edgar8686.github.io/TestCapitalComJava/208//#testresult/c5d32cfc56a557e1","status":"broken","statusDetails":"no such element: Unable to locate element: {\"method\":\"css selector\",\"selector\":\"a[data-country='zh']\"}\n  (Session info: headless chrome=116.0.5845.141)\nFor documentation on this error, please visit: https://www.selenium.dev/documentation/webdriver/troubleshooting/errors#no-such-element-exception\nBuild info: version: '4.12.0', revision: '249f2a7d1b*'\nSystem info: os.name: 'Windows Server 2022', os.arch: 'amd64', os.version: '10.0', java.version: '11.0.20.1'\nDriver info: org.openqa.selenium.chrome.ChromeDriver\nCommand: [120ebbf1bf662fb40578f6274b0f6f13, findElement {using=css selector, value=a[data-country='zh']}]\nCapabilities {acceptInsecureCerts: false, browserName: chrome, browserVersion: 116.0.5845.141, chrome: {chromedriverVersion: 116.0.5845.96 (1a3918166880..., userDataDir: C:\\Windows\\SystemTemp\\scope...}, fedcm:accounts: true, goog:chromeOptions: {debuggerAddress: localhost:50259}, networkConnectionEnabled: false, pageLoadStrategy: normal, platformName: windows, proxy: Proxy(), se:cdp: ws://localhost:50259/devtoo..., se:cdpVersion: 116.0.5845.141, setWindowRect: true, strictFileInteractability: false, timeouts: {implicit: 0, pageLoad: 300000, script: 30000}, unhandledPromptBehavior: dismiss and notify, webauthn:extension:credBlob: true, webauthn:extension:largeBlob: true, webauthn:extension:minPinLength: true, webauthn:extension:prf: true, webauthn:virtualAuthenticators: true}\nSession ID: 120ebbf1bf662fb40578f6274b0f6f13","time":{"start":1694349383003,"stop":1694349392462,"duration":9459}},{"uid":"2617f3646643ee6","reportUrl":"https://edgar8686.github.io/TestCapitalComJava/207//#testresult/2617f3646643ee6","status":"broken","statusDetails":"No such language or country was found\nFor documentation on this error, please visit: https://www.selenium.dev/documentation/webdriver/troubleshooting/errors#no-such-element-exception\nBuild info: version: '4.12.0', revision: '249f2a7d1b*'\nSystem info: os.name: 'Windows Server 2022', os.arch: 'amd64', os.version: '10.0', java.version: '11.0.20.1'\nDriver info: driver.version: unknown","time":{"start":1694346643992,"stop":1694346644153,"duration":161}},{"uid":"1270b45329f333ef","reportUrl":"https://edgar8686.github.io/TestCapitalComJava/206//#testresult/1270b45329f333ef","status":"passed","time":{"start":1694267413124,"stop":1694267438738,"duration":25614}},{"uid":"1edee77b507ee472","reportUrl":"https://edgar8686.github.io/TestCapitalComJava/205//#testresult/1edee77b507ee472","status":"passed","time":{"start":1694266037681,"stop":1694266065079,"duration":27398}},{"uid":"6aa2e8b6c6a6b5f3","reportUrl":"https://edgar8686.github.io/TestCapitalComJava/204//#testresult/6aa2e8b6c6a6b5f3","status":"passed","time":{"start":1694262373683,"stop":1694262399501,"duration":25818}},{"uid":"ec6f5166e9baad30","reportUrl":"https://edgar8686.github.io/TestCapitalComJava/203//#testresult/ec6f5166e9baad30","status":"passed","time":{"start":1694100743669,"stop":1694100770350,"duration":26681}},{"uid":"3cd9bf5bdd45ecc3","reportUrl":"https://edgar8686.github.io/TestCapitalComJava/202//#testresult/3cd9bf5bdd45ecc3","status":"passed","time":{"start":1694022583952,"stop":1694022610811,"duration":26859}},{"uid":"bb07c3e117bf859f","reportUrl":"https://edgar8686.github.io/TestCapitalComJava/201//#testresult/bb07c3e117bf859f","status":"passed","time":{"start":1694017311846,"stop":1694017345066,"duration":33220}},{"uid":"a54615bb2b1648d9","reportUrl":"https://edgar8686.github.io/TestCapitalComJava/200//#testresult/a54615bb2b1648d9","status":"skipped","statusDetails":"Test Skipped: ETF trading not found. For tests on language the page Education->ETF trading doesn't exist on production","time":{"start":1693849544871,"stop":1693849572592,"duration":27721}},{"uid":"c572d23ed78dd117","reportUrl":"https://edgar8686.github.io/TestCapitalComJava/199//#testresult/c572d23ed78dd117","status":"passed","time":{"start":1693777173975,"stop":1693777229894,"duration":55919}},{"uid":"dee4ed05aab4d3f4","reportUrl":"https://edgar8686.github.io/TestCapitalComJava/198//#testresult/dee4ed05aab4d3f4","status":"passed","time":{"start":1693775796512,"stop":1693775835213,"duration":38701}},{"uid":"c7612b32c9f443e","reportUrl":"https://edgar8686.github.io/TestCapitalComJava/197//#testresult/c7612b32c9f443e","status":"passed","time":{"start":1693774421767,"stop":1693774448104,"duration":26337}},{"uid":"dc7a66eff6c3a5e6","reportUrl":"https://edgar8686.github.io/TestCapitalComJava/196//#testresult/dc7a66eff6c3a5e6","status":"passed","time":{"start":1693773110664,"stop":1693773137825,"duration":27161}}]},"37cac84fed9b8d9ce55230632b5a5408":{"statistic":{"failed":13,"broken":3,"skipped":2,"passed":0,"unknown":0,"total":18},"items":[{"uid":"c815ae8085c4a648","reportUrl":"https://edgar8686.github.io/TestCapitalComJava/214//#testresult/c815ae8085c4a648","status":"failed","statusDetails":"Failed: Opened a 'SignUp' form instead of a 'Login' form (UnAuth) (7 failures)\r\n\torg.opentest4j.AssertionFailedError: Login is not displayed ==> expected: <true> but was: <false>\r\n\torg.opentest4j.AssertionFailedError: Link SignUp is not displayed ==> expected: <true> but was: <false>\r\n\torg.opentest4j.AssertionFailedError: Email input is not displayed ==> expected: <true> but was: <false>\r\n\torg.opentest4j.AssertionFailedError: Password input is not displayed ==> expected: <true> but was: <false>\r\n\torg.opentest4j.AssertionFailedError: Password forgot link is not displayed ==> expected: <true> but was: <false>\r\n\torg.opentest4j.AssertionFailedError: Continue button is not displayed ==> expected: <true> but was: <false>\r\n\torg.opentest4j.AssertionFailedError: CheckBox is not displayed ==> expected: <true> but was: <false>","time":{"start":1694868088087,"stop":1694868124700,"duration":36613}},{"uid":"20f8c9b6e619fb96","reportUrl":"https://edgar8686.github.io/TestCapitalComJava/212//#testresult/20f8c9b6e619fb96","status":"failed","statusDetails":"Failed: Opened a 'SignUp' form instead of a 'Login' form (UnAuth) (7 failures)\r\n\torg.opentest4j.AssertionFailedError: Login is not displayed ==> expected: <true> but was: <false>\r\n\torg.opentest4j.AssertionFailedError: Link SignUp is not displayed ==> expected: <true> but was: <false>\r\n\torg.opentest4j.AssertionFailedError: Email input is not displayed ==> expected: <true> but was: <false>\r\n\torg.opentest4j.AssertionFailedError: Password input is not displayed ==> expected: <true> but was: <false>\r\n\torg.opentest4j.AssertionFailedError: Password forgot link is not displayed ==> expected: <true> but was: <false>\r\n\torg.opentest4j.AssertionFailedError: Continue button is not displayed ==> expected: <true> but was: <false>\r\n\torg.opentest4j.AssertionFailedError: CheckBox is not displayed ==> expected: <true> but was: <false>","time":{"start":1694552147427,"stop":1694552185338,"duration":37911}},{"uid":"489814c70d0f0ab4","reportUrl":"https://edgar8686.github.io/TestCapitalComJava/211//#testresult/489814c70d0f0ab4","status":"failed","statusDetails":"Failed: Opened a 'SignUp' form instead of a 'Login' form (UnAuth) (7 failures)\r\n\torg.opentest4j.AssertionFailedError: Login is not displayed ==> expected: <true> but was: <false>\r\n\torg.opentest4j.AssertionFailedError: Link SignUp is not displayed ==> expected: <true> but was: <false>\r\n\torg.opentest4j.AssertionFailedError: Email input is not displayed ==> expected: <true> but was: <false>\r\n\torg.opentest4j.AssertionFailedError: Password input is not displayed ==> expected: <true> but was: <false>\r\n\torg.opentest4j.AssertionFailedError: Password forgot link is not displayed ==> expected: <true> but was: <false>\r\n\torg.opentest4j.AssertionFailedError: Continue button is not displayed ==> expected: <true> but was: <false>\r\n\torg.opentest4j.AssertionFailedError: CheckBox is not displayed ==> expected: <true> but was: <false>","time":{"start":1694453888233,"stop":1694453929377,"duration":41144}},{"uid":"d97a260ea9032cdf","reportUrl":"https://edgar8686.github.io/TestCapitalComJava/210//#testresult/d97a260ea9032cdf","status":"broken","statusDetails":"no such element: Unable to locate element: {\"method\":\"css selector\",\"selector\":\".iconex-arrow-down-mini.icon-square.arrow-down\"}\n  (Session info: headless chrome=116.0.5845.141)\nFor documentation on this error, please visit: https://www.selenium.dev/documentation/webdriver/troubleshooting/errors#no-such-element-exception\nBuild info: version: '4.12.0', revision: '249f2a7d1b*'\nSystem info: os.name: 'Windows Server 2022', os.arch: 'amd64', os.version: '10.0', java.version: '11.0.20.1'\nDriver info: org.openqa.selenium.chrome.ChromeDriver\nCommand: [a020f8d7d9e75b782e6611432290535a, findElement {using=css selector, value=.iconex-arrow-down-mini.icon-square.arrow-down}]\nCapabilities {acceptInsecureCerts: false, browserName: chrome, browserVersion: 116.0.5845.141, chrome: {chromedriverVersion: 116.0.5845.96 (1a3918166880..., userDataDir: C:\\Windows\\SystemTemp\\scope...}, fedcm:accounts: true, goog:chromeOptions: {debuggerAddress: localhost:60442}, networkConnectionEnabled: false, pageLoadStrategy: normal, platformName: windows, proxy: Proxy(), se:cdp: ws://localhost:60442/devtoo..., se:cdpVersion: 116.0.5845.141, setWindowRect: true, strictFileInteractability: false, timeouts: {implicit: 0, pageLoad: 300000, script: 30000}, unhandledPromptBehavior: dismiss and notify, webauthn:extension:credBlob: true, webauthn:extension:largeBlob: true, webauthn:extension:minPinLength: true, webauthn:extension:prf: true, webauthn:virtualAuthenticators: true}\nSession ID: a020f8d7d9e75b782e6611432290535a","time":{"start":1694451916477,"stop":1694451950047,"duration":33570}},{"uid":"23489039ea8d4aa0","reportUrl":"https://edgar8686.github.io/TestCapitalComJava/209//#testresult/23489039ea8d4aa0","status":"skipped","statusDetails":"Test Skipped: ETF trading not found. For tests on language the page Education->ETF trading doesn't exist on production","time":{"start":1694351786377,"stop":1694351829620,"duration":43243}},{"uid":"a0687439ff47fc93","reportUrl":"https://edgar8686.github.io/TestCapitalComJava/208//#testresult/a0687439ff47fc93","status":"broken","statusDetails":"no such element: Unable to locate element: {\"method\":\"css selector\",\"selector\":\"a[data-country='zh']\"}\n  (Session info: headless chrome=116.0.5845.141)\nFor documentation on this error, please visit: https://www.selenium.dev/documentation/webdriver/troubleshooting/errors#no-such-element-exception\nBuild info: version: '4.12.0', revision: '249f2a7d1b*'\nSystem info: os.name: 'Windows Server 2022', os.arch: 'amd64', os.version: '10.0', java.version: '11.0.20.1'\nDriver info: org.openqa.selenium.chrome.ChromeDriver\nCommand: [d17f2d832f5f33944fda97cb064b9c1e, findElement {using=css selector, value=a[data-country='zh']}]\nCapabilities {acceptInsecureCerts: false, browserName: chrome, browserVersion: 116.0.5845.141, chrome: {chromedriverVersion: 116.0.5845.96 (1a3918166880..., userDataDir: C:\\Windows\\SystemTemp\\scope...}, fedcm:accounts: true, goog:chromeOptions: {debuggerAddress: localhost:50385}, networkConnectionEnabled: false, pageLoadStrategy: normal, platformName: windows, proxy: Proxy(), se:cdp: ws://localhost:50385/devtoo..., se:cdpVersion: 116.0.5845.141, setWindowRect: true, strictFileInteractability: false, timeouts: {implicit: 0, pageLoad: 300000, script: 30000}, unhandledPromptBehavior: dismiss and notify, webauthn:extension:credBlob: true, webauthn:extension:largeBlob: true, webauthn:extension:minPinLength: true, webauthn:extension:prf: true, webauthn:virtualAuthenticators: true}\nSession ID: d17f2d832f5f33944fda97cb064b9c1e","time":{"start":1694349513455,"stop":1694349522424,"duration":8969}},{"uid":"4c8ed6374d8fc8a4","reportUrl":"https://edgar8686.github.io/TestCapitalComJava/207//#testresult/4c8ed6374d8fc8a4","status":"broken","statusDetails":"No such language or country was found\nFor documentation on this error, please visit: https://www.selenium.dev/documentation/webdriver/troubleshooting/errors#no-such-element-exception\nBuild info: version: '4.12.0', revision: '249f2a7d1b*'\nSystem info: os.name: 'Windows Server 2022', os.arch: 'amd64', os.version: '10.0', java.version: '11.0.20.1'\nDriver info: driver.version: unknown","time":{"start":1694346647330,"stop":1694346647476,"duration":146}},{"uid":"6bc01db0044f592e","reportUrl":"https://edgar8686.github.io/TestCapitalComJava/206//#testresult/6bc01db0044f592e","status":"failed","statusDetails":"Failed: Opened a 'SignUp' form instead of a 'Login' form (UnAuth) (7 failures)\r\n\torg.opentest4j.AssertionFailedError: Login is not displayed ==> expected: <true> but was: <false>\r\n\torg.opentest4j.AssertionFailedError: Link SignUp is not displayed ==> expected: <true> but was: <false>\r\n\torg.opentest4j.AssertionFailedError: Email input is not displayed ==> expected: <true> but was: <false>\r\n\torg.opentest4j.AssertionFailedError: Password input is not displayed ==> expected: <true> but was: <false>\r\n\torg.opentest4j.AssertionFailedError: Password forgot link is not displayed ==> expected: <true> but was: <false>\r\n\torg.opentest4j.AssertionFailedError: Continue button is not displayed ==> expected: <true> but was: <false>\r\n\torg.opentest4j.AssertionFailedError: CheckBox is not displayed ==> expected: <true> but was: <false>","time":{"start":1694267685900,"stop":1694267720518,"duration":34618}},{"uid":"c1ac8ee6ab14c67f","reportUrl":"https://edgar8686.github.io/TestCapitalComJava/205//#testresult/c1ac8ee6ab14c67f","status":"failed","statusDetails":"Failed: Opened a 'SignUp' form instead of a 'Login' form (UnAuth) (7 failures)\r\n\torg.opentest4j.AssertionFailedError: Login is not displayed ==> expected: <true> but was: <false>\r\n\torg.opentest4j.AssertionFailedError: Link SignUp is not displayed ==> expected: <true> but was: <false>\r\n\torg.opentest4j.AssertionFailedError: Email input is not displayed ==> expected: <true> but was: <false>\r\n\torg.opentest4j.AssertionFailedError: Password input is not displayed ==> expected: <true> but was: <false>\r\n\torg.opentest4j.AssertionFailedError: Password forgot link is not displayed ==> expected: <true> but was: <false>\r\n\torg.opentest4j.AssertionFailedError: Continue button is not displayed ==> expected: <true> but was: <false>\r\n\torg.opentest4j.AssertionFailedError: CheckBox is not displayed ==> expected: <true> but was: <false>","time":{"start":1694266348201,"stop":1694266385897,"duration":37696}},{"uid":"51f39f5fcba2ebd3","reportUrl":"https://edgar8686.github.io/TestCapitalComJava/204//#testresult/51f39f5fcba2ebd3","status":"failed","statusDetails":"Failed: Opened a 'SignUp' form instead of a 'Login' form (UnAuth) (7 failures)\r\n\torg.opentest4j.AssertionFailedError: Login is not displayed ==> expected: <true> but was: <false>\r\n\torg.opentest4j.AssertionFailedError: Link SignUp is not displayed ==> expected: <true> but was: <false>\r\n\torg.opentest4j.AssertionFailedError: Email input is not displayed ==> expected: <true> but was: <false>\r\n\torg.opentest4j.AssertionFailedError: Password input is not displayed ==> expected: <true> but was: <false>\r\n\torg.opentest4j.AssertionFailedError: Password forgot link is not displayed ==> expected: <true> but was: <false>\r\n\torg.opentest4j.AssertionFailedError: Continue button is not displayed ==> expected: <true> but was: <false>\r\n\torg.opentest4j.AssertionFailedError: CheckBox is not displayed ==> expected: <true> but was: <false>","time":{"start":1694262681894,"stop":1694262725412,"duration":43518}},{"uid":"1381de14ac094e1e","reportUrl":"https://edgar8686.github.io/TestCapitalComJava/203//#testresult/1381de14ac094e1e","status":"failed","statusDetails":"Failed: Opened a 'SignUp' form instead of a 'Login' form (UnAuth) (7 failures)\r\n\torg.opentest4j.AssertionFailedError: Login is not displayed ==> expected: <true> but was: <false>\r\n\torg.opentest4j.AssertionFailedError: Link SignUp is not displayed ==> expected: <true> but was: <false>\r\n\torg.opentest4j.AssertionFailedError: Email input is not displayed ==> expected: <true> but was: <false>\r\n\torg.opentest4j.AssertionFailedError: Password input is not displayed ==> expected: <true> but was: <false>\r\n\torg.opentest4j.AssertionFailedError: Password forgot link is not displayed ==> expected: <true> but was: <false>\r\n\torg.opentest4j.AssertionFailedError: Continue button is not displayed ==> expected: <true> but was: <false>\r\n\torg.opentest4j.AssertionFailedError: CheckBox is not displayed ==> expected: <true> but was: <false>","time":{"start":1694101065449,"stop":1694101100729,"duration":35280}},{"uid":"3fae8600e3681683","reportUrl":"https://edgar8686.github.io/TestCapitalComJava/202//#testresult/3fae8600e3681683","status":"failed","statusDetails":"Failed: Opened a 'SignUp' form instead of a 'Login' form (UnAuth) (7 failures)\r\n\torg.opentest4j.AssertionFailedError: Login is not displayed ==> expected: <true> but was: <false>\r\n\torg.opentest4j.AssertionFailedError: Link SignUp is not displayed ==> expected: <true> but was: <false>\r\n\torg.opentest4j.AssertionFailedError: Email input is not displayed ==> expected: <true> but was: <false>\r\n\torg.opentest4j.AssertionFailedError: Password input is not displayed ==> expected: <true> but was: <false>\r\n\torg.opentest4j.AssertionFailedError: Password forgot link is not displayed ==> expected: <true> but was: <false>\r\n\torg.opentest4j.AssertionFailedError: Continue button is not displayed ==> expected: <true> but was: <false>\r\n\torg.opentest4j.AssertionFailedError: CheckBox is not displayed ==> expected: <true> but was: <false>","time":{"start":1694022947154,"stop":1694022984061,"duration":36907}},{"uid":"8c9d17a672df5559","reportUrl":"https://edgar8686.github.io/TestCapitalComJava/201//#testresult/8c9d17a672df5559","status":"failed","statusDetails":"Failed: Opened a 'SignUp' form instead of a 'Login' form (UnAuth) (7 failures)\r\n\torg.opentest4j.AssertionFailedError: Login is not displayed ==> expected: <true> but was: <false>\r\n\torg.opentest4j.AssertionFailedError: Link SignUp is not displayed ==> expected: <true> but was: <false>\r\n\torg.opentest4j.AssertionFailedError: Email input is not displayed ==> expected: <true> but was: <false>\r\n\torg.opentest4j.AssertionFailedError: Password input is not displayed ==> expected: <true> but was: <false>\r\n\torg.opentest4j.AssertionFailedError: Password forgot link is not displayed ==> expected: <true> but was: <false>\r\n\torg.opentest4j.AssertionFailedError: Continue button is not displayed ==> expected: <true> but was: <false>\r\n\torg.opentest4j.AssertionFailedError: CheckBox is not displayed ==> expected: <true> but was: <false>","time":{"start":1694017658830,"stop":1694017697448,"duration":38618}},{"uid":"bdbb95e83e2712bb","reportUrl":"https://edgar8686.github.io/TestCapitalComJava/200//#testresult/bdbb95e83e2712bb","status":"skipped","statusDetails":"Test Skipped: ETF trading not found. For tests on language the page Education->ETF trading doesn't exist on production","time":{"start":1693849832275,"stop":1693849875448,"duration":43173}},{"uid":"b98edf13bf4b2f0c","reportUrl":"https://edgar8686.github.io/TestCapitalComJava/199//#testresult/b98edf13bf4b2f0c","status":"failed","statusDetails":"Failed: Opened a 'SignUp' form instead of a 'Login' form (UnAuth) (7 failures)\r\n\torg.opentest4j.AssertionFailedError: Login is not displayed ==> expected: <true> but was: <false>\r\n\torg.opentest4j.AssertionFailedError: Link SignUp is not displayed ==> expected: <true> but was: <false>\r\n\torg.opentest4j.AssertionFailedError: Email input is not displayed ==> expected: <true> but was: <false>\r\n\torg.opentest4j.AssertionFailedError: Password input is not displayed ==> expected: <true> but was: <false>\r\n\torg.opentest4j.AssertionFailedError: Password forgot link is not displayed ==> expected: <true> but was: <false>\r\n\torg.opentest4j.AssertionFailedError: Continue button is not displayed ==> expected: <true> but was: <false>\r\n\torg.opentest4j.AssertionFailedError: CheckBox is not displayed ==> expected: <true> but was: <false>","time":{"start":1693777511988,"stop":1693777547062,"duration":35074}},{"uid":"adb263b3f0b4cba7","reportUrl":"https://edgar8686.github.io/TestCapitalComJava/198//#testresult/adb263b3f0b4cba7","status":"failed","statusDetails":"Failed: Opened a 'SignUp' form instead of a 'Login' form (UnAuth) (7 failures)\r\n\torg.opentest4j.AssertionFailedError: Login is not displayed ==> expected: <true> but was: <false>\r\n\torg.opentest4j.AssertionFailedError: Link SignUp is not displayed ==> expected: <true> but was: <false>\r\n\torg.opentest4j.AssertionFailedError: Email input is not displayed ==> expected: <true> but was: <false>\r\n\torg.opentest4j.AssertionFailedError: Password input is not displayed ==> expected: <true> but was: <false>\r\n\torg.opentest4j.AssertionFailedError: Password forgot link is not displayed ==> expected: <true> but was: <false>\r\n\torg.opentest4j.AssertionFailedError: Continue button is not displayed ==> expected: <true> but was: <false>\r\n\torg.opentest4j.AssertionFailedError: CheckBox is not displayed ==> expected: <true> but was: <false>","time":{"start":1693776112934,"stop":1693776151983,"duration":39049}},{"uid":"5f436894cb7160d8","reportUrl":"https://edgar8686.github.io/TestCapitalComJava/197//#testresult/5f436894cb7160d8","status":"failed","statusDetails":"Failed: Opened a 'SignUp' form instead of a 'Login' form (UnAuth) (7 failures)\r\n\torg.opentest4j.AssertionFailedError: Login is not displayed ==> expected: <true> but was: <false>\r\n\torg.opentest4j.AssertionFailedError: Link SignUp is not displayed ==> expected: <true> but was: <false>\r\n\torg.opentest4j.AssertionFailedError: Email input is not displayed ==> expected: <true> but was: <false>\r\n\torg.opentest4j.AssertionFailedError: Password input is not displayed ==> expected: <true> but was: <false>\r\n\torg.opentest4j.AssertionFailedError: Password forgot link is not displayed ==> expected: <true> but was: <false>\r\n\torg.opentest4j.AssertionFailedError: Continue button is not displayed ==> expected: <true> but was: <false>\r\n\torg.opentest4j.AssertionFailedError: CheckBox is not displayed ==> expected: <true> but was: <false>","time":{"start":1693774835536,"stop":1693774892113,"duration":56577}},{"uid":"3e1456054566d516","reportUrl":"https://edgar8686.github.io/TestCapitalComJava/196//#testresult/3e1456054566d516","status":"failed","statusDetails":"Failed: Opened a 'SignUp' form instead of a 'Login' form (UnAuth) (7 failures)\r\n\torg.opentest4j.AssertionFailedError: Login is not displayed ==> expected: <true> but was: <false>\r\n\torg.opentest4j.AssertionFailedError: Link SignUp is not displayed ==> expected: <true> but was: <false>\r\n\torg.opentest4j.AssertionFailedError: Email input is not displayed ==> expected: <true> but was: <false>\r\n\torg.opentest4j.AssertionFailedError: Password input is not displayed ==> expected: <true> but was: <false>\r\n\torg.opentest4j.AssertionFailedError: Password forgot link is not displayed ==> expected: <true> but was: <false>\r\n\torg.opentest4j.AssertionFailedError: Continue button is not displayed ==> expected: <true> but was: <false>\r\n\torg.opentest4j.AssertionFailedError: CheckBox is not displayed ==> expected: <true> but was: <false>","time":{"start":1693773400610,"stop":1693773436808,"duration":36198}}]},"bf1ea01dc90fe8d80e44036691bbd1e":{"statistic":{"failed":0,"broken":1,"skipped":0,"passed":0,"unknown":0,"total":1},"items":[{"uid":"c221f1264f2b89c7","reportUrl":"https://edgar8686.github.io/TestCapitalComJava/213//#testresult/c221f1264f2b89c7","status":"broken","statusDetails":"Failed to evaluate condition [settings.MyExecutionCondition]: Index 0 out of bounds for length 0","time":{"start":1694865309623,"stop":1694865309623,"duration":0}}]},"d38f8ae0cadcff3ce29b1d919b83abba":{"statistic":{"failed":8,"broken":4,"skipped":2,"passed":4,"unknown":0,"total":18},"items":[{"uid":"ebd05bf4677d064b","reportUrl":"https://edgar8686.github.io/TestCapitalComJava/214//#testresult/ebd05bf4677d064b","status":"passed","time":{"start":1694867902483,"stop":1694867947231,"duration":44748}},{"uid":"e83f0c40683deac2","reportUrl":"https://edgar8686.github.io/TestCapitalComJava/212//#testresult/e83f0c40683deac2","status":"passed","time":{"start":1694551946797,"stop":1694551988310,"duration":41513}},{"uid":"a578ccb5928c2c77","reportUrl":"https://edgar8686.github.io/TestCapitalComJava/211//#testresult/a578ccb5928c2c77","status":"failed","statusDetails":"Failed: Trade element is not active on the platform (Auth) (2 failures)\r\n\torg.openqa.selenium.NoSuchElementException: no such element: Unable to locate element: {\"method\":\"xpath\",\"selector\":\"//*[text()=' Advanced Micro Devices Inc (Extended Hours) ']\"}\n  (Session info: headless chrome=116.0.5845.141)\nFor documentation on this error, please visit: https://www.selenium.dev/documentation/webdriver/troubleshooting/errors#no-such-element-exception\nBuild info: version: '4.12.0', revision: '249f2a7d1b*'\nSystem info: os.name: 'Windows Server 2022', os.arch: 'amd64', os.version: '10.0', java.version: '11.0.20.1'\nDriver info: org.openqa.selenium.chrome.ChromeDriver\nCommand: [ad0ac52d2e6d3071e18f5fb02194feb9, findElement {using=xpath, value=//*[text()=' Advanced Micro Devices Inc (Extended Hours) ']}]\nCapabilities {acceptInsecureCerts: false, browserName: chrome, browserVersion: 116.0.5845.141, chrome: {chromedriverVersion: 116.0.5845.96 (1a3918166880..., userDataDir: C:\\Windows\\SystemTemp\\scope...}, fedcm:accounts: true, goog:chromeOptions: {debuggerAddress: localhost:50468}, networkConnectionEnabled: false, pageLoadStrategy: normal, platformName: windows, proxy: Proxy(), se:cdp: ws://localhost:50468/devtoo..., se:cdpVersion: 116.0.5845.141, setWindowRect: true, strictFileInteractability: false, timeouts: {implicit: 0, pageLoad: 300000, script: 30000}, unhandledPromptBehavior: dismiss and notify, webauthn:extension:credBlob: true, webauthn:extension:largeBlob: true, webauthn:extension:minPinLength: true, webauthn:extension:prf: true, webauthn:virtualAuthenticators: true}\nSession ID: ad0ac52d2e6d3071e18f5fb02194feb9\r\n\torg.openqa.selenium.NoSuchElementException: no such element: Unable to locate element: {\"method\":\"xpath\",\"selector\":\"//div[@class='state-item-button active selected']//div[text()='Advanced Micro Devices Inc (Extended Hours)']\"}\n  (Session info: headless chrome=116.0.5845.141)\nFor documentation on this error, please visit: https://www.selenium.dev/documentation/webdriver/troubleshooting/errors#no-such-element-exception\nBuild info: version: '4.12.0', revision: '249f2a7d1b*'\nSystem info: os.name: 'Windows Server 2022', os.arch: 'amd64', os.version: '10.0', java.version: '11.0.20.1'\nDriver info: org.openqa.selenium.chrome.ChromeDriver\nCommand: [ad0ac52d2e6d3071e18f5fb02194feb9, findElement {using=xpath, value=//div[@class='state-item-button active selected']//div[text()='Advanced Micro Devices Inc (Extended Hours)']}]\nCapabilities {acceptInsecureCerts: false, browserName: chrome, browserVersion: 116.0.5845.141, chrome: {chromedriverVersion: 116.0.5845.96 (1a3918166880..., userDataDir: C:\\Windows\\SystemTemp\\scope...}, fedcm:accounts: true, goog:chromeOptions: {debuggerAddress: localhost:50468}, networkConnectionEnabled: false, pageLoadStrategy: normal, platformName: windows, proxy: Proxy(), se:cdp: ws://localhost:50468/devtoo..., se:cdpVersion: 116.0.5845.141, setWindowRect: true, strictFileInteractability: false, timeouts: {implicit: 0, pageLoad: 300000, script: 30000}, unhandledPromptBehavior: dismiss and notify, webauthn:extension:credBlob: true, webauthn:extension:largeBlob: true, webauthn:extension:minPinLength: true, webauthn:extension:prf: true, webauthn:virtualAuthenticators: true}\nSession ID: ad0ac52d2e6d3071e18f5fb02194feb9","time":{"start":1694453672077,"stop":1694453732205,"duration":60128}},{"uid":"b04890ffec8e7174","reportUrl":"https://edgar8686.github.io/TestCapitalComJava/210//#testresult/b04890ffec8e7174","status":"passed","time":{"start":1694451703390,"stop":1694451755054,"duration":51664}},{"uid":"9cfdfbfaaefa54e1","reportUrl":"https://edgar8686.github.io/TestCapitalComJava/209//#testresult/9cfdfbfaaefa54e1","status":"skipped","statusDetails":"Test Skipped: ETF trading not found. For tests on language the page Education->ETF trading doesn't exist on production","time":{"start":1694351611428,"stop":1694351648699,"duration":37271}},{"uid":"9a75ff356edf6fe7","reportUrl":"https://edgar8686.github.io/TestCapitalComJava/208//#testresult/9a75ff356edf6fe7","status":"broken","statusDetails":"no such element: Unable to locate element: {\"method\":\"css selector\",\"selector\":\"a[data-country='zh']\"}\n  (Session info: headless chrome=116.0.5845.141)\nFor documentation on this error, please visit: https://www.selenium.dev/documentation/webdriver/troubleshooting/errors#no-such-element-exception\nBuild info: version: '4.12.0', revision: '249f2a7d1b*'\nSystem info: os.name: 'Windows Server 2022', os.arch: 'amd64', os.version: '10.0', java.version: '11.0.20.1'\nDriver info: org.openqa.selenium.chrome.ChromeDriver\nCommand: [78931903c35f870a51b867db176f7fe6, findElement {using=css selector, value=a[data-country='zh']}]\nCapabilities {acceptInsecureCerts: false, browserName: chrome, browserVersion: 116.0.5845.141, chrome: {chromedriverVersion: 116.0.5845.96 (1a3918166880..., userDataDir: C:\\Windows\\SystemTemp\\scope...}, fedcm:accounts: true, goog:chromeOptions: {debuggerAddress: localhost:50323}, networkConnectionEnabled: false, pageLoadStrategy: normal, platformName: windows, proxy: Proxy(), se:cdp: ws://localhost:50323/devtoo..., se:cdpVersion: 116.0.5845.141, setWindowRect: true, strictFileInteractability: false, timeouts: {implicit: 0, pageLoad: 300000, script: 30000}, unhandledPromptBehavior: dismiss and notify, webauthn:extension:credBlob: true, webauthn:extension:largeBlob: true, webauthn:extension:minPinLength: true, webauthn:extension:prf: true, webauthn:virtualAuthenticators: true}\nSession ID: 78931903c35f870a51b867db176f7fe6","time":{"start":1694349445137,"stop":1694349463440,"duration":18303}},{"uid":"1c3e5603c0aceb99","reportUrl":"https://edgar8686.github.io/TestCapitalComJava/207//#testresult/1c3e5603c0aceb99","status":"broken","statusDetails":"No such language or country was found\nFor documentation on this error, please visit: https://www.selenium.dev/documentation/webdriver/troubleshooting/errors#no-such-element-exception\nBuild info: version: '4.12.0', revision: '249f2a7d1b*'\nSystem info: os.name: 'Windows Server 2022', os.arch: 'amd64', os.version: '10.0', java.version: '11.0.20.1'\nDriver info: driver.version: unknown","time":{"start":1694346645400,"stop":1694346645577,"duration":177}},{"uid":"b1803217bee76ca8","reportUrl":"https://edgar8686.github.io/TestCapitalComJava/206//#testresult/b1803217bee76ca8","status":"failed","statusDetails":"Failed: Trade element is not active on the platform (Auth) (2 failures)\r\n\torg.opentest4j.AssertionFailedError: Trade element is not displayed ==> expected: <true> but was: <false>\r\n\torg.opentest4j.AssertionFailedError: Trade active element is not displayed ==> expected: <true> but was: <false>","time":{"start":1694267507364,"stop":1694267546781,"duration":39417}},{"uid":"710668f75fdf4f24","reportUrl":"https://edgar8686.github.io/TestCapitalComJava/205//#testresult/710668f75fdf4f24","status":"failed","statusDetails":"Failed: Trade element is not active on the platform (Auth) (1 failure)\r\n\torg.opentest4j.AssertionFailedError: Trade element is not displayed ==> expected: <true> but was: <false>","time":{"start":1694266154748,"stop":1694266213696,"duration":58948}},{"uid":"8b2ae0d57280a303","reportUrl":"https://edgar8686.github.io/TestCapitalComJava/204//#testresult/8b2ae0d57280a303","status":"failed","statusDetails":"Failed: Trade element is not active on the platform (Auth) (2 failures)\r\n\torg.openqa.selenium.NoSuchElementException: no such element: Unable to locate element: {\"method\":\"xpath\",\"selector\":\"//*[text()=' Nvidia ']\"}\n  (Session info: headless chrome=116.0.5845.141)\nFor documentation on this error, please visit: https://www.selenium.dev/documentation/webdriver/troubleshooting/errors#no-such-element-exception\nBuild info: version: '4.12.0', revision: '249f2a7d1b*'\nSystem info: os.name: 'Windows Server 2022', os.arch: 'amd64', os.version: '10.0', java.version: '11.0.20.1'\nDriver info: org.openqa.selenium.chrome.ChromeDriver\nCommand: [6a70468c8bf7a53b9be2711a661c5319, findElement {using=xpath, value=//*[text()=' Nvidia ']}]\nCapabilities {acceptInsecureCerts: false, browserName: chrome, browserVersion: 116.0.5845.141, chrome: {chromedriverVersion: 116.0.5845.96 (1a3918166880..., userDataDir: C:\\Windows\\SystemTemp\\scope...}, fedcm:accounts: true, goog:chromeOptions: {debuggerAddress: localhost:52767}, networkConnectionEnabled: false, pageLoadStrategy: normal, platformName: windows, proxy: Proxy(), se:cdp: ws://localhost:52767/devtoo..., se:cdpVersion: 116.0.5845.141, setWindowRect: true, strictFileInteractability: false, timeouts: {implicit: 0, pageLoad: 300000, script: 30000}, unhandledPromptBehavior: dismiss and notify, webauthn:extension:credBlob: true, webauthn:extension:largeBlob: true, webauthn:extension:minPinLength: true, webauthn:extension:prf: true, webauthn:virtualAuthenticators: true}\nSession ID: 6a70468c8bf7a53b9be2711a661c5319\r\n\torg.openqa.selenium.NoSuchElementException: no such element: Unable to locate element: {\"method\":\"xpath\",\"selector\":\"//div[@class='state-item-button active selected']//div[text()='Nvidia']\"}\n  (Session info: headless chrome=116.0.5845.141)\nFor documentation on this error, please visit: https://www.selenium.dev/documentation/webdriver/troubleshooting/errors#no-such-element-exception\nBuild info: version: '4.12.0', revision: '249f2a7d1b*'\nSystem info: os.name: 'Windows Server 2022', os.arch: 'amd64', os.version: '10.0', java.version: '11.0.20.1'\nDriver info: org.openqa.selenium.chrome.ChromeDriver\nCommand: [6a70468c8bf7a53b9be2711a661c5319, findElement {using=xpath, value=//div[@class='state-item-button active selected']//div[text()='Nvidia']}]\nCapabilities {acceptInsecureCerts: false, browserName: chrome, browserVersion: 116.0.5845.141, chrome: {chromedriverVersion: 116.0.5845.96 (1a3918166880..., userDataDir: C:\\Windows\\SystemTemp\\scope...}, fedcm:accounts: true, goog:chromeOptions: {debuggerAddress: localhost:52767}, networkConnectionEnabled: false, pageLoadStrategy: normal, platformName: windows, proxy: Proxy(), se:cdp: ws://localhost:52767/devtoo..., se:cdpVersion: 116.0.5845.141, setWindowRect: true, strictFileInteractability: false, timeouts: {implicit: 0, pageLoad: 300000, script: 30000}, unhandledPromptBehavior: dismiss and notify, webauthn:extension:credBlob: true, webauthn:extension:largeBlob: true, webauthn:extension:minPinLength: true, webauthn:extension:prf: true, webauthn:virtualAuthenticators: true}\nSession ID: 6a70468c8bf7a53b9be2711a661c5319","time":{"start":1694262472879,"stop":1694262522362,"duration":49483}},{"uid":"b125aa543d93118","reportUrl":"https://edgar8686.github.io/TestCapitalComJava/203//#testresult/b125aa543d93118","status":"failed","statusDetails":"Trade button is missing on the Widget","time":{"start":1694100840200,"stop":1694100893999,"duration":53799}},{"uid":"8e1ca3d53602caab","reportUrl":"https://edgar8686.github.io/TestCapitalComJava/202//#testresult/8e1ca3d53602caab","status":"failed","statusDetails":"Failed: Trade element is not active (Auth) (3 failures)\r\n\torg.openqa.selenium.NoSuchElementException: no such element: Unable to locate element: {\"method\":\"css selector\",\"selector\":\".logo\"}\n  (Session info: headless chrome=116.0.5845.96)\nFor documentation on this error, please visit: https://www.selenium.dev/documentation/webdriver/troubleshooting/errors#no-such-element-exception\nBuild info: version: '4.12.0', revision: '249f2a7d1b*'\nSystem info: os.name: 'Windows Server 2022', os.arch: 'amd64', os.version: '10.0', java.version: '11.0.20.1'\nDriver info: org.openqa.selenium.chrome.ChromeDriver\nCommand: [04288ce8dccf51f956dfc2f1487fb4e5, findElement {using=css selector, value=.logo}]\nCapabilities {acceptInsecureCerts: false, browserName: chrome, browserVersion: 116.0.5845.96, chrome: {chromedriverVersion: 116.0.5845.96 (1a3918166880..., userDataDir: C:\\Windows\\SystemTemp\\scope...}, fedcm:accounts: true, goog:chromeOptions: {debuggerAddress: localhost:52202}, networkConnectionEnabled: false, pageLoadStrategy: normal, platformName: windows, proxy: Proxy(), se:cdp: ws://localhost:52202/devtoo..., se:cdpVersion: 116.0.5845.96, setWindowRect: true, strictFileInteractability: false, timeouts: {implicit: 0, pageLoad: 300000, script: 30000}, unhandledPromptBehavior: dismiss and notify, webauthn:extension:credBlob: true, webauthn:extension:largeBlob: true, webauthn:extension:minPinLength: true, webauthn:extension:prf: true, webauthn:virtualAuthenticators: true}\nSession ID: 04288ce8dccf51f956dfc2f1487fb4e5\r\n\torg.openqa.selenium.NoSuchElementException: no such element: Unable to locate element: {\"method\":\"xpath\",\"selector\":\"//*[text()=' AMC ']\"}\n  (Session info: headless chrome=116.0.5845.96)\nFor documentation on this error, please visit: https://www.selenium.dev/documentation/webdriver/troubleshooting/errors#no-such-element-exception\nBuild info: version: '4.12.0', revision: '249f2a7d1b*'\nSystem info: os.name: 'Windows Server 2022', os.arch: 'amd64', os.version: '10.0', java.version: '11.0.20.1'\nDriver info: org.openqa.selenium.chrome.ChromeDriver\nCommand: [04288ce8dccf51f956dfc2f1487fb4e5, findElement {using=xpath, value=//*[text()=' AMC ']}]\nCapabilities {acceptInsecureCerts: false, browserName: chrome, browserVersion: 116.0.5845.96, chrome: {chromedriverVersion: 116.0.5845.96 (1a3918166880..., userDataDir: C:\\Windows\\SystemTemp\\scope...}, fedcm:accounts: true, goog:chromeOptions: {debuggerAddress: localhost:52202}, networkConnectionEnabled: false, pageLoadStrategy: normal, platformName: windows, proxy: Proxy(), se:cdp: ws://localhost:52202/devtoo..., se:cdpVersion: 116.0.5845.96, setWindowRect: true, strictFileInteractability: false, timeouts: {implicit: 0, pageLoad: 300000, script: 30000}, unhandledPromptBehavior: dismiss and notify, webauthn:extension:credBlob: true, webauthn:extension:largeBlob: true, webauthn:extension:minPinLength: true, webauthn:extension:prf: true, webauthn:virtualAuthenticators: true}\nSession ID: 04288ce8dccf51f956dfc2f1487fb4e5\r\n\torg.openqa.selenium.NoSuchElementException: no such element: Unable to locate element: {\"method\":\"xpath\",\"selector\":\"//div[@class='state-item-button active selected']//div[text()='AMC']\"}\n  (Session info: headless chrome=116.0.5845.96)\nFor documentation on this error, please visit: https://www.selenium.dev/documentation/webdriver/troubleshooting/errors#no-such-element-exception\nBuild info: version: '4.12.0', revision: '249f2a7d1b*'\nSystem info: os.name: 'Windows Server 2022', os.arch: 'amd64', os.version: '10.0', java.version: '11.0.20.1'\nDriver info: org.openqa.selenium.chrome.ChromeDriver\nCommand: [04288ce8dccf51f956dfc2f1487fb4e5, findElement {using=xpath, value=//div[@class='state-item-button active selected']//div[text()='AMC']}]\nCapabilities {acceptInsecureCerts: false, browserName: chrome, browserVersion: 116.0.5845.96, chrome: {chromedriverVersion: 116.0.5845.96 (1a3918166880..., userDataDir: C:\\Windows\\SystemTemp\\scope...}, fedcm:accounts: true, goog:chromeOptions: {debuggerAddress: localhost:52202}, networkConnectionEnabled: false, pageLoadStrategy: normal, platformName: windows, proxy: Proxy(), se:cdp: ws://localhost:52202/devtoo..., se:cdpVersion: 116.0.5845.96, setWindowRect: true, strictFileInteractability: false, timeouts: {implicit: 0, pageLoad: 300000, script: 30000}, unhandledPromptBehavior: dismiss and notify, webauthn:extension:credBlob: true, webauthn:extension:largeBlob: true, webauthn:extension:minPinLength: true, webauthn:extension:prf: true, webauthn:virtualAuthenticators: true}\nSession ID: 04288ce8dccf51f956dfc2f1487fb4e5","time":{"start":1694022760050,"stop":1694022812000,"duration":51950}},{"uid":"45de974018ac4727","reportUrl":"https://edgar8686.github.io/TestCapitalComJava/201//#testresult/45de974018ac4727","status":"broken","statusDetails":"no such element: Unable to locate element: {\"method\":\"xpath\",\"selector\":\"//div[@class='state-item-button active selected']//div[text()='AMD']\"}\n  (Session info: headless chrome=116.0.5845.141)\nFor documentation on this error, please visit: https://www.selenium.dev/documentation/webdriver/troubleshooting/errors#no-such-element-exception\nBuild info: version: '4.12.0', revision: '249f2a7d1b*'\nSystem info: os.name: 'Windows Server 2022', os.arch: 'amd64', os.version: '10.0', java.version: '11.0.20.1'\nDriver info: org.openqa.selenium.chrome.ChromeDriver\nCommand: [c8dd9040df46df65ab62cbc9cbb11efb, findElement {using=xpath, value=//div[@class='state-item-button active selected']//div[text()='AMD']}]\nCapabilities {acceptInsecureCerts: false, browserName: chrome, browserVersion: 116.0.5845.141, chrome: {chromedriverVersion: 116.0.5845.96 (1a3918166880..., userDataDir: C:\\Windows\\SystemTemp\\scope...}, fedcm:accounts: true, goog:chromeOptions: {debuggerAddress: localhost:65056}, networkConnectionEnabled: false, pageLoadStrategy: normal, platformName: windows, proxy: Proxy(), se:cdp: ws://localhost:65056/devtoo..., se:cdpVersion: 116.0.5845.141, setWindowRect: true, strictFileInteractability: false, timeouts: {implicit: 0, pageLoad: 300000, script: 30000}, unhandledPromptBehavior: dismiss and notify, webauthn:extension:credBlob: true, webauthn:extension:largeBlob: true, webauthn:extension:minPinLength: true, webauthn:extension:prf: true, webauthn:virtualAuthenticators: true}\nSession ID: c8dd9040df46df65ab62cbc9cbb11efb","time":{"start":1694017469324,"stop":1694017520366,"duration":51042}},{"uid":"841e8e80134b7097","reportUrl":"https://edgar8686.github.io/TestCapitalComJava/200//#testresult/841e8e80134b7097","status":"skipped","statusDetails":"Test Skipped: ETF trading not found. For tests on language the page Education->ETF trading doesn't exist on production","time":{"start":1693849652700,"stop":1693849689293,"duration":36593}},{"uid":"1fa818d43a551608","reportUrl":"https://edgar8686.github.io/TestCapitalComJava/199//#testresult/1fa818d43a551608","status":"failed","statusDetails":"Failed: Trade element is not active (Auth) (1 failure)\r\n\torg.opentest4j.AssertionFailedError: Trade element is not displayed ==> expected: <true> but was: <false>","time":{"start":1693777325974,"stop":1693777360908,"duration":34934}},{"uid":"32cbd1ff5a3ef1b4","reportUrl":"https://edgar8686.github.io/TestCapitalComJava/198//#testresult/32cbd1ff5a3ef1b4","status":"broken","statusDetails":"no such element: Unable to locate element: {\"method\":\"xpath\",\"selector\":\"//div[@class='state-item-button active selected']//div[text()='Apple']\"}\n  (Session info: headless chrome=116.0.5845.96)\nFor documentation on this error, please visit: https://www.selenium.dev/documentation/webdriver/troubleshooting/errors#no-such-element-exception\nBuild info: version: '4.12.0', revision: '249f2a7d1b*'\nSystem info: os.name: 'Windows Server 2022', os.arch: 'amd64', os.version: '10.0', java.version: '11.0.20.1'\nDriver info: org.openqa.selenium.chrome.ChromeDriver\nCommand: [b45fbd33cd03cfa8e21f0cc758c54104, findElement {using=xpath, value=//div[@class='state-item-button active selected']//div[text()='Apple']}]\nCapabilities {acceptInsecureCerts: false, browserName: chrome, browserVersion: 116.0.5845.96, chrome: {chromedriverVersion: 116.0.5845.96 (1a3918166880..., userDataDir: C:\\Windows\\SystemTemp\\scope...}, fedcm:accounts: true, goog:chromeOptions: {debuggerAddress: localhost:53145}, networkConnectionEnabled: false, pageLoadStrategy: normal, platformName: windows, proxy: Proxy(), se:cdp: ws://localhost:53145/devtoo..., se:cdpVersion: 116.0.5845.96, setWindowRect: true, strictFileInteractability: false, timeouts: {implicit: 0, pageLoad: 300000, script: 30000}, unhandledPromptBehavior: dismiss and notify, webauthn:extension:credBlob: true, webauthn:extension:largeBlob: true, webauthn:extension:minPinLength: true, webauthn:extension:prf: true, webauthn:virtualAuthenticators: true}\nSession ID: b45fbd33cd03cfa8e21f0cc758c54104","time":{"start":1693775904347,"stop":1693775950436,"duration":46089}},{"uid":"f8c18392f43345dd","reportUrl":"https://edgar8686.github.io/TestCapitalComJava/197//#testresult/f8c18392f43345dd","status":"passed","time":{"start":1693774553394,"stop":1693774625797,"duration":72403}},{"uid":"a62f8bdeead70d21","reportUrl":"https://edgar8686.github.io/TestCapitalComJava/196//#testresult/a62f8bdeead70d21","status":"failed","statusDetails":"Trade button is missing on the Widget","time":{"start":1693773211061,"stop":1693773266427,"duration":55366}}]},"678fb8d2fab6c5744d555cddd8e530ed":{"statistic":{"failed":0,"broken":1,"skipped":0,"passed":0,"unknown":0,"total":1},"items":[{"uid":"dee6422114d445fa","reportUrl":"https://edgar8686.github.io/TestCapitalComJava/213//#testresult/dee6422114d445fa","status":"broken","statusDetails":"Failed to evaluate condition [settings.MyExecutionCondition]: Index 0 out of bounds for length 0","time":{"start":1694865309702,"stop":1694865309702,"duration":0}}]},"9b041b474d68e514b835b34ca0b04891":{"statistic":{"failed":0,"broken":2,"skipped":2,"passed":14,"unknown":0,"total":18},"items":[{"uid":"5077ddf22bddb054","reportUrl":"https://edgar8686.github.io/TestCapitalComJava/214//#testresult/5077ddf22bddb054","status":"passed","time":{"start":1694867599841,"stop":1694867638581,"duration":38740}},{"uid":"d1956f0802bf6fc5","reportUrl":"https://edgar8686.github.io/TestCapitalComJava/212//#testresult/d1956f0802bf6fc5","status":"passed","time":{"start":1694551647607,"stop":1694551687461,"duration":39854}},{"uid":"152e572f1223417","reportUrl":"https://edgar8686.github.io/TestCapitalComJava/211//#testresult/152e572f1223417","status":"passed","time":{"start":1694453318821,"stop":1694453363043,"duration":44222}},{"uid":"d026efa779dff612","reportUrl":"https://edgar8686.github.io/TestCapitalComJava/210//#testresult/d026efa779dff612","status":"passed","time":{"start":1694451384808,"stop":1694451428445,"duration":43637}},{"uid":"32e737f9b54c58fc","reportUrl":"https://edgar8686.github.io/TestCapitalComJava/209//#testresult/32e737f9b54c58fc","status":"skipped","statusDetails":"Test Skipped: ETF trading not found. For tests on language the page Education->ETF trading doesn't exist on production","time":{"start":1694351285132,"stop":1694351322653,"duration":37521}},{"uid":"4816cb92089f305","reportUrl":"https://edgar8686.github.io/TestCapitalComJava/208//#testresult/4816cb92089f305","status":"broken","statusDetails":"no such element: Unable to locate element: {\"method\":\"css selector\",\"selector\":\"a[data-country='zh']\"}\n  (Session info: headless chrome=116.0.5845.141)\nFor documentation on this error, please visit: https://www.selenium.dev/documentation/webdriver/troubleshooting/errors#no-such-element-exception\nBuild info: version: '4.12.0', revision: '249f2a7d1b*'\nSystem info: os.name: 'Windows Server 2022', os.arch: 'amd64', os.version: '10.0', java.version: '11.0.20.1'\nDriver info: org.openqa.selenium.chrome.ChromeDriver\nCommand: [81ab6adb2efc43fa10d81e8e791e56e7, findElement {using=css selector, value=a[data-country='zh']}]\nCapabilities {acceptInsecureCerts: false, browserName: chrome, browserVersion: 116.0.5845.141, chrome: {chromedriverVersion: 116.0.5845.96 (1a3918166880..., userDataDir: C:\\Windows\\SystemTemp\\scope...}, fedcm:accounts: true, goog:chromeOptions: {debuggerAddress: localhost:50071}, networkConnectionEnabled: false, pageLoadStrategy: normal, platformName: windows, proxy: Proxy(), se:cdp: ws://localhost:50071/devtoo..., se:cdpVersion: 116.0.5845.141, setWindowRect: true, strictFileInteractability: false, timeouts: {implicit: 0, pageLoad: 300000, script: 30000}, unhandledPromptBehavior: dismiss and notify, webauthn:extension:credBlob: true, webauthn:extension:largeBlob: true, webauthn:extension:minPinLength: true, webauthn:extension:prf: true, webauthn:virtualAuthenticators: true}\nSession ID: 81ab6adb2efc43fa10d81e8e791e56e7","time":{"start":1694349323296,"stop":1694349332810,"duration":9514}},{"uid":"9ec0b7269b7526e6","reportUrl":"https://edgar8686.github.io/TestCapitalComJava/207//#testresult/9ec0b7269b7526e6","status":"broken","statusDetails":"No such language or country was found\nFor documentation on this error, please visit: https://www.selenium.dev/documentation/webdriver/troubleshooting/errors#no-such-element-exception\nBuild info: version: '4.12.0', revision: '249f2a7d1b*'\nSystem info: os.name: 'Windows Server 2022', os.arch: 'amd64', os.version: '10.0', java.version: '11.0.20.1'\nDriver info: driver.version: unknown","time":{"start":1694346639053,"stop":1694346639277,"duration":224}},{"uid":"9049593c57e4da13","reportUrl":"https://edgar8686.github.io/TestCapitalComJava/206//#testresult/9049593c57e4da13","status":"passed","time":{"start":1694267213842,"stop":1694267251952,"duration":38110}},{"uid":"d990a3d90fe336dc","reportUrl":"https://edgar8686.github.io/TestCapitalComJava/205//#testresult/d990a3d90fe336dc","status":"passed","time":{"start":1694265822629,"stop":1694265867018,"duration":44389}},{"uid":"cbcd78ed5a58f0bb","reportUrl":"https://edgar8686.github.io/TestCapitalComJava/204//#testresult/cbcd78ed5a58f0bb","status":"passed","time":{"start":1694262164524,"stop":1694262207876,"duration":43352}},{"uid":"bc6ec3aee71053af","reportUrl":"https://edgar8686.github.io/TestCapitalComJava/203//#testresult/bc6ec3aee71053af","status":"passed","time":{"start":1694100474978,"stop":1694100514654,"duration":39676}},{"uid":"b896edb636b1b3b6","reportUrl":"https://edgar8686.github.io/TestCapitalComJava/202//#testresult/b896edb636b1b3b6","status":"passed","time":{"start":1694022382218,"stop":1694022420640,"duration":38422}},{"uid":"c0bd82e3377c757b","reportUrl":"https://edgar8686.github.io/TestCapitalComJava/201//#testresult/c0bd82e3377c757b","status":"passed","time":{"start":1694017119877,"stop":1694017157543,"duration":37666}},{"uid":"12b04dca6f3252c4","reportUrl":"https://edgar8686.github.io/TestCapitalComJava/200//#testresult/12b04dca6f3252c4","status":"skipped","statusDetails":"Test Skipped: ETF trading not found. For tests on language the page Education->ETF trading doesn't exist on production","time":{"start":1693849237981,"stop":1693849274385,"duration":36404}},{"uid":"7ca4005009d56ee0","reportUrl":"https://edgar8686.github.io/TestCapitalComJava/199//#testresult/7ca4005009d56ee0","status":"passed","time":{"start":1693776929137,"stop":1693776964435,"duration":35298}},{"uid":"c645ab62de83561e","reportUrl":"https://edgar8686.github.io/TestCapitalComJava/198//#testresult/c645ab62de83561e","status":"passed","time":{"start":1693775594869,"stop":1693775631770,"duration":36901}},{"uid":"f41f52d241461a15","reportUrl":"https://edgar8686.github.io/TestCapitalComJava/197//#testresult/f41f52d241461a15","status":"passed","time":{"start":1693774088790,"stop":1693774164139,"duration":75349}},{"uid":"59ce9cf281216722","reportUrl":"https://edgar8686.github.io/TestCapitalComJava/196//#testresult/59ce9cf281216722","status":"passed","time":{"start":1693772857034,"stop":1693772895475,"duration":38441}}]},"b9b8981405848dc040e0c70fac51d095":{"statistic":{"failed":0,"broken":1,"skipped":0,"passed":0,"unknown":0,"total":1},"items":[{"uid":"1617c335dbe86895","reportUrl":"https://edgar8686.github.io/TestCapitalComJava/213//#testresult/1617c335dbe86895","status":"broken","statusDetails":"Failed to evaluate condition [settings.MyExecutionCondition]: Index 0 out of bounds for length 0","time":{"start":1694865309655,"stop":1694865309655,"duration":0}}]},"60da42a99b92d08bca7358701ba2a63a":{"statistic":{"failed":12,"broken":4,"skipped":2,"passed":0,"unknown":0,"total":18},"items":[{"uid":"8fab30b7b6f50649","reportUrl":"https://edgar8686.github.io/TestCapitalComJava/214//#testresult/8fab30b7b6f50649","status":"failed","statusDetails":"Failed: Opened a 'SignUp' form instead of a 'Login' form (UnAuth) (7 failures)\r\n\torg.opentest4j.AssertionFailedError: Login is not displayed ==> expected: <true> but was: <false>\r\n\torg.opentest4j.AssertionFailedError: Link SignUp is not displayed ==> expected: <true> but was: <false>\r\n\torg.opentest4j.AssertionFailedError: Email input is not displayed ==> expected: <true> but was: <false>\r\n\torg.opentest4j.AssertionFailedError: Password input is not displayed ==> expected: <true> but was: <false>\r\n\torg.opentest4j.AssertionFailedError: Password forgot link is not displayed ==> expected: <true> but was: <false>\r\n\torg.opentest4j.AssertionFailedError: Continue button is not displayed ==> expected: <true> but was: <false>\r\n\torg.opentest4j.AssertionFailedError: CheckBox is not displayed ==> expected: <true> but was: <false>","time":{"start":1694867829222,"stop":1694867869729,"duration":40507}},{"uid":"2b87df3f494fe84c","reportUrl":"https://edgar8686.github.io/TestCapitalComJava/212//#testresult/2b87df3f494fe84c","status":"failed","statusDetails":"Failed: Opened a 'SignUp' form instead of a 'Login' form (UnAuth) (7 failures)\r\n\torg.opentest4j.AssertionFailedError: Login is not displayed ==> expected: <true> but was: <false>\r\n\torg.opentest4j.AssertionFailedError: Link SignUp is not displayed ==> expected: <true> but was: <false>\r\n\torg.opentest4j.AssertionFailedError: Email input is not displayed ==> expected: <true> but was: <false>\r\n\torg.opentest4j.AssertionFailedError: Password input is not displayed ==> expected: <true> but was: <false>\r\n\torg.opentest4j.AssertionFailedError: Password forgot link is not displayed ==> expected: <true> but was: <false>\r\n\torg.opentest4j.AssertionFailedError: Continue button is not displayed ==> expected: <true> but was: <false>\r\n\torg.opentest4j.AssertionFailedError: CheckBox is not displayed ==> expected: <true> but was: <false>","time":{"start":1694551877580,"stop":1694551913880,"duration":36300}},{"uid":"88f4aa004a7e3a5e","reportUrl":"https://edgar8686.github.io/TestCapitalComJava/211//#testresult/88f4aa004a7e3a5e","status":"failed","statusDetails":"Failed: Opened a 'SignUp' form instead of a 'Login' form (UnAuth) (7 failures)\r\n\torg.opentest4j.AssertionFailedError: Login is not displayed ==> expected: <true> but was: <false>\r\n\torg.opentest4j.AssertionFailedError: Link SignUp is not displayed ==> expected: <true> but was: <false>\r\n\torg.opentest4j.AssertionFailedError: Email input is not displayed ==> expected: <true> but was: <false>\r\n\torg.opentest4j.AssertionFailedError: Password input is not displayed ==> expected: <true> but was: <false>\r\n\torg.opentest4j.AssertionFailedError: Password forgot link is not displayed ==> expected: <true> but was: <false>\r\n\torg.opentest4j.AssertionFailedError: Continue button is not displayed ==> expected: <true> but was: <false>\r\n\torg.opentest4j.AssertionFailedError: CheckBox is not displayed ==> expected: <true> but was: <false>","time":{"start":1694453574009,"stop":1694453615826,"duration":41817}},{"uid":"fa094c3dbaa238dd","reportUrl":"https://edgar8686.github.io/TestCapitalComJava/210//#testresult/fa094c3dbaa238dd","status":"failed","statusDetails":"Failed: Opened a 'SignUp' form instead of a 'Login' form (UnAuth) (7 failures)\r\n\torg.opentest4j.AssertionFailedError: Login is not displayed ==> expected: <true> but was: <false>\r\n\torg.opentest4j.AssertionFailedError: Link SignUp is not displayed ==> expected: <true> but was: <false>\r\n\torg.opentest4j.AssertionFailedError: Email input is not displayed ==> expected: <true> but was: <false>\r\n\torg.opentest4j.AssertionFailedError: Password input is not displayed ==> expected: <true> but was: <false>\r\n\torg.opentest4j.AssertionFailedError: Password forgot link is not displayed ==> expected: <true> but was: <false>\r\n\torg.opentest4j.AssertionFailedError: Continue button is not displayed ==> expected: <true> but was: <false>\r\n\torg.opentest4j.AssertionFailedError: CheckBox is not displayed ==> expected: <true> but was: <false>","time":{"start":1694451623758,"stop":1694451664541,"duration":40783}},{"uid":"cd0e3b1cf4be7880","reportUrl":"https://edgar8686.github.io/TestCapitalComJava/209//#testresult/cd0e3b1cf4be7880","status":"skipped","statusDetails":"Test Skipped: ETF trading not found. For tests on language the page Education->ETF trading doesn't exist on production","time":{"start":1694351529517,"stop":1694351573322,"duration":43805}},{"uid":"f9eb9bb4a1451c2a","reportUrl":"https://edgar8686.github.io/TestCapitalComJava/208//#testresult/f9eb9bb4a1451c2a","status":"broken","statusDetails":"no such element: Unable to locate element: {\"method\":\"css selector\",\"selector\":\"a[data-country='zh']\"}\n  (Session info: headless chrome=116.0.5845.141)\nFor documentation on this error, please visit: https://www.selenium.dev/documentation/webdriver/troubleshooting/errors#no-such-element-exception\nBuild info: version: '4.12.0', revision: '249f2a7d1b*'\nSystem info: os.name: 'Windows Server 2022', os.arch: 'amd64', os.version: '10.0', java.version: '11.0.20.1'\nDriver info: org.openqa.selenium.chrome.ChromeDriver\nCommand: [120ebbf1bf662fb40578f6274b0f6f13, findElement {using=css selector, value=a[data-country='zh']}]\nCapabilities {acceptInsecureCerts: false, browserName: chrome, browserVersion: 116.0.5845.141, chrome: {chromedriverVersion: 116.0.5845.96 (1a3918166880..., userDataDir: C:\\Windows\\SystemTemp\\scope...}, fedcm:accounts: true, goog:chromeOptions: {debuggerAddress: localhost:50259}, networkConnectionEnabled: false, pageLoadStrategy: normal, platformName: windows, proxy: Proxy(), se:cdp: ws://localhost:50259/devtoo..., se:cdpVersion: 116.0.5845.141, setWindowRect: true, strictFileInteractability: false, timeouts: {implicit: 0, pageLoad: 300000, script: 30000}, unhandledPromptBehavior: dismiss and notify, webauthn:extension:credBlob: true, webauthn:extension:largeBlob: true, webauthn:extension:minPinLength: true, webauthn:extension:prf: true, webauthn:virtualAuthenticators: true}\nSession ID: 120ebbf1bf662fb40578f6274b0f6f13","time":{"start":1694349392508,"stop":1694349401551,"duration":9043}},{"uid":"dc6550103ae4c003","reportUrl":"https://edgar8686.github.io/TestCapitalComJava/207//#testresult/dc6550103ae4c003","status":"broken","statusDetails":"No such language or country was found\nFor documentation on this error, please visit: https://www.selenium.dev/documentation/webdriver/troubleshooting/errors#no-such-element-exception\nBuild info: version: '4.12.0', revision: '249f2a7d1b*'\nSystem info: os.name: 'Windows Server 2022', os.arch: 'amd64', os.version: '10.0', java.version: '11.0.20.1'\nDriver info: driver.version: unknown","time":{"start":1694346644184,"stop":1694346644318,"duration":134}},{"uid":"2df8d99e1b210c4f","reportUrl":"https://edgar8686.github.io/TestCapitalComJava/206//#testresult/2df8d99e1b210c4f","status":"failed","statusDetails":"Failed: Opened a 'SignUp' form instead of a 'Login' form (UnAuth) (7 failures)\r\n\torg.opentest4j.AssertionFailedError: Login is not displayed ==> expected: <true> but was: <false>\r\n\torg.opentest4j.AssertionFailedError: Link SignUp is not displayed ==> expected: <true> but was: <false>\r\n\torg.opentest4j.AssertionFailedError: Email input is not displayed ==> expected: <true> but was: <false>\r\n\torg.opentest4j.AssertionFailedError: Password input is not displayed ==> expected: <true> but was: <false>\r\n\torg.opentest4j.AssertionFailedError: Password forgot link is not displayed ==> expected: <true> but was: <false>\r\n\torg.opentest4j.AssertionFailedError: Continue button is not displayed ==> expected: <true> but was: <false>\r\n\torg.opentest4j.AssertionFailedError: CheckBox is not displayed ==> expected: <true> but was: <false>","time":{"start":1694267438769,"stop":1694267474726,"duration":35957}},{"uid":"1640b4ddf991334d","reportUrl":"https://edgar8686.github.io/TestCapitalComJava/205//#testresult/1640b4ddf991334d","status":"failed","statusDetails":"Failed: Opened a 'SignUp' form instead of a 'Login' form (UnAuth) (7 failures)\r\n\torg.opentest4j.AssertionFailedError: Login is not displayed ==> expected: <true> but was: <false>\r\n\torg.opentest4j.AssertionFailedError: Link SignUp is not displayed ==> expected: <true> but was: <false>\r\n\torg.opentest4j.AssertionFailedError: Email input is not displayed ==> expected: <true> but was: <false>\r\n\torg.opentest4j.AssertionFailedError: Password input is not displayed ==> expected: <true> but was: <false>\r\n\torg.opentest4j.AssertionFailedError: Password forgot link is not displayed ==> expected: <true> but was: <false>\r\n\torg.opentest4j.AssertionFailedError: Continue button is not displayed ==> expected: <true> but was: <false>\r\n\torg.opentest4j.AssertionFailedError: CheckBox is not displayed ==> expected: <true> but was: <false>","time":{"start":1694266065122,"stop":1694266103514,"duration":38392}},{"uid":"e6f8d0db62ad52","reportUrl":"https://edgar8686.github.io/TestCapitalComJava/204//#testresult/e6f8d0db62ad52","status":"failed","statusDetails":"Failed: Opened a 'SignUp' form instead of a 'Login' form (UnAuth) (7 failures)\r\n\torg.opentest4j.AssertionFailedError: Login is not displayed ==> expected: <true> but was: <false>\r\n\torg.opentest4j.AssertionFailedError: Link SignUp is not displayed ==> expected: <true> but was: <false>\r\n\torg.opentest4j.AssertionFailedError: Email input is not displayed ==> expected: <true> but was: <false>\r\n\torg.opentest4j.AssertionFailedError: Password input is not displayed ==> expected: <true> but was: <false>\r\n\torg.opentest4j.AssertionFailedError: Password forgot link is not displayed ==> expected: <true> but was: <false>\r\n\torg.opentest4j.AssertionFailedError: Continue button is not displayed ==> expected: <true> but was: <false>\r\n\torg.opentest4j.AssertionFailedError: CheckBox is not displayed ==> expected: <true> but was: <false>","time":{"start":1694262399517,"stop":1694262435904,"duration":36387}},{"uid":"3e93b7e034b3b9e7","reportUrl":"https://edgar8686.github.io/TestCapitalComJava/203//#testresult/3e93b7e034b3b9e7","status":"failed","statusDetails":"Failed: Opened a 'SignUp' form instead of a 'Login' form (UnAuth) (7 failures)\r\n\torg.opentest4j.AssertionFailedError: Login is not displayed ==> expected: <true> but was: <false>\r\n\torg.opentest4j.AssertionFailedError: Link SignUp is not displayed ==> expected: <true> but was: <false>\r\n\torg.opentest4j.AssertionFailedError: Email input is not displayed ==> expected: <true> but was: <false>\r\n\torg.opentest4j.AssertionFailedError: Password input is not displayed ==> expected: <true> but was: <false>\r\n\torg.opentest4j.AssertionFailedError: Password forgot link is not displayed ==> expected: <true> but was: <false>\r\n\torg.opentest4j.AssertionFailedError: Continue button is not displayed ==> expected: <true> but was: <false>\r\n\torg.opentest4j.AssertionFailedError: CheckBox is not displayed ==> expected: <true> but was: <false>","time":{"start":1694100770402,"stop":1694100806241,"duration":35839}},{"uid":"fa77648da35f02ee","reportUrl":"https://edgar8686.github.io/TestCapitalComJava/202//#testresult/fa77648da35f02ee","status":"failed","statusDetails":"Failed: Opened a 'SignUp' form instead of a 'Login' form (UnAuth) (7 failures)\r\n\torg.opentest4j.AssertionFailedError: Login is not displayed ==> expected: <true> but was: <false>\r\n\torg.opentest4j.AssertionFailedError: Link SignUp is not displayed ==> expected: <true> but was: <false>\r\n\torg.opentest4j.AssertionFailedError: Email input is not displayed ==> expected: <true> but was: <false>\r\n\torg.opentest4j.AssertionFailedError: Password input is not displayed ==> expected: <true> but was: <false>\r\n\torg.opentest4j.AssertionFailedError: Password forgot link is not displayed ==> expected: <true> but was: <false>\r\n\torg.opentest4j.AssertionFailedError: Continue button is not displayed ==> expected: <true> but was: <false>\r\n\torg.opentest4j.AssertionFailedError: CheckBox is not displayed ==> expected: <true> but was: <false>","time":{"start":1694022611015,"stop":1694022678886,"duration":67871}},{"uid":"e239b13e463a1280","reportUrl":"https://edgar8686.github.io/TestCapitalComJava/201//#testresult/e239b13e463a1280","status":"broken","statusDetails":"stale element reference: stale element not found\n  (Session info: headless chrome=116.0.5845.141)\nFor documentation on this error, please visit: https://www.selenium.dev/documentation/webdriver/troubleshooting/errors#stale-element-reference-exception\nBuild info: version: '4.12.0', revision: '249f2a7d1b*'\nSystem info: os.name: 'Windows Server 2022', os.arch: 'amd64', os.version: '10.0', java.version: '11.0.20.1'\nDriver info: org.openqa.selenium.chrome.ChromeDriver\nCommand: [2e2e83a390e21d145999d08fbfbed096, clickElement {id=0C7D8D31B6B372E0113201CA6BB61EA4_element_164}]\nCapabilities {acceptInsecureCerts: false, browserName: chrome, browserVersion: 116.0.5845.141, chrome: {chromedriverVersion: 116.0.5845.96 (1a3918166880..., userDataDir: C:\\Windows\\SystemTemp\\scope...}, fedcm:accounts: true, goog:chromeOptions: {debuggerAddress: localhost:64946}, networkConnectionEnabled: false, pageLoadStrategy: normal, platformName: windows, proxy: Proxy(), se:cdp: ws://localhost:64946/devtoo..., se:cdpVersion: 116.0.5845.141, setWindowRect: true, strictFileInteractability: false, timeouts: {implicit: 0, pageLoad: 300000, script: 30000}, unhandledPromptBehavior: dismiss and notify, webauthn:extension:credBlob: true, webauthn:extension:largeBlob: true, webauthn:extension:minPinLength: true, webauthn:extension:prf: true, webauthn:virtualAuthenticators: true}\nElement: [[ChromeDriver: chrome on windows (2e2e83a390e21d145999d08fbfbed096)] -> css selector: a[data-country='es']]\nSession ID: 2e2e83a390e21d145999d08fbfbed096","time":{"start":1694017345146,"stop":1694017370419,"duration":25273}},{"uid":"767bacb7aa93a05","reportUrl":"https://edgar8686.github.io/TestCapitalComJava/200//#testresult/767bacb7aa93a05","status":"skipped","statusDetails":"Test Skipped: ETF trading not found. For tests on language the page Education->ETF trading doesn't exist on production","time":{"start":1693849572639,"stop":1693849615625,"duration":42986}},{"uid":"4c5946ab7dc84897","reportUrl":"https://edgar8686.github.io/TestCapitalComJava/199//#testresult/4c5946ab7dc84897","status":"failed","statusDetails":"Failed: Opened a 'SignUp' form instead of a 'Login' form (UnAuth) (7 failures)\r\n\torg.opentest4j.AssertionFailedError: Login is not displayed ==> expected: <true> but was: <false>\r\n\torg.opentest4j.AssertionFailedError: Link SignUp is not displayed ==> expected: <true> but was: <false>\r\n\torg.opentest4j.AssertionFailedError: Email input is not displayed ==> expected: <true> but was: <false>\r\n\torg.opentest4j.AssertionFailedError: Password input is not displayed ==> expected: <true> but was: <false>\r\n\torg.opentest4j.AssertionFailedError: Password forgot link is not displayed ==> expected: <true> but was: <false>\r\n\torg.opentest4j.AssertionFailedError: Continue button is not displayed ==> expected: <true> but was: <false>\r\n\torg.opentest4j.AssertionFailedError: CheckBox is not displayed ==> expected: <true> but was: <false>","time":{"start":1693777229981,"stop":1693777292838,"duration":62857}},{"uid":"7a4ba837e432923b","reportUrl":"https://edgar8686.github.io/TestCapitalComJava/198//#testresult/7a4ba837e432923b","status":"broken","statusDetails":"stale element reference: stale element not found\n  (Session info: headless chrome=116.0.5845.96)\nFor documentation on this error, please visit: https://www.selenium.dev/documentation/webdriver/troubleshooting/errors#stale-element-reference-exception\nBuild info: version: '4.12.0', revision: '249f2a7d1b*'\nSystem info: os.name: 'Windows Server 2022', os.arch: 'amd64', os.version: '10.0', java.version: '11.0.20.1'\nDriver info: org.openqa.selenium.chrome.ChromeDriver\nCommand: [3829e71f36142bffe1e1c524c5677792, clickElement {id=3EEB829AE5D6C46C5313B0103FAB6EA7_element_151}]\nCapabilities {acceptInsecureCerts: false, browserName: chrome, browserVersion: 116.0.5845.96, chrome: {chromedriverVersion: 116.0.5845.96 (1a3918166880..., userDataDir: C:\\Windows\\SystemTemp\\scope...}, fedcm:accounts: true, goog:chromeOptions: {debuggerAddress: localhost:53043}, networkConnectionEnabled: false, pageLoadStrategy: normal, platformName: windows, proxy: Proxy(), se:cdp: ws://localhost:53043/devtoo..., se:cdpVersion: 116.0.5845.96, setWindowRect: true, strictFileInteractability: false, timeouts: {implicit: 0, pageLoad: 300000, script: 30000}, unhandledPromptBehavior: dismiss and notify, webauthn:extension:credBlob: true, webauthn:extension:largeBlob: true, webauthn:extension:minPinLength: true, webauthn:extension:prf: true, webauthn:virtualAuthenticators: true}\nElement: [[ChromeDriver: chrome on windows (3829e71f36142bffe1e1c524c5677792)] -> css selector: a[data-country='hk']]\nSession ID: 3829e71f36142bffe1e1c524c5677792","time":{"start":1693775835264,"stop":1693775852313,"duration":17049}},{"uid":"10496b20ab957d79","reportUrl":"https://edgar8686.github.io/TestCapitalComJava/197//#testresult/10496b20ab957d79","status":"failed","statusDetails":"Failed: Opened a 'SignUp' form instead of a 'Login' form (UnAuth) (7 failures)\r\n\torg.opentest4j.AssertionFailedError: Login is not displayed ==> expected: <true> but was: <false>\r\n\torg.opentest4j.AssertionFailedError: Link SignUp is not displayed ==> expected: <true> but was: <false>\r\n\torg.opentest4j.AssertionFailedError: Email input is not displayed ==> expected: <true> but was: <false>\r\n\torg.opentest4j.AssertionFailedError: Password input is not displayed ==> expected: <true> but was: <false>\r\n\torg.opentest4j.AssertionFailedError: Password forgot link is not displayed ==> expected: <true> but was: <false>\r\n\torg.opentest4j.AssertionFailedError: Continue button is not displayed ==> expected: <true> but was: <false>\r\n\torg.opentest4j.AssertionFailedError: CheckBox is not displayed ==> expected: <true> but was: <false>","time":{"start":1693774448122,"stop":1693774500265,"duration":52143}},{"uid":"f502ca47f8e263d7","reportUrl":"https://edgar8686.github.io/TestCapitalComJava/196//#testresult/f502ca47f8e263d7","status":"failed","statusDetails":"Failed: Opened a 'SignUp' form instead of a 'Login' form (UnAuth) (7 failures)\r\n\torg.opentest4j.AssertionFailedError: Login is not displayed ==> expected: <true> but was: <false>\r\n\torg.opentest4j.AssertionFailedError: Link SignUp is not displayed ==> expected: <true> but was: <false>\r\n\torg.opentest4j.AssertionFailedError: Email input is not displayed ==> expected: <true> but was: <false>\r\n\torg.opentest4j.AssertionFailedError: Password input is not displayed ==> expected: <true> but was: <false>\r\n\torg.opentest4j.AssertionFailedError: Password forgot link is not displayed ==> expected: <true> but was: <false>\r\n\torg.opentest4j.AssertionFailedError: Continue button is not displayed ==> expected: <true> but was: <false>\r\n\torg.opentest4j.AssertionFailedError: CheckBox is not displayed ==> expected: <true> but was: <false>","time":{"start":1693773137885,"stop":1693773174845,"duration":36960}}]},"efbd12ba1670bf6659dbc3d77bc54702":{"statistic":{"failed":0,"broken":2,"skipped":2,"passed":14,"unknown":0,"total":18},"items":[{"uid":"690ccf638051a160","reportUrl":"https://edgar8686.github.io/TestCapitalComJava/214//#testresult/690ccf638051a160","status":"passed","time":{"start":1694867869760,"stop":1694867900834,"duration":31074}},{"uid":"c2e4e3cdc8b629d0","reportUrl":"https://edgar8686.github.io/TestCapitalComJava/212//#testresult/c2e4e3cdc8b629d0","status":"passed","time":{"start":1694551913927,"stop":1694551944805,"duration":30878}},{"uid":"35928f8bbe1d2b5b","reportUrl":"https://edgar8686.github.io/TestCapitalComJava/211//#testresult/35928f8bbe1d2b5b","status":"passed","time":{"start":1694453615945,"stop":1694453663512,"duration":47567}},{"uid":"b92fe413317e51c","reportUrl":"https://edgar8686.github.io/TestCapitalComJava/210//#testresult/b92fe413317e51c","status":"passed","time":{"start":1694451665531,"stop":1694451701062,"duration":35531}},{"uid":"d135ec1a54a3729","reportUrl":"https://edgar8686.github.io/TestCapitalComJava/209//#testresult/d135ec1a54a3729","status":"skipped","statusDetails":"Test Skipped: ETF trading not found. For tests on language the page Education->ETF trading doesn't exist on production","time":{"start":1694351573525,"stop":1694351609881,"duration":36356}},{"uid":"686f886b98f30730","reportUrl":"https://edgar8686.github.io/TestCapitalComJava/208//#testresult/686f886b98f30730","status":"broken","statusDetails":"no such element: Unable to locate element: {\"method\":\"css selector\",\"selector\":\"a[data-country='zh']\"}\n  (Session info: headless chrome=116.0.5845.141)\nFor documentation on this error, please visit: https://www.selenium.dev/documentation/webdriver/troubleshooting/errors#no-such-element-exception\nBuild info: version: '4.12.0', revision: '249f2a7d1b*'\nSystem info: os.name: 'Windows Server 2022', os.arch: 'amd64', os.version: '10.0', java.version: '11.0.20.1'\nDriver info: org.openqa.selenium.chrome.ChromeDriver\nCommand: [120ebbf1bf662fb40578f6274b0f6f13, findElement {using=css selector, value=a[data-country='zh']}]\nCapabilities {acceptInsecureCerts: false, browserName: chrome, browserVersion: 116.0.5845.141, chrome: {chromedriverVersion: 116.0.5845.96 (1a3918166880..., userDataDir: C:\\Windows\\SystemTemp\\scope...}, fedcm:accounts: true, goog:chromeOptions: {debuggerAddress: localhost:50259}, networkConnectionEnabled: false, pageLoadStrategy: normal, platformName: windows, proxy: Proxy(), se:cdp: ws://localhost:50259/devtoo..., se:cdpVersion: 116.0.5845.141, setWindowRect: true, strictFileInteractability: false, timeouts: {implicit: 0, pageLoad: 300000, script: 30000}, unhandledPromptBehavior: dismiss and notify, webauthn:extension:credBlob: true, webauthn:extension:largeBlob: true, webauthn:extension:minPinLength: true, webauthn:extension:prf: true, webauthn:virtualAuthenticators: true}\nSession ID: 120ebbf1bf662fb40578f6274b0f6f13","time":{"start":1694349401629,"stop":1694349431891,"duration":30262}},{"uid":"8e3610f8fdf3ca56","reportUrl":"https://edgar8686.github.io/TestCapitalComJava/207//#testresult/8e3610f8fdf3ca56","status":"broken","statusDetails":"No such language or country was found\nFor documentation on this error, please visit: https://www.selenium.dev/documentation/webdriver/troubleshooting/errors#no-such-element-exception\nBuild info: version: '4.12.0', revision: '249f2a7d1b*'\nSystem info: os.name: 'Windows Server 2022', os.arch: 'amd64', os.version: '10.0', java.version: '11.0.20.1'\nDriver info: driver.version: unknown","time":{"start":1694346644349,"stop":1694346644469,"duration":120}},{"uid":"91288cac537b347","reportUrl":"https://edgar8686.github.io/TestCapitalComJava/206//#testresult/91288cac537b347","status":"passed","time":{"start":1694267474879,"stop":1694267505652,"duration":30773}},{"uid":"d4f7d4515e203e24","reportUrl":"https://edgar8686.github.io/TestCapitalComJava/205//#testresult/d4f7d4515e203e24","status":"passed","time":{"start":1694266103671,"stop":1694266144251,"duration":40580}},{"uid":"c5966bd87b4080cd","reportUrl":"https://edgar8686.github.io/TestCapitalComJava/204//#testresult/c5966bd87b4080cd","status":"passed","time":{"start":1694262435920,"stop":1694262470877,"duration":34957}},{"uid":"46426876df379001","reportUrl":"https://edgar8686.github.io/TestCapitalComJava/203//#testresult/46426876df379001","status":"passed","time":{"start":1694100806385,"stop":1694100838492,"duration":32107}},{"uid":"47dbc5a99ff9b584","reportUrl":"https://edgar8686.github.io/TestCapitalComJava/202//#testresult/47dbc5a99ff9b584","status":"passed","time":{"start":1694022679043,"stop":1694022747053,"duration":68010}},{"uid":"bb44b5397c2b048b","reportUrl":"https://edgar8686.github.io/TestCapitalComJava/201//#testresult/bb44b5397c2b048b","status":"passed","time":{"start":1694017370674,"stop":1694017443106,"duration":72432}},{"uid":"d9007967bcdd14f2","reportUrl":"https://edgar8686.github.io/TestCapitalComJava/200//#testresult/d9007967bcdd14f2","status":"skipped","statusDetails":"Test Skipped: ETF trading not found. For tests on language the page Education->ETF trading doesn't exist on production","time":{"start":1693849615657,"stop":1693849651360,"duration":35703}},{"uid":"d630d9b845a595df","reportUrl":"https://edgar8686.github.io/TestCapitalComJava/199//#testresult/d630d9b845a595df","status":"passed","time":{"start":1693777292962,"stop":1693777323961,"duration":30999}},{"uid":"edf69228e4473feb","reportUrl":"https://edgar8686.github.io/TestCapitalComJava/198//#testresult/edf69228e4473feb","status":"passed","time":{"start":1693775852564,"stop":1693775902269,"duration":49705}},{"uid":"fba197d885dc816f","reportUrl":"https://edgar8686.github.io/TestCapitalComJava/197//#testresult/fba197d885dc816f","status":"passed","time":{"start":1693774500297,"stop":1693774551649,"duration":51352}},{"uid":"9856797da22f2908","reportUrl":"https://edgar8686.github.io/TestCapitalComJava/196//#testresult/9856797da22f2908","status":"passed","time":{"start":1693773174970,"stop":1693773208947,"duration":33977}}]},"3610ef3f0dc98dffab541975819d0b4a":{"statistic":{"failed":0,"broken":4,"skipped":2,"passed":12,"unknown":0,"total":18},"items":[{"uid":"6f75033f44cdd87f","reportUrl":"https://edgar8686.github.io/TestCapitalComJava/214//#testresult/6f75033f44cdd87f","status":"passed","time":{"start":1694867738365,"stop":1694867764604,"duration":26239}},{"uid":"313ce55f33b50e19","reportUrl":"https://edgar8686.github.io/TestCapitalComJava/212//#testresult/313ce55f33b50e19","status":"passed","time":{"start":1694551786820,"stop":1694551812623,"duration":25803}},{"uid":"a0193cad99f46bf2","reportUrl":"https://edgar8686.github.io/TestCapitalComJava/211//#testresult/a0193cad99f46bf2","status":"passed","time":{"start":1694453472795,"stop":1694453500596,"duration":27801}},{"uid":"12329deb70300251","reportUrl":"https://edgar8686.github.io/TestCapitalComJava/210//#testresult/12329deb70300251","status":"broken","statusDetails":"stale element reference: stale element not found\n  (Session info: headless chrome=116.0.5845.141)\nFor documentation on this error, please visit: https://www.selenium.dev/documentation/webdriver/troubleshooting/errors#stale-element-reference-exception\nBuild info: version: '4.12.0', revision: '249f2a7d1b*'\nSystem info: os.name: 'Windows Server 2022', os.arch: 'amd64', os.version: '10.0', java.version: '11.0.20.1'\nDriver info: org.openqa.selenium.chrome.ChromeDriver\nCommand: [0a9e1cd9cefece18f24198def7f548b1, clickElement {id=28080AEE7BC760567AC1E83F06374A7D_element_69}]\nCapabilities {acceptInsecureCerts: false, browserName: chrome, browserVersion: 116.0.5845.141, chrome: {chromedriverVersion: 116.0.5845.96 (1a3918166880..., userDataDir: C:\\Windows\\SystemTemp\\scope...}, fedcm:accounts: true, goog:chromeOptions: {debuggerAddress: localhost:60137}, networkConnectionEnabled: false, pageLoadStrategy: normal, platformName: windows, proxy: Proxy(), se:cdp: ws://localhost:60137/devtoo..., se:cdpVersion: 116.0.5845.141, setWindowRect: true, strictFileInteractability: false, timeouts: {implicit: 0, pageLoad: 300000, script: 30000}, unhandledPromptBehavior: dismiss and notify, webauthn:extension:credBlob: true, webauthn:extension:largeBlob: true, webauthn:extension:minPinLength: true, webauthn:extension:prf: true, webauthn:virtualAuthenticators: true}\nElement: [[ChromeDriver: chrome on windows (0a9e1cd9cefece18f24198def7f548b1)] -> css selector: a[data-country='ae']]\nSession ID: 0a9e1cd9cefece18f24198def7f548b1","time":{"start":1694451560337,"stop":1694451573778,"duration":13441}},{"uid":"cee07903d5c88c2b","reportUrl":"https://edgar8686.github.io/TestCapitalComJava/209//#testresult/cee07903d5c88c2b","status":"skipped","statusDetails":"Test Skipped: ETF trading not found. For tests on language the page Education->ETF trading doesn't exist on production","time":{"start":1694351427234,"stop":1694351455457,"duration":28223}},{"uid":"7e2b606b05eb5382","reportUrl":"https://edgar8686.github.io/TestCapitalComJava/208//#testresult/7e2b606b05eb5382","status":"broken","statusDetails":"no such element: Unable to locate element: {\"method\":\"css selector\",\"selector\":\"a[data-country='zh']\"}\n  (Session info: headless chrome=116.0.5845.141)\nFor documentation on this error, please visit: https://www.selenium.dev/documentation/webdriver/troubleshooting/errors#no-such-element-exception\nBuild info: version: '4.12.0', revision: '249f2a7d1b*'\nSystem info: os.name: 'Windows Server 2022', os.arch: 'amd64', os.version: '10.0', java.version: '11.0.20.1'\nDriver info: org.openqa.selenium.chrome.ChromeDriver\nCommand: [ea1aae753a20ca9ed5aae4da84549cfe, findElement {using=css selector, value=a[data-country='zh']}]\nCapabilities {acceptInsecureCerts: false, browserName: chrome, browserVersion: 116.0.5845.141, chrome: {chromedriverVersion: 116.0.5845.96 (1a3918166880..., userDataDir: C:\\Windows\\SystemTemp\\scope...}, fedcm:accounts: true, goog:chromeOptions: {debuggerAddress: localhost:50199}, networkConnectionEnabled: false, pageLoadStrategy: normal, platformName: windows, proxy: Proxy(), se:cdp: ws://localhost:50199/devtoo..., se:cdpVersion: 116.0.5845.141, setWindowRect: true, strictFileInteractability: false, timeouts: {implicit: 0, pageLoad: 300000, script: 30000}, unhandledPromptBehavior: dismiss and notify, webauthn:extension:credBlob: true, webauthn:extension:largeBlob: true, webauthn:extension:minPinLength: true, webauthn:extension:prf: true, webauthn:virtualAuthenticators: true}\nSession ID: ea1aae753a20ca9ed5aae4da84549cfe","time":{"start":1694349363077,"stop":1694349372307,"duration":9230}},{"uid":"53d2f7fc62280472","reportUrl":"https://edgar8686.github.io/TestCapitalComJava/207//#testresult/53d2f7fc62280472","status":"broken","statusDetails":"No such language or country was found\nFor documentation on this error, please visit: https://www.selenium.dev/documentation/webdriver/troubleshooting/errors#no-such-element-exception\nBuild info: version: '4.12.0', revision: '249f2a7d1b*'\nSystem info: os.name: 'Windows Server 2022', os.arch: 'amd64', os.version: '10.0', java.version: '11.0.20.1'\nDriver info: driver.version: unknown","time":{"start":1694346642616,"stop":1694346642785,"duration":169}},{"uid":"ffef3b09876bd21f","reportUrl":"https://edgar8686.github.io/TestCapitalComJava/206//#testresult/ffef3b09876bd21f","status":"passed","time":{"start":1694267351489,"stop":1694267376563,"duration":25074}},{"uid":"8fa7cb8162ff731b","reportUrl":"https://edgar8686.github.io/TestCapitalComJava/205//#testresult/8fa7cb8162ff731b","status":"passed","time":{"start":1694265970184,"stop":1694265997184,"duration":27000}},{"uid":"d98e90f674bfe108","reportUrl":"https://edgar8686.github.io/TestCapitalComJava/204//#testresult/d98e90f674bfe108","status":"passed","time":{"start":1694262306735,"stop":1694262334836,"duration":28101}},{"uid":"4ffe044af4c22ede","reportUrl":"https://edgar8686.github.io/TestCapitalComJava/203//#testresult/4ffe044af4c22ede","status":"passed","time":{"start":1694100681573,"stop":1694100706752,"duration":25179}},{"uid":"284b528108948d63","reportUrl":"https://edgar8686.github.io/TestCapitalComJava/202//#testresult/284b528108948d63","status":"passed","time":{"start":1694022519803,"stop":1694022545132,"duration":25329}},{"uid":"2175cb83c0dbb95a","reportUrl":"https://edgar8686.github.io/TestCapitalComJava/201//#testresult/2175cb83c0dbb95a","status":"broken","statusDetails":"stale element reference: stale element not found\n  (Session info: headless chrome=116.0.5845.141)\nFor documentation on this error, please visit: https://www.selenium.dev/documentation/webdriver/troubleshooting/errors#stale-element-reference-exception\nBuild info: version: '4.12.0', revision: '249f2a7d1b*'\nSystem info: os.name: 'Windows Server 2022', os.arch: 'amd64', os.version: '10.0', java.version: '11.0.20.1'\nDriver info: org.openqa.selenium.chrome.ChromeDriver\nCommand: [da0f365ab1650da0162796f5c1620742, isElementDisplayed {id=160905E716A3EE5EEE8F7D1DF3DDA547_element_67}]\nCapabilities {acceptInsecureCerts: false, browserName: chrome, browserVersion: 116.0.5845.141, chrome: {chromedriverVersion: 116.0.5845.96 (1a3918166880..., userDataDir: C:\\Windows\\SystemTemp\\scope...}, fedcm:accounts: true, goog:chromeOptions: {debuggerAddress: localhost:64858}, networkConnectionEnabled: false, pageLoadStrategy: normal, platformName: windows, proxy: Proxy(), se:cdp: ws://localhost:64858/devtoo..., se:cdpVersion: 116.0.5845.141, setWindowRect: true, strictFileInteractability: false, timeouts: {implicit: 0, pageLoad: 300000, script: 30000}, unhandledPromptBehavior: dismiss and notify, webauthn:extension:credBlob: true, webauthn:extension:largeBlob: true, webauthn:extension:minPinLength: true, webauthn:extension:prf: true, webauthn:virtualAuthenticators: true}\nElement: [[ChromeDriver: chrome on windows (da0f365ab1650da0162796f5c1620742)] -> css selector: a[data-country='es']]\nSession ID: da0f365ab1650da0162796f5c1620742","time":{"start":1694017261398,"stop":1694017268204,"duration":6806}},{"uid":"b086c191933a6e31","reportUrl":"https://edgar8686.github.io/TestCapitalComJava/200//#testresult/b086c191933a6e31","status":"skipped","statusDetails":"Test Skipped: ETF trading not found. For tests on language the page Education->ETF trading doesn't exist on production","time":{"start":1693849470942,"stop":1693849500250,"duration":29308}},{"uid":"e72985cb992fd44f","reportUrl":"https://edgar8686.github.io/TestCapitalComJava/199//#testresult/e72985cb992fd44f","status":"passed","time":{"start":1693777060292,"stop":1693777086372,"duration":26080}},{"uid":"17c7061c23e0efbe","reportUrl":"https://edgar8686.github.io/TestCapitalComJava/198//#testresult/17c7061c23e0efbe","status":"passed","time":{"start":1693775724200,"stop":1693775752238,"duration":28038}},{"uid":"f8faddf522f4708d","reportUrl":"https://edgar8686.github.io/TestCapitalComJava/197//#testresult/f8faddf522f4708d","status":"passed","time":{"start":1693774342299,"stop":1693774368631,"duration":26332}},{"uid":"7729ff3ddcf735ca","reportUrl":"https://edgar8686.github.io/TestCapitalComJava/196//#testresult/7729ff3ddcf735ca","status":"passed","time":{"start":1693773045416,"stop":1693773071511,"duration":26095}}]},"9882e80f68685ae46ba1ff0caaf7a61a":{"statistic":{"failed":0,"broken":3,"skipped":2,"passed":13,"unknown":0,"total":18},"items":[{"uid":"fa46c6e71554b627","reportUrl":"https://edgar8686.github.io/TestCapitalComJava/214//#testresult/fa46c6e71554b627","status":"passed","time":{"start":1694867764633,"stop":1694867801710,"duration":37077}},{"uid":"72d4000f736432b2","reportUrl":"https://edgar8686.github.io/TestCapitalComJava/212//#testresult/72d4000f736432b2","status":"passed","time":{"start":1694551812663,"stop":1694551850503,"duration":37840}},{"uid":"d2232f66487f6c8f","reportUrl":"https://edgar8686.github.io/TestCapitalComJava/211//#testresult/d2232f66487f6c8f","status":"passed","time":{"start":1694453500747,"stop":1694453542792,"duration":42045}},{"uid":"4a16e36db93d4d61","reportUrl":"https://edgar8686.github.io/TestCapitalComJava/210//#testresult/4a16e36db93d4d61","status":"broken","statusDetails":"stale element reference: stale element not found\n  (Session info: headless chrome=116.0.5845.141)\nFor documentation on this error, please visit: https://www.selenium.dev/documentation/webdriver/troubleshooting/errors#stale-element-reference-exception\nBuild info: version: '4.12.0', revision: '249f2a7d1b*'\nSystem info: os.name: 'Windows Server 2022', os.arch: 'amd64', os.version: '10.0', java.version: '11.0.20.1'\nDriver info: org.openqa.selenium.chrome.ChromeDriver\nCommand: [0a9e1cd9cefece18f24198def7f548b1, executeScript {script=arguments[0].scrollIntoView(true);, args=[{element-6066-11e4-a52e-4f735466cecf=A76DE76EC8A6F01908D95CBDD4C6D86E_element_99}]}]\nCapabilities {acceptInsecureCerts: false, browserName: chrome, browserVersion: 116.0.5845.141, chrome: {chromedriverVersion: 116.0.5845.96 (1a3918166880..., userDataDir: C:\\Windows\\SystemTemp\\scope...}, fedcm:accounts: true, goog:chromeOptions: {debuggerAddress: localhost:60137}, networkConnectionEnabled: false, pageLoadStrategy: normal, platformName: windows, proxy: Proxy(), se:cdp: ws://localhost:60137/devtoo..., se:cdpVersion: 116.0.5845.141, setWindowRect: true, strictFileInteractability: false, timeouts: {implicit: 0, pageLoad: 300000, script: 30000}, unhandledPromptBehavior: dismiss and notify, webauthn:extension:credBlob: true, webauthn:extension:largeBlob: true, webauthn:extension:minPinLength: true, webauthn:extension:prf: true, webauthn:virtualAuthenticators: true}\nSession ID: 0a9e1cd9cefece18f24198def7f548b1","time":{"start":1694451573916,"stop":1694451588336,"duration":14420}},{"uid":"382369642143b77c","reportUrl":"https://edgar8686.github.io/TestCapitalComJava/209//#testresult/382369642143b77c","status":"skipped","statusDetails":"Test Skipped: ETF trading not found. For tests on language the page Education->ETF trading doesn't exist on production","time":{"start":1694351455488,"stop":1694351499026,"duration":43538}},{"uid":"edfed42c24cab961","reportUrl":"https://edgar8686.github.io/TestCapitalComJava/208//#testresult/edfed42c24cab961","status":"broken","statusDetails":"no such element: Unable to locate element: {\"method\":\"css selector\",\"selector\":\"a[data-country='zh']\"}\n  (Session info: headless chrome=116.0.5845.141)\nFor documentation on this error, please visit: https://www.selenium.dev/documentation/webdriver/troubleshooting/errors#no-such-element-exception\nBuild info: version: '4.12.0', revision: '249f2a7d1b*'\nSystem info: os.name: 'Windows Server 2022', os.arch: 'amd64', os.version: '10.0', java.version: '11.0.20.1'\nDriver info: org.openqa.selenium.chrome.ChromeDriver\nCommand: [ea1aae753a20ca9ed5aae4da84549cfe, findElement {using=css selector, value=a[data-country='zh']}]\nCapabilities {acceptInsecureCerts: false, browserName: chrome, browserVersion: 116.0.5845.141, chrome: {chromedriverVersion: 116.0.5845.96 (1a3918166880..., userDataDir: C:\\Windows\\SystemTemp\\scope...}, fedcm:accounts: true, goog:chromeOptions: {debuggerAddress: localhost:50199}, networkConnectionEnabled: false, pageLoadStrategy: normal, platformName: windows, proxy: Proxy(), se:cdp: ws://localhost:50199/devtoo..., se:cdpVersion: 116.0.5845.141, setWindowRect: true, strictFileInteractability: false, timeouts: {implicit: 0, pageLoad: 300000, script: 30000}, unhandledPromptBehavior: dismiss and notify, webauthn:extension:credBlob: true, webauthn:extension:largeBlob: true, webauthn:extension:minPinLength: true, webauthn:extension:prf: true, webauthn:virtualAuthenticators: true}\nSession ID: ea1aae753a20ca9ed5aae4da84549cfe","time":{"start":1694349372339,"stop":1694349381319,"duration":8980}},{"uid":"e65b4cc769ecd899","reportUrl":"https://edgar8686.github.io/TestCapitalComJava/207//#testresult/e65b4cc769ecd899","status":"broken","statusDetails":"No such language or country was found\nFor documentation on this error, please visit: https://www.selenium.dev/documentation/webdriver/troubleshooting/errors#no-such-element-exception\nBuild info: version: '4.12.0', revision: '249f2a7d1b*'\nSystem info: os.name: 'Windows Server 2022', os.arch: 'amd64', os.version: '10.0', java.version: '11.0.20.1'\nDriver info: driver.version: unknown","time":{"start":1694346642848,"stop":1694346642992,"duration":144}},{"uid":"f0a954dd464096ee","reportUrl":"https://edgar8686.github.io/TestCapitalComJava/206//#testresult/f0a954dd464096ee","status":"passed","time":{"start":1694267376677,"stop":1694267411515,"duration":34838}},{"uid":"63beae726ae1a2f2","reportUrl":"https://edgar8686.github.io/TestCapitalComJava/205//#testresult/63beae726ae1a2f2","status":"passed","time":{"start":1694265997270,"stop":1694266035699,"duration":38429}},{"uid":"812c1a2d75d72e08","reportUrl":"https://edgar8686.github.io/TestCapitalComJava/204//#testresult/812c1a2d75d72e08","status":"passed","time":{"start":1694262334856,"stop":1694262372133,"duration":37277}},{"uid":"f70d37a36ec58675","reportUrl":"https://edgar8686.github.io/TestCapitalComJava/203//#testresult/f70d37a36ec58675","status":"passed","time":{"start":1694100706800,"stop":1694100742239,"duration":35439}},{"uid":"e6c1edc38916f3d5","reportUrl":"https://edgar8686.github.io/TestCapitalComJava/202//#testresult/e6c1edc38916f3d5","status":"passed","time":{"start":1694022545208,"stop":1694022582081,"duration":36873}},{"uid":"f2800177bda4336b","reportUrl":"https://edgar8686.github.io/TestCapitalComJava/201//#testresult/f2800177bda4336b","status":"passed","time":{"start":1694017268324,"stop":1694017309941,"duration":41617}},{"uid":"fcd73ca6af6c9449","reportUrl":"https://edgar8686.github.io/TestCapitalComJava/200//#testresult/fcd73ca6af6c9449","status":"skipped","statusDetails":"Test Skipped: ETF trading not found. For tests on language the page Education->ETF trading doesn't exist on production","time":{"start":1693849500281,"stop":1693849543359,"duration":43078}},{"uid":"672cc6aefcb7ea10","reportUrl":"https://edgar8686.github.io/TestCapitalComJava/199//#testresult/672cc6aefcb7ea10","status":"passed","time":{"start":1693777086446,"stop":1693777144442,"duration":57996}},{"uid":"7f027b9da3a02a27","reportUrl":"https://edgar8686.github.io/TestCapitalComJava/198//#testresult/7f027b9da3a02a27","status":"passed","time":{"start":1693775752269,"stop":1693775791583,"duration":39314}},{"uid":"6fa56c41bb45b9c4","reportUrl":"https://edgar8686.github.io/TestCapitalComJava/197//#testresult/6fa56c41bb45b9c4","status":"passed","time":{"start":1693774368665,"stop":1693774420253,"duration":51588}},{"uid":"d98a7698ce95c773","reportUrl":"https://edgar8686.github.io/TestCapitalComJava/196//#testresult/d98a7698ce95c773","status":"passed","time":{"start":1693773071577,"stop":1693773109116,"duration":37539}}]},"cd2f336c6a0f416d6fdc9a7966312b4d":{"statistic":{"failed":0,"broken":1,"skipped":0,"passed":0,"unknown":0,"total":1},"items":[{"uid":"c12e4db115bc0f4b","reportUrl":"https://edgar8686.github.io/TestCapitalComJava/213//#testresult/c12e4db115bc0f4b","status":"broken","statusDetails":"Failed to evaluate condition [settings.MyExecutionCondition]: Index 0 out of bounds for length 0","time":{"start":1694865309764,"stop":1694865309764,"duration":0}}]},"323249191eb99f69b5e11d93a39b24d0":{"statistic":{"failed":4,"broken":2,"skipped":2,"passed":10,"unknown":0,"total":18},"items":[{"uid":"b92b155f665e903","reportUrl":"https://edgar8686.github.io/TestCapitalComJava/214//#testresult/b92b155f665e903","status":"passed","time":{"start":1694867947264,"stop":1694867982483,"duration":35219}},{"uid":"116dcf2eaacc7156","reportUrl":"https://edgar8686.github.io/TestCapitalComJava/212//#testresult/116dcf2eaacc7156","status":"passed","time":{"start":1694551988336,"stop":1694552023298,"duration":34962}},{"uid":"41b27688893b350d","reportUrl":"https://edgar8686.github.io/TestCapitalComJava/211//#testresult/41b27688893b350d","status":"passed","time":{"start":1694453732230,"stop":1694453770098,"duration":37868}},{"uid":"9a5d289dbd3b3a4e","reportUrl":"https://edgar8686.github.io/TestCapitalComJava/210//#testresult/9a5d289dbd3b3a4e","status":"passed","time":{"start":1694451755097,"stop":1694451792925,"duration":37828}},{"uid":"ce0bb7a6dbf4a5eb","reportUrl":"https://edgar8686.github.io/TestCapitalComJava/209//#testresult/ce0bb7a6dbf4a5eb","status":"skipped","statusDetails":"Test Skipped: ETF trading not found. For tests on language the page Education->ETF trading doesn't exist on production","time":{"start":1694351648728,"stop":1694351676211,"duration":27483}},{"uid":"f8b2b259c153d17c","reportUrl":"https://edgar8686.github.io/TestCapitalComJava/208//#testresult/f8b2b259c153d17c","status":"broken","statusDetails":"no such element: Unable to locate element: {\"method\":\"css selector\",\"selector\":\"a[data-country='zh']\"}\n  (Session info: headless chrome=116.0.5845.141)\nFor documentation on this error, please visit: https://www.selenium.dev/documentation/webdriver/troubleshooting/errors#no-such-element-exception\nBuild info: version: '4.12.0', revision: '249f2a7d1b*'\nSystem info: os.name: 'Windows Server 2022', os.arch: 'amd64', os.version: '10.0', java.version: '11.0.20.1'\nDriver info: org.openqa.selenium.chrome.ChromeDriver\nCommand: [78931903c35f870a51b867db176f7fe6, findElement {using=css selector, value=a[data-country='zh']}]\nCapabilities {acceptInsecureCerts: false, browserName: chrome, browserVersion: 116.0.5845.141, chrome: {chromedriverVersion: 116.0.5845.96 (1a3918166880..., userDataDir: C:\\Windows\\SystemTemp\\scope...}, fedcm:accounts: true, goog:chromeOptions: {debuggerAddress: localhost:50323}, networkConnectionEnabled: false, pageLoadStrategy: normal, platformName: windows, proxy: Proxy(), se:cdp: ws://localhost:50323/devtoo..., se:cdpVersion: 116.0.5845.141, setWindowRect: true, strictFileInteractability: false, timeouts: {implicit: 0, pageLoad: 300000, script: 30000}, unhandledPromptBehavior: dismiss and notify, webauthn:extension:credBlob: true, webauthn:extension:largeBlob: true, webauthn:extension:minPinLength: true, webauthn:extension:prf: true, webauthn:virtualAuthenticators: true}\nSession ID: 78931903c35f870a51b867db176f7fe6","time":{"start":1694349463640,"stop":1694349484830,"duration":21190}},{"uid":"8b6e5d538a5abe6","reportUrl":"https://edgar8686.github.io/TestCapitalComJava/207//#testresult/8b6e5d538a5abe6","status":"broken","statusDetails":"No such language or country was found\nFor documentation on this error, please visit: https://www.selenium.dev/documentation/webdriver/troubleshooting/errors#no-such-element-exception\nBuild info: version: '4.12.0', revision: '249f2a7d1b*'\nSystem info: os.name: 'Windows Server 2022', os.arch: 'amd64', os.version: '10.0', java.version: '11.0.20.1'\nDriver info: driver.version: unknown","time":{"start":1694346645702,"stop":1694346645804,"duration":102}},{"uid":"b98fda94fca34acc","reportUrl":"https://edgar8686.github.io/TestCapitalComJava/206//#testresult/b98fda94fca34acc","status":"passed","time":{"start":1694267546918,"stop":1694267582605,"duration":35687}},{"uid":"ddbb39e4d2e1106","reportUrl":"https://edgar8686.github.io/TestCapitalComJava/205//#testresult/ddbb39e4d2e1106","status":"passed","time":{"start":1694266213738,"stop":1694266249793,"duration":36055}},{"uid":"82de8327482622c0","reportUrl":"https://edgar8686.github.io/TestCapitalComJava/204//#testresult/82de8327482622c0","status":"failed","statusDetails":"Failed: Opened a 'Login' form instead of a 'SignUp' form (UnReg) (3 failures)\r\n\torg.openqa.selenium.NoSuchElementException: no such element: Unable to locate element: {\"method\":\"css selector\",\"selector\":\"div[class='form-container-small-header s-between'] div[class='h1']\"}\n  (Session info: headless chrome=116.0.5845.141)\nFor documentation on this error, please visit: https://www.selenium.dev/documentation/webdriver/troubleshooting/errors#no-such-element-exception\nBuild info: version: '4.12.0', revision: '249f2a7d1b*'\nSystem info: os.name: 'Windows Server 2022', os.arch: 'amd64', os.version: '10.0', java.version: '11.0.20.1'\nDriver info: org.openqa.selenium.chrome.ChromeDriver\nCommand: [6a70468c8bf7a53b9be2711a661c5319, findElement {using=css selector, value=div[class='form-container-small-header s-between'] div[class='h1']}]\nCapabilities {acceptInsecureCerts: false, browserName: chrome, browserVersion: 116.0.5845.141, chrome: {chromedriverVersion: 116.0.5845.96 (1a3918166880..., userDataDir: C:\\Windows\\SystemTemp\\scope...}, fedcm:accounts: true, goog:chromeOptions: {debuggerAddress: localhost:52767}, networkConnectionEnabled: false, pageLoadStrategy: normal, platformName: windows, proxy: Proxy(), se:cdp: ws://localhost:52767/devtoo..., se:cdpVersion: 116.0.5845.141, setWindowRect: true, strictFileInteractability: false, timeouts: {implicit: 0, pageLoad: 300000, script: 30000}, unhandledPromptBehavior: dismiss and notify, webauthn:extension:credBlob: true, webauthn:extension:largeBlob: true, webauthn:extension:minPinLength: true, webauthn:extension:prf: true, webauthn:virtualAuthenticators: true}\nSession ID: 6a70468c8bf7a53b9be2711a661c5319\r\n\torg.openqa.selenium.NoSuchElementException: no such element: Unable to locate element: {\"method\":\"css selector\",\"selector\":\"div[class='form-container-small-header s-between'] a[class='l_btn_signup'][href='#']\"}\n  (Session info: headless chrome=116.0.5845.141)\nFor documentation on this error, please visit: https://www.selenium.dev/documentation/webdriver/troubleshooting/errors#no-such-element-exception\nBuild info: version: '4.12.0', revision: '249f2a7d1b*'\nSystem info: os.name: 'Windows Server 2022', os.arch: 'amd64', os.version: '10.0', java.version: '11.0.20.1'\nDriver info: org.openqa.selenium.chrome.ChromeDriver\nCommand: [6a70468c8bf7a53b9be2711a661c5319, findElement {using=css selector, value=div[class='form-container-small-header s-between'] a[class='l_btn_signup'][href='#']}]\nCapabilities {acceptInsecureCerts: false, browserName: chrome, browserVersion: 116.0.5845.141, chrome: {chromedriverVersion: 116.0.5845.96 (1a3918166880..., userDataDir: C:\\Windows\\SystemTemp\\scope...}, fedcm:accounts: true, goog:chromeOptions: {debuggerAddress: localhost:52767}, networkConnectionEnabled: false, pageLoadStrategy: normal, platformName: windows, proxy: Proxy(), se:cdp: ws://localhost:52767/devtoo..., se:cdpVersion: 116.0.5845.141, setWindowRect: true, strictFileInteractability: false, timeouts: {implicit: 0, pageLoad: 300000, script: 30000}, unhandledPromptBehavior: dismiss and notify, webauthn:extension:credBlob: true, webauthn:extension:largeBlob: true, webauthn:extension:minPinLength: true, webauthn:extension:prf: true, webauthn:virtualAuthenticators: true}\nSession ID: 6a70468c8bf7a53b9be2711a661c5319\r\n\torg.openqa.selenium.NoSuchElementException: no such element: Unable to locate element: {\"method\":\"css selector\",\"selector\":\"input[name='ff01']\"}\n  (Session info: headless chrome=116.0.5845.141)\nFor documentation on this error, please visit: https://www.selenium.dev/documentation/webdriver/troubleshooting/errors#no-such-element-exception\nBuild info: version: '4.12.0', revision: '249f2a7d1b*'\nSystem info: os.name: 'Windows Server 2022', os.arch: 'amd64', os.version: '10.0', java.version: '11.0.20.1'\nDriver info: org.openqa.selenium.chrome.ChromeDriver\nCommand: [6a70468c8bf7a53b9be2711a661c5319, findElement {using=css selector, value=input[name='ff01']}]\nCapabilities {acceptInsecureCerts: false, browserName: chrome, browserVersion: 116.0.5845.141, chrome: {chromedriverVersion: 116.0.5845.96 (1a3918166880..., userDataDir: C:\\Windows\\SystemTemp\\scope...}, fedcm:accounts: true, goog:chromeOptions: {debuggerAddress: localhost:52767}, networkConnectionEnabled: false, pageLoadStrategy: normal, platformName: windows, proxy: Proxy(), se:cdp: ws://localhost:52767/devtoo..., se:cdpVersion: 116.0.5845.141, setWindowRect: true, strictFileInteractability: false, timeouts: {implicit: 0, pageLoad: 300000, script: 30000}, unhandledPromptBehavior: dismiss and notify, webauthn:extension:credBlob: true, webauthn:extension:largeBlob: true, webauthn:extension:minPinLength: true, webauthn:extension:prf: true, webauthn:virtualAuthenticators: true}\nSession ID: 6a70468c8bf7a53b9be2711a661c5319","time":{"start":1694262522457,"stop":1694262572304,"duration":49847}},{"uid":"e62493d3fcca6357","reportUrl":"https://edgar8686.github.io/TestCapitalComJava/203//#testresult/e62493d3fcca6357","status":"failed","statusDetails":"Trade button is missing on the Widget","time":{"start":1694100894014,"stop":1694100943698,"duration":49684}},{"uid":"fc2d344fd4d662f1","reportUrl":"https://edgar8686.github.io/TestCapitalComJava/202//#testresult/fc2d344fd4d662f1","status":"passed","time":{"start":1694022812015,"stop":1694022844363,"duration":32348}},{"uid":"3f78bac8df3f0ab4","reportUrl":"https://edgar8686.github.io/TestCapitalComJava/201//#testresult/3f78bac8df3f0ab4","status":"passed","time":{"start":1694017520389,"stop":1694017552207,"duration":31818}},{"uid":"ddf6be2fd64e2039","reportUrl":"https://edgar8686.github.io/TestCapitalComJava/200//#testresult/ddf6be2fd64e2039","status":"skipped","statusDetails":"Test Skipped: ETF trading not found. For tests on language the page Education->ETF trading doesn't exist on production","time":{"start":1693849689308,"stop":1693849717928,"duration":28620}},{"uid":"4ddaa960246c0f7b","reportUrl":"https://edgar8686.github.io/TestCapitalComJava/199//#testresult/4ddaa960246c0f7b","status":"passed","time":{"start":1693777361050,"stop":1693777391400,"duration":30350}},{"uid":"b8342019d6736e40","reportUrl":"https://edgar8686.github.io/TestCapitalComJava/198//#testresult/b8342019d6736e40","status":"failed","statusDetails":"Failed: Opened a 'Login' form instead of a 'SignUp' form (UnReg) (3 failures)\r\n\torg.openqa.selenium.NoSuchElementException: no such element: Unable to locate element: {\"method\":\"css selector\",\"selector\":\"div[class='form-container-small-header s-between'] div[class='h1']\"}\n  (Session info: headless chrome=116.0.5845.96)\nFor documentation on this error, please visit: https://www.selenium.dev/documentation/webdriver/troubleshooting/errors#no-such-element-exception\nBuild info: version: '4.12.0', revision: '249f2a7d1b*'\nSystem info: os.name: 'Windows Server 2022', os.arch: 'amd64', os.version: '10.0', java.version: '11.0.20.1'\nDriver info: org.openqa.selenium.chrome.ChromeDriver\nCommand: [b45fbd33cd03cfa8e21f0cc758c54104, findElement {using=css selector, value=div[class='form-container-small-header s-between'] div[class='h1']}]\nCapabilities {acceptInsecureCerts: false, browserName: chrome, browserVersion: 116.0.5845.96, chrome: {chromedriverVersion: 116.0.5845.96 (1a3918166880..., userDataDir: C:\\Windows\\SystemTemp\\scope...}, fedcm:accounts: true, goog:chromeOptions: {debuggerAddress: localhost:53145}, networkConnectionEnabled: false, pageLoadStrategy: normal, platformName: windows, proxy: Proxy(), se:cdp: ws://localhost:53145/devtoo..., se:cdpVersion: 116.0.5845.96, setWindowRect: true, strictFileInteractability: false, timeouts: {implicit: 0, pageLoad: 300000, script: 30000}, unhandledPromptBehavior: dismiss and notify, webauthn:extension:credBlob: true, webauthn:extension:largeBlob: true, webauthn:extension:minPinLength: true, webauthn:extension:prf: true, webauthn:virtualAuthenticators: true}\nSession ID: b45fbd33cd03cfa8e21f0cc758c54104\r\n\torg.openqa.selenium.NoSuchElementException: no such element: Unable to locate element: {\"method\":\"css selector\",\"selector\":\"div[class='form-container-small-header s-between'] a[class='l_btn_signup'][href='#']\"}\n  (Session info: headless chrome=116.0.5845.96)\nFor documentation on this error, please visit: https://www.selenium.dev/documentation/webdriver/troubleshooting/errors#no-such-element-exception\nBuild info: version: '4.12.0', revision: '249f2a7d1b*'\nSystem info: os.name: 'Windows Server 2022', os.arch: 'amd64', os.version: '10.0', java.version: '11.0.20.1'\nDriver info: org.openqa.selenium.chrome.ChromeDriver\nCommand: [b45fbd33cd03cfa8e21f0cc758c54104, findElement {using=css selector, value=div[class='form-container-small-header s-between'] a[class='l_btn_signup'][href='#']}]\nCapabilities {acceptInsecureCerts: false, browserName: chrome, browserVersion: 116.0.5845.96, chrome: {chromedriverVersion: 116.0.5845.96 (1a3918166880..., userDataDir: C:\\Windows\\SystemTemp\\scope...}, fedcm:accounts: true, goog:chromeOptions: {debuggerAddress: localhost:53145}, networkConnectionEnabled: false, pageLoadStrategy: normal, platformName: windows, proxy: Proxy(), se:cdp: ws://localhost:53145/devtoo..., se:cdpVersion: 116.0.5845.96, setWindowRect: true, strictFileInteractability: false, timeouts: {implicit: 0, pageLoad: 300000, script: 30000}, unhandledPromptBehavior: dismiss and notify, webauthn:extension:credBlob: true, webauthn:extension:largeBlob: true, webauthn:extension:minPinLength: true, webauthn:extension:prf: true, webauthn:virtualAuthenticators: true}\nSession ID: b45fbd33cd03cfa8e21f0cc758c54104\r\n\torg.openqa.selenium.NoSuchElementException: no such element: Unable to locate element: {\"method\":\"css selector\",\"selector\":\"input[name='ff01']\"}\n  (Session info: headless chrome=116.0.5845.96)\nFor documentation on this error, please visit: https://www.selenium.dev/documentation/webdriver/troubleshooting/errors#no-such-element-exception\nBuild info: version: '4.12.0', revision: '249f2a7d1b*'\nSystem info: os.name: 'Windows Server 2022', os.arch: 'amd64', os.version: '10.0', java.version: '11.0.20.1'\nDriver info: org.openqa.selenium.chrome.ChromeDriver\nCommand: [b45fbd33cd03cfa8e21f0cc758c54104, findElement {using=css selector, value=input[name='ff01']}]\nCapabilities {acceptInsecureCerts: false, browserName: chrome, browserVersion: 116.0.5845.96, chrome: {chromedriverVersion: 116.0.5845.96 (1a3918166880..., userDataDir: C:\\Windows\\SystemTemp\\scope...}, fedcm:accounts: true, goog:chromeOptions: {debuggerAddress: localhost:53145}, networkConnectionEnabled: false, pageLoadStrategy: normal, platformName: windows, proxy: Proxy(), se:cdp: ws://localhost:53145/devtoo..., se:cdpVersion: 116.0.5845.96, setWindowRect: true, strictFileInteractability: false, timeouts: {implicit: 0, pageLoad: 300000, script: 30000}, unhandledPromptBehavior: dismiss and notify, webauthn:extension:credBlob: true, webauthn:extension:largeBlob: true, webauthn:extension:minPinLength: true, webauthn:extension:prf: true, webauthn:virtualAuthenticators: true}\nSession ID: b45fbd33cd03cfa8e21f0cc758c54104","time":{"start":1693775950503,"stop":1693776001879,"duration":51376}},{"uid":"7d486237ac2fa3f4","reportUrl":"https://edgar8686.github.io/TestCapitalComJava/197//#testresult/7d486237ac2fa3f4","status":"failed","statusDetails":"Trade button is missing on the Widget","time":{"start":1693774625819,"stop":1693774676722,"duration":50903}},{"uid":"9eabd1cb7de474f4","reportUrl":"https://edgar8686.github.io/TestCapitalComJava/196//#testresult/9eabd1cb7de474f4","status":"passed","time":{"start":1693773266442,"stop":1693773297507,"duration":31065}}]},"43b86020a16e634cf53830f8b62659cb":{"statistic":{"failed":0,"broken":2,"skipped":2,"passed":14,"unknown":0,"total":18},"items":[{"uid":"1da3ae29206a23a3","reportUrl":"https://edgar8686.github.io/TestCapitalComJava/214//#testresult/1da3ae29206a23a3","status":"passed","time":{"start":1694867674596,"stop":1694867700608,"duration":26012}},{"uid":"b77455395288ce4","reportUrl":"https://edgar8686.github.io/TestCapitalComJava/212//#testresult/b77455395288ce4","status":"passed","time":{"start":1694551723518,"stop":1694551749019,"duration":25501}},{"uid":"9751a493cd2c28c9","reportUrl":"https://edgar8686.github.io/TestCapitalComJava/211//#testresult/9751a493cd2c28c9","status":"passed","time":{"start":1694453401512,"stop":1694453428988,"duration":27476}},{"uid":"473b688dd2ece230","reportUrl":"https://edgar8686.github.io/TestCapitalComJava/210//#testresult/473b688dd2ece230","status":"passed","time":{"start":1694451468782,"stop":1694451496563,"duration":27781}},{"uid":"ead3e2627950764","reportUrl":"https://edgar8686.github.io/TestCapitalComJava/209//#testresult/ead3e2627950764","status":"skipped","statusDetails":"Test Skipped: ETF trading not found. For tests on language the page Education->ETF trading doesn't exist on production","time":{"start":1694351352205,"stop":1694351381550,"duration":29345}},{"uid":"d70b708cfeb93054","reportUrl":"https://edgar8686.github.io/TestCapitalComJava/208//#testresult/d70b708cfeb93054","status":"broken","statusDetails":"no such element: Unable to locate element: {\"method\":\"css selector\",\"selector\":\"a[data-country='zh']\"}\n  (Session info: headless chrome=116.0.5845.141)\nFor documentation on this error, please visit: https://www.selenium.dev/documentation/webdriver/troubleshooting/errors#no-such-element-exception\nBuild info: version: '4.12.0', revision: '249f2a7d1b*'\nSystem info: os.name: 'Windows Server 2022', os.arch: 'amd64', os.version: '10.0', java.version: '11.0.20.1'\nDriver info: org.openqa.selenium.chrome.ChromeDriver\nCommand: [ecdb0341c10296fc22990ee62a2aecf8, findElement {using=css selector, value=a[data-country='zh']}]\nCapabilities {acceptInsecureCerts: false, browserName: chrome, browserVersion: 116.0.5845.141, chrome: {chromedriverVersion: 116.0.5845.96 (1a3918166880..., userDataDir: C:\\Windows\\SystemTemp\\scope...}, fedcm:accounts: true, goog:chromeOptions: {debuggerAddress: localhost:50137}, networkConnectionEnabled: false, pageLoadStrategy: normal, platformName: windows, proxy: Proxy(), se:cdp: ws://localhost:50137/devtoo..., se:cdpVersion: 116.0.5845.141, setWindowRect: true, strictFileInteractability: false, timeouts: {implicit: 0, pageLoad: 300000, script: 30000}, unhandledPromptBehavior: dismiss and notify, webauthn:extension:credBlob: true, webauthn:extension:largeBlob: true, webauthn:extension:minPinLength: true, webauthn:extension:prf: true, webauthn:virtualAuthenticators: true}\nSession ID: ecdb0341c10296fc22990ee62a2aecf8","time":{"start":1694349343206,"stop":1694349352629,"duration":9423}},{"uid":"ba26436fdbb43a4a","reportUrl":"https://edgar8686.github.io/TestCapitalComJava/207//#testresult/ba26436fdbb43a4a","status":"broken","statusDetails":"No such language or country was found\nFor documentation on this error, please visit: https://www.selenium.dev/documentation/webdriver/troubleshooting/errors#no-such-element-exception\nBuild info: version: '4.12.0', revision: '249f2a7d1b*'\nSystem info: os.name: 'Windows Server 2022', os.arch: 'amd64', os.version: '10.0', java.version: '11.0.20.1'\nDriver info: driver.version: unknown","time":{"start":1694346641175,"stop":1694346641362,"duration":187}},{"uid":"db23740fc77f856c","reportUrl":"https://edgar8686.github.io/TestCapitalComJava/206//#testresult/db23740fc77f856c","status":"passed","time":{"start":1694267287517,"stop":1694267313281,"duration":25764}},{"uid":"9e4da1d88dae568b","reportUrl":"https://edgar8686.github.io/TestCapitalComJava/205//#testresult/9e4da1d88dae568b","status":"passed","time":{"start":1694265903183,"stop":1694265929863,"duration":26680}},{"uid":"a6c99ad2709c6edd","reportUrl":"https://edgar8686.github.io/TestCapitalComJava/204//#testresult/a6c99ad2709c6edd","status":"passed","time":{"start":1694262242735,"stop":1694262268351,"duration":25616}},{"uid":"8440320600374bbc","reportUrl":"https://edgar8686.github.io/TestCapitalComJava/203//#testresult/8440320600374bbc","status":"passed","time":{"start":1694100598972,"stop":1694100645122,"duration":46150}},{"uid":"44d22fb20987e793","reportUrl":"https://edgar8686.github.io/TestCapitalComJava/202//#testresult/44d22fb20987e793","status":"passed","time":{"start":1694022454918,"stop":1694022480410,"duration":25492}},{"uid":"74291a21981f3a85","reportUrl":"https://edgar8686.github.io/TestCapitalComJava/201//#testresult/74291a21981f3a85","status":"passed","time":{"start":1694017190682,"stop":1694017218549,"duration":27867}},{"uid":"b8e4496539cbd9e5","reportUrl":"https://edgar8686.github.io/TestCapitalComJava/200//#testresult/b8e4496539cbd9e5","status":"skipped","statusDetails":"Test Skipped: ETF trading not found. For tests on language the page Education->ETF trading doesn't exist on production","time":{"start":1693849304278,"stop":1693849342490,"duration":38212}},{"uid":"8fd54ba95b9f357b","reportUrl":"https://edgar8686.github.io/TestCapitalComJava/199//#testresult/8fd54ba95b9f357b","status":"passed","time":{"start":1693776996745,"stop":1693777022645,"duration":25900}},{"uid":"76a6b28664252d81","reportUrl":"https://edgar8686.github.io/TestCapitalComJava/198//#testresult/76a6b28664252d81","status":"passed","time":{"start":1693775665924,"stop":1693775693460,"duration":27536}},{"uid":"fd1e9b8bfc4f7b97","reportUrl":"https://edgar8686.github.io/TestCapitalComJava/197//#testresult/fd1e9b8bfc4f7b97","status":"passed","time":{"start":1693774236107,"stop":1693774273387,"duration":37280}},{"uid":"6f665a7099c6b037","reportUrl":"https://edgar8686.github.io/TestCapitalComJava/196//#testresult/6f665a7099c6b037","status":"passed","time":{"start":1693772929085,"stop":1693772989836,"duration":60751}}]},"b2d98adc8d81772232ff19ae2cb90de4":{"statistic":{"failed":0,"broken":1,"skipped":0,"passed":0,"unknown":0,"total":1},"items":[{"uid":"fab2c19c9f176580","reportUrl":"https://edgar8686.github.io/TestCapitalComJava/213//#testresult/fab2c19c9f176580","status":"broken","statusDetails":"Failed to evaluate condition [settings.MyExecutionCondition]: Index 0 out of bounds for length 0","time":{"start":1694865309389,"stop":1694865309389,"duration":0}}]},"3d12e242c50c9cc95d7a3fff1d977dc2":{"statistic":{"failed":0,"broken":4,"skipped":2,"passed":12,"unknown":0,"total":18},"items":[{"uid":"84be32122d37cca1","reportUrl":"https://edgar8686.github.io/TestCapitalComJava/214//#testresult/84be32122d37cca1","status":"passed","time":{"start":1694867700660,"stop":1694867736875,"duration":36215}},{"uid":"206e0a88e9a481f6","reportUrl":"https://edgar8686.github.io/TestCapitalComJava/212//#testresult/206e0a88e9a481f6","status":"passed","time":{"start":1694551749072,"stop":1694551785280,"duration":36208}},{"uid":"f4e7e8c0ddca4ae9","reportUrl":"https://edgar8686.github.io/TestCapitalComJava/211//#testresult/f4e7e8c0ddca4ae9","status":"passed","time":{"start":1694453429075,"stop":1694453470370,"duration":41295}},{"uid":"91f4e236b7ede965","reportUrl":"https://edgar8686.github.io/TestCapitalComJava/210//#testresult/91f4e236b7ede965","status":"passed","time":{"start":1694451496661,"stop":1694451548843,"duration":52182}},{"uid":"b246a21a35a2b060","reportUrl":"https://edgar8686.github.io/TestCapitalComJava/209//#testresult/b246a21a35a2b060","status":"skipped","statusDetails":"Test Skipped: ETF trading not found. For tests on language the page Education->ETF trading doesn't exist on production","time":{"start":1694351381613,"stop":1694351425684,"duration":44071}},{"uid":"9ab050f75290b6de","reportUrl":"https://edgar8686.github.io/TestCapitalComJava/208//#testresult/9ab050f75290b6de","status":"broken","statusDetails":"no such element: Unable to locate element: {\"method\":\"css selector\",\"selector\":\"a[data-country='zh']\"}\n  (Session info: headless chrome=116.0.5845.141)\nFor documentation on this error, please visit: https://www.selenium.dev/documentation/webdriver/troubleshooting/errors#no-such-element-exception\nBuild info: version: '4.12.0', revision: '249f2a7d1b*'\nSystem info: os.name: 'Windows Server 2022', os.arch: 'amd64', os.version: '10.0', java.version: '11.0.20.1'\nDriver info: org.openqa.selenium.chrome.ChromeDriver\nCommand: [ecdb0341c10296fc22990ee62a2aecf8, findElement {using=css selector, value=a[data-country='zh']}]\nCapabilities {acceptInsecureCerts: false, browserName: chrome, browserVersion: 116.0.5845.141, chrome: {chromedriverVersion: 116.0.5845.96 (1a3918166880..., userDataDir: C:\\Windows\\SystemTemp\\scope...}, fedcm:accounts: true, goog:chromeOptions: {debuggerAddress: localhost:50137}, networkConnectionEnabled: false, pageLoadStrategy: normal, platformName: windows, proxy: Proxy(), se:cdp: ws://localhost:50137/devtoo..., se:cdpVersion: 116.0.5845.141, setWindowRect: true, strictFileInteractability: false, timeouts: {implicit: 0, pageLoad: 300000, script: 30000}, unhandledPromptBehavior: dismiss and notify, webauthn:extension:credBlob: true, webauthn:extension:largeBlob: true, webauthn:extension:minPinLength: true, webauthn:extension:prf: true, webauthn:virtualAuthenticators: true}\nSession ID: ecdb0341c10296fc22990ee62a2aecf8","time":{"start":1694349352707,"stop":1694349361745,"duration":9038}},{"uid":"e0343133fb950afd","reportUrl":"https://edgar8686.github.io/TestCapitalComJava/207//#testresult/e0343133fb950afd","status":"broken","statusDetails":"No such language or country was found\nFor documentation on this error, please visit: https://www.selenium.dev/documentation/webdriver/troubleshooting/errors#no-such-element-exception\nBuild info: version: '4.12.0', revision: '249f2a7d1b*'\nSystem info: os.name: 'Windows Server 2022', os.arch: 'amd64', os.version: '10.0', java.version: '11.0.20.1'\nDriver info: driver.version: unknown","time":{"start":1694346641487,"stop":1694346641619,"duration":132}},{"uid":"87a2334aa96903c8","reportUrl":"https://edgar8686.github.io/TestCapitalComJava/206//#testresult/87a2334aa96903c8","status":"passed","time":{"start":1694267313419,"stop":1694267349995,"duration":36576}},{"uid":"b2f24e4d822bc173","reportUrl":"https://edgar8686.github.io/TestCapitalComJava/205//#testresult/b2f24e4d822bc173","status":"passed","time":{"start":1694265929934,"stop":1694265968231,"duration":38297}},{"uid":"9189f4cb09af2a14","reportUrl":"https://edgar8686.github.io/TestCapitalComJava/204//#testresult/9189f4cb09af2a14","status":"passed","time":{"start":1694262268405,"stop":1694262305244,"duration":36839}},{"uid":"fd0001711098a6f0","reportUrl":"https://edgar8686.github.io/TestCapitalComJava/203//#testresult/fd0001711098a6f0","status":"passed","time":{"start":1694100645195,"stop":1694100679989,"duration":34794}},{"uid":"786665b040bbd795","reportUrl":"https://edgar8686.github.io/TestCapitalComJava/202//#testresult/786665b040bbd795","status":"passed","time":{"start":1694022480446,"stop":1694022517986,"duration":37540}},{"uid":"98c4f47e39ef6d09","reportUrl":"https://edgar8686.github.io/TestCapitalComJava/201//#testresult/98c4f47e39ef6d09","status":"passed","time":{"start":1694017218621,"stop":1694017259561,"duration":40940}},{"uid":"9f21416d9e1aa6c3","reportUrl":"https://edgar8686.github.io/TestCapitalComJava/200//#testresult/9f21416d9e1aa6c3","status":"skipped","statusDetails":"Test Skipped: ETF trading not found. For tests on language the page Education->ETF trading doesn't exist on production","time":{"start":1693849342779,"stop":1693849435985,"duration":93206}},{"uid":"ed82351bf55ec399","reportUrl":"https://edgar8686.github.io/TestCapitalComJava/199//#testresult/ed82351bf55ec399","status":"passed","time":{"start":1693777022755,"stop":1693777058790,"duration":36035}},{"uid":"ef273b2f5110688b","reportUrl":"https://edgar8686.github.io/TestCapitalComJava/198//#testresult/ef273b2f5110688b","status":"broken","statusDetails":"element click intercepted: Element <em _ngcontent-kgr-c19=\"\" class=\"iconex-arrow-down-mini icon-square arrow-down\"></em> is not clickable at point (1783, 24). Other element would receive the click: <div class=\"modal-overlay modal-overlay--cursor-default\"></div>\n  (Session info: headless chrome=116.0.5845.96)\nBuild info: version: '4.12.0', revision: '249f2a7d1b*'\nSystem info: os.name: 'Windows Server 2022', os.arch: 'amd64', os.version: '10.0', java.version: '11.0.20.1'\nDriver info: org.openqa.selenium.chrome.ChromeDriver\nCommand: [9ef469351b6737bc7e779cdd4e46fe66, clickElement {id=A7A509B7F4432CFF0A696BF47F99E720_element_261}]\nCapabilities {acceptInsecureCerts: false, browserName: chrome, browserVersion: 116.0.5845.96, chrome: {chromedriverVersion: 116.0.5845.96 (1a3918166880..., userDataDir: C:\\Windows\\SystemTemp\\scope...}, fedcm:accounts: true, goog:chromeOptions: {debuggerAddress: localhost:52869}, networkConnectionEnabled: false, pageLoadStrategy: normal, platformName: windows, proxy: Proxy(), se:cdp: ws://localhost:52869/devtoo..., se:cdpVersion: 116.0.5845.96, setWindowRect: true, strictFileInteractability: false, timeouts: {implicit: 0, pageLoad: 300000, script: 30000}, unhandledPromptBehavior: dismiss and notify, webauthn:extension:credBlob: true, webauthn:extension:largeBlob: true, webauthn:extension:minPinLength: true, webauthn:extension:prf: true, webauthn:virtualAuthenticators: true}\nElement: [[ChromeDriver: chrome on windows (9ef469351b6737bc7e779cdd4e46fe66)] -> css selector: .iconex-arrow-down-mini.icon-square.arrow-down]\nSession ID: 9ef469351b6737bc7e779cdd4e46fe66","time":{"start":1693775693491,"stop":1693775721736,"duration":28245}},{"uid":"dcbaed0ca57bbda6","reportUrl":"https://edgar8686.github.io/TestCapitalComJava/197//#testresult/dcbaed0ca57bbda6","status":"passed","time":{"start":1693774273452,"stop":1693774340715,"duration":67263}},{"uid":"da44dbac7ed33506","reportUrl":"https://edgar8686.github.io/TestCapitalComJava/196//#testresult/da44dbac7ed33506","status":"broken","statusDetails":"element click intercepted: Element <em _ngcontent-dga-c19=\"\" class=\"iconex-arrow-down-mini icon-square arrow-down\"></em> is not clickable at point (1783, 24). Other element would receive the click: <div class=\"modal-overlay modal-overlay--cursor-default\"></div>\n  (Session info: headless chrome=116.0.5845.96)\nBuild info: version: '4.12.0', revision: '249f2a7d1b*'\nSystem info: os.name: 'Windows Server 2022', os.arch: 'amd64', os.version: '10.0', java.version: '11.0.20.1'\nDriver info: org.openqa.selenium.chrome.ChromeDriver\nCommand: [01ffb2c909f87c04378d78f92167b2ca, clickElement {id=83D6267ECC65F8445ED73AD9ABC135C9_element_264}]\nCapabilities {acceptInsecureCerts: false, browserName: chrome, browserVersion: 116.0.5845.96, chrome: {chromedriverVersion: 116.0.5845.96 (1a3918166880..., userDataDir: C:\\Windows\\SystemTemp\\scope...}, fedcm:accounts: true, goog:chromeOptions: {debuggerAddress: localhost:54210}, networkConnectionEnabled: false, pageLoadStrategy: normal, platformName: windows, proxy: Proxy(), se:cdp: ws://localhost:54210/devtoo..., se:cdpVersion: 116.0.5845.96, setWindowRect: true, strictFileInteractability: false, timeouts: {implicit: 0, pageLoad: 300000, script: 30000}, unhandledPromptBehavior: dismiss and notify, webauthn:extension:credBlob: true, webauthn:extension:largeBlob: true, webauthn:extension:minPinLength: true, webauthn:extension:prf: true, webauthn:virtualAuthenticators: true}\nElement: [[ChromeDriver: chrome on windows (01ffb2c909f87c04378d78f92167b2ca)] -> css selector: .iconex-arrow-down-mini.icon-square.arrow-down]\nSession ID: 01ffb2c909f87c04378d78f92167b2ca","time":{"start":1693772989854,"stop":1693773043955,"duration":54101}}]},"a61f8b0a417bedcfab20e736104bcc50":{"statistic":{"failed":0,"broken":2,"skipped":2,"passed":14,"unknown":0,"total":18},"items":[{"uid":"474db276691cbaf1","reportUrl":"https://edgar8686.github.io/TestCapitalComJava/214//#testresult/474db276691cbaf1","status":"passed","time":{"start":1694867544864,"stop":1694867599544,"duration":54680}},{"uid":"5d6b185d538f761e","reportUrl":"https://edgar8686.github.io/TestCapitalComJava/212//#testresult/5d6b185d538f761e","status":"passed","time":{"start":1694551591229,"stop":1694551647008,"duration":55779}},{"uid":"665ad54490865231","reportUrl":"https://edgar8686.github.io/TestCapitalComJava/211//#testresult/665ad54490865231","status":"passed","time":{"start":1694453261169,"stop":1694453318024,"duration":56855}},{"uid":"4d91382024540366","reportUrl":"https://edgar8686.github.io/TestCapitalComJava/210//#testresult/4d91382024540366","status":"passed","time":{"start":1694451329045,"stop":1694451383869,"duration":54824}},{"uid":"1233ae4d122c2c54","reportUrl":"https://edgar8686.github.io/TestCapitalComJava/209//#testresult/1233ae4d122c2c54","status":"skipped","statusDetails":"Test Skipped: ETF trading not found. For tests on language the page Education->ETF trading doesn't exist on production","time":{"start":1694351231058,"stop":1694351284545,"duration":53487}},{"uid":"878b78c10a056ea2","reportUrl":"https://edgar8686.github.io/TestCapitalComJava/208//#testresult/878b78c10a056ea2","status":"broken","statusDetails":"no such element: Unable to locate element: {\"method\":\"css selector\",\"selector\":\"a[data-country='zh']\"}\n  (Session info: headless chrome=116.0.5845.141)\nFor documentation on this error, please visit: https://www.selenium.dev/documentation/webdriver/troubleshooting/errors#no-such-element-exception\nBuild info: version: '4.12.0', revision: '249f2a7d1b*'\nSystem info: os.name: 'Windows Server 2022', os.arch: 'amd64', os.version: '10.0', java.version: '11.0.20.1'\nDriver info: org.openqa.selenium.chrome.ChromeDriver\nCommand: [81ab6adb2efc43fa10d81e8e791e56e7, findElement {using=css selector, value=a[data-country='zh']}]\nCapabilities {acceptInsecureCerts: false, browserName: chrome, browserVersion: 116.0.5845.141, chrome: {chromedriverVersion: 116.0.5845.96 (1a3918166880..., userDataDir: C:\\Windows\\SystemTemp\\scope...}, fedcm:accounts: true, goog:chromeOptions: {debuggerAddress: localhost:50071}, networkConnectionEnabled: false, pageLoadStrategy: normal, platformName: windows, proxy: Proxy(), se:cdp: ws://localhost:50071/devtoo..., se:cdpVersion: 116.0.5845.141, setWindowRect: true, strictFileInteractability: false, timeouts: {implicit: 0, pageLoad: 300000, script: 30000}, unhandledPromptBehavior: dismiss and notify, webauthn:extension:credBlob: true, webauthn:extension:largeBlob: true, webauthn:extension:minPinLength: true, webauthn:extension:prf: true, webauthn:virtualAuthenticators: true}\nSession ID: 81ab6adb2efc43fa10d81e8e791e56e7","time":{"start":1694349303973,"stop":1694349323061,"duration":19088}},{"uid":"8ba1fc7a0e511deb","reportUrl":"https://edgar8686.github.io/TestCapitalComJava/207//#testresult/8ba1fc7a0e511deb","status":"broken","statusDetails":"No such language or country was found\nFor documentation on this error, please visit: https://www.selenium.dev/documentation/webdriver/troubleshooting/errors#no-such-element-exception\nBuild info: version: '4.12.0', revision: '249f2a7d1b*'\nSystem info: os.name: 'Windows Server 2022', os.arch: 'amd64', os.version: '10.0', java.version: '11.0.20.1'\nDriver info: driver.version: unknown","time":{"start":1694346638295,"stop":1694346638561,"duration":266}},{"uid":"56dd6d0b62f0a0f6","reportUrl":"https://edgar8686.github.io/TestCapitalComJava/206//#testresult/56dd6d0b62f0a0f6","status":"passed","time":{"start":1694267151877,"stop":1694267213139,"duration":61262}},{"uid":"8cb8a551dbcee132","reportUrl":"https://edgar8686.github.io/TestCapitalComJava/205//#testresult/8cb8a551dbcee132","status":"passed","time":{"start":1694265759045,"stop":1694265822223,"duration":63178}},{"uid":"91cc14e940cf9f90","reportUrl":"https://edgar8686.github.io/TestCapitalComJava/204//#testresult/91cc14e940cf9f90","status":"passed","time":{"start":1694262009360,"stop":1694262164149,"duration":154789}},{"uid":"ea9c1ed9eb80a771","reportUrl":"https://edgar8686.github.io/TestCapitalComJava/203//#testresult/ea9c1ed9eb80a771","status":"passed","time":{"start":1694100397273,"stop":1694100474538,"duration":77265}},{"uid":"2d6f1b8291bb79e3","reportUrl":"https://edgar8686.github.io/TestCapitalComJava/202//#testresult/2d6f1b8291bb79e3","status":"passed","time":{"start":1694022330502,"stop":1694022381521,"duration":51019}},{"uid":"d633bceceefccdc8","reportUrl":"https://edgar8686.github.io/TestCapitalComJava/201//#testresult/d633bceceefccdc8","status":"passed","time":{"start":1694017063354,"stop":1694017119173,"duration":55819}},{"uid":"b60d78640e151625","reportUrl":"https://edgar8686.github.io/TestCapitalComJava/200//#testresult/b60d78640e151625","status":"skipped","statusDetails":"Test Skipped: ETF trading not found. For tests on language the page Education->ETF trading doesn't exist on production","time":{"start":1693849187895,"stop":1693849237445,"duration":49550}},{"uid":"311867d641217466","reportUrl":"https://edgar8686.github.io/TestCapitalComJava/199//#testresult/311867d641217466","status":"passed","time":{"start":1693776871425,"stop":1693776928655,"duration":57230}},{"uid":"7877c98fcd9b4793","reportUrl":"https://edgar8686.github.io/TestCapitalComJava/198//#testresult/7877c98fcd9b4793","status":"passed","time":{"start":1693775528402,"stop":1693775594462,"duration":66060}},{"uid":"b27d6bb5bff30ace","reportUrl":"https://edgar8686.github.io/TestCapitalComJava/197//#testresult/b27d6bb5bff30ace","status":"passed","time":{"start":1693773991779,"stop":1693774088075,"duration":96296}},{"uid":"7bd9abee85315187","reportUrl":"https://edgar8686.github.io/TestCapitalComJava/196//#testresult/7bd9abee85315187","status":"passed","time":{"start":1693772793035,"stop":1693772856697,"duration":63662}}]},"dba3d9cdd448cb2e6f32325098c5a613":{"statistic":{"failed":0,"broken":2,"skipped":2,"passed":14,"unknown":0,"total":18},"items":[{"uid":"eb08dc7e3f7a4a9b","reportUrl":"https://edgar8686.github.io/TestCapitalComJava/214//#testresult/eb08dc7e3f7a4a9b","status":"passed","time":{"start":1694868062834,"stop":1694868088069,"duration":25235}},{"uid":"8e99951d7784c6c6","reportUrl":"https://edgar8686.github.io/TestCapitalComJava/212//#testresult/8e99951d7784c6c6","status":"passed","time":{"start":1694552122241,"stop":1694552147407,"duration":25166}},{"uid":"4ef78bb4627867c0","reportUrl":"https://edgar8686.github.io/TestCapitalComJava/211//#testresult/4ef78bb4627867c0","status":"passed","time":{"start":1694453860917,"stop":1694453888205,"duration":27288}},{"uid":"21e5d50da77aab21","reportUrl":"https://edgar8686.github.io/TestCapitalComJava/210//#testresult/21e5d50da77aab21","status":"passed","time":{"start":1694451886524,"stop":1694451916468,"duration":29944}},{"uid":"feb15c1683b4ba52","reportUrl":"https://edgar8686.github.io/TestCapitalComJava/209//#testresult/feb15c1683b4ba52","status":"skipped","statusDetails":"Test Skipped: ETF trading not found. For tests on language the page Education->ETF trading doesn't exist on production","time":{"start":1694351758811,"stop":1694351786362,"duration":27551}},{"uid":"466e110f525a62d6","reportUrl":"https://edgar8686.github.io/TestCapitalComJava/208//#testresult/466e110f525a62d6","status":"broken","statusDetails":"no such element: Unable to locate element: {\"method\":\"css selector\",\"selector\":\"a[data-country='zh']\"}\n  (Session info: headless chrome=116.0.5845.141)\nFor documentation on this error, please visit: https://www.selenium.dev/documentation/webdriver/troubleshooting/errors#no-such-element-exception\nBuild info: version: '4.12.0', revision: '249f2a7d1b*'\nSystem info: os.name: 'Windows Server 2022', os.arch: 'amd64', os.version: '10.0', java.version: '11.0.20.1'\nDriver info: org.openqa.selenium.chrome.ChromeDriver\nCommand: [d17f2d832f5f33944fda97cb064b9c1e, findElement {using=css selector, value=a[data-country='zh']}]\nCapabilities {acceptInsecureCerts: false, browserName: chrome, browserVersion: 116.0.5845.141, chrome: {chromedriverVersion: 116.0.5845.96 (1a3918166880..., userDataDir: C:\\Windows\\SystemTemp\\scope...}, fedcm:accounts: true, goog:chromeOptions: {debuggerAddress: localhost:50385}, networkConnectionEnabled: false, pageLoadStrategy: normal, platformName: windows, proxy: Proxy(), se:cdp: ws://localhost:50385/devtoo..., se:cdpVersion: 116.0.5845.141, setWindowRect: true, strictFileInteractability: false, timeouts: {implicit: 0, pageLoad: 300000, script: 30000}, unhandledPromptBehavior: dismiss and notify, webauthn:extension:credBlob: true, webauthn:extension:largeBlob: true, webauthn:extension:minPinLength: true, webauthn:extension:prf: true, webauthn:virtualAuthenticators: true}\nSession ID: d17f2d832f5f33944fda97cb064b9c1e","time":{"start":1694349504525,"stop":1694349513424,"duration":8899}},{"uid":"9ae351065a143a95","reportUrl":"https://edgar8686.github.io/TestCapitalComJava/207//#testresult/9ae351065a143a95","status":"broken","statusDetails":"No such language or country was found\nFor documentation on this error, please visit: https://www.selenium.dev/documentation/webdriver/troubleshooting/errors#no-such-element-exception\nBuild info: version: '4.12.0', revision: '249f2a7d1b*'\nSystem info: os.name: 'Windows Server 2022', os.arch: 'amd64', os.version: '10.0', java.version: '11.0.20.1'\nDriver info: driver.version: unknown","time":{"start":1694346647133,"stop":1694346647268,"duration":135}},{"uid":"63fa757b41479f38","reportUrl":"https://edgar8686.github.io/TestCapitalComJava/206//#testresult/63fa757b41479f38","status":"passed","time":{"start":1694267660796,"stop":1694267685881,"duration":25085}},{"uid":"dda615072a1526f","reportUrl":"https://edgar8686.github.io/TestCapitalComJava/205//#testresult/dda615072a1526f","status":"passed","time":{"start":1694266322124,"stop":1694266348169,"duration":26045}},{"uid":"601b2e6e50f1c6d5","reportUrl":"https://edgar8686.github.io/TestCapitalComJava/204//#testresult/601b2e6e50f1c6d5","status":"passed","time":{"start":1694262656107,"stop":1694262681808,"duration":25701}},{"uid":"cf5ed58d781b0586","reportUrl":"https://edgar8686.github.io/TestCapitalComJava/203//#testresult/cf5ed58d781b0586","status":"passed","time":{"start":1694101040381,"stop":1694101065358,"duration":24977}},{"uid":"a38f9971cc7c51ab","reportUrl":"https://edgar8686.github.io/TestCapitalComJava/202//#testresult/a38f9971cc7c51ab","status":"passed","time":{"start":1694022921252,"stop":1694022947130,"duration":25878}},{"uid":"b25a5d12a5a1bb96","reportUrl":"https://edgar8686.github.io/TestCapitalComJava/201//#testresult/b25a5d12a5a1bb96","status":"passed","time":{"start":1694017632139,"stop":1694017658804,"duration":26665}},{"uid":"b608614252066d86","reportUrl":"https://edgar8686.github.io/TestCapitalComJava/200//#testresult/b608614252066d86","status":"skipped","statusDetails":"Test Skipped: ETF trading not found. For tests on language the page Education->ETF trading doesn't exist on production","time":{"start":1693849800208,"stop":1693849832259,"duration":32051}},{"uid":"508bd087b6b93f91","reportUrl":"https://edgar8686.github.io/TestCapitalComJava/199//#testresult/508bd087b6b93f91","status":"passed","time":{"start":1693777485782,"stop":1693777511970,"duration":26188}},{"uid":"fbedd8307189bc20","reportUrl":"https://edgar8686.github.io/TestCapitalComJava/198//#testresult/fbedd8307189bc20","status":"passed","time":{"start":1693776085692,"stop":1693776112899,"duration":27207}},{"uid":"c207eb0cab6c1665","reportUrl":"https://edgar8686.github.io/TestCapitalComJava/197//#testresult/c207eb0cab6c1665","status":"passed","time":{"start":1693774807775,"stop":1693774835505,"duration":27730}},{"uid":"867a6e87164f55b7","reportUrl":"https://edgar8686.github.io/TestCapitalComJava/196//#testresult/867a6e87164f55b7","status":"passed","time":{"start":1693773374061,"stop":1693773400593,"duration":26532}}]},"d94552ed568e443c94af3b887725ba82":{"statistic":{"failed":0,"broken":2,"skipped":2,"passed":14,"unknown":0,"total":18},"items":[{"uid":"87ab646aa5a538c5","reportUrl":"https://edgar8686.github.io/TestCapitalComJava/214//#testresult/87ab646aa5a538c5","status":"passed","time":{"start":1694867638647,"stop":1694867672931,"duration":34284}},{"uid":"44dc740119186b2a","reportUrl":"https://edgar8686.github.io/TestCapitalComJava/212//#testresult/44dc740119186b2a","status":"passed","time":{"start":1694551687729,"stop":1694551721838,"duration":34109}},{"uid":"1133695563480782","reportUrl":"https://edgar8686.github.io/TestCapitalComJava/211//#testresult/1133695563480782","status":"passed","time":{"start":1694453363117,"stop":1694453399050,"duration":35933}},{"uid":"9fad0da6904a6a52","reportUrl":"https://edgar8686.github.io/TestCapitalComJava/210//#testresult/9fad0da6904a6a52","status":"passed","time":{"start":1694451428509,"stop":1694451466184,"duration":37675}},{"uid":"350910675eef0426","reportUrl":"https://edgar8686.github.io/TestCapitalComJava/209//#testresult/350910675eef0426","status":"skipped","statusDetails":"Test Skipped: ETF trading not found. For tests on language the page Education->ETF trading doesn't exist on production","time":{"start":1694351322697,"stop":1694351350444,"duration":27747}},{"uid":"ded9f94d751c7537","reportUrl":"https://edgar8686.github.io/TestCapitalComJava/208//#testresult/ded9f94d751c7537","status":"broken","statusDetails":"no such element: Unable to locate element: {\"method\":\"css selector\",\"selector\":\"a[data-country='zh']\"}\n  (Session info: headless chrome=116.0.5845.141)\nFor documentation on this error, please visit: https://www.selenium.dev/documentation/webdriver/troubleshooting/errors#no-such-element-exception\nBuild info: version: '4.12.0', revision: '249f2a7d1b*'\nSystem info: os.name: 'Windows Server 2022', os.arch: 'amd64', os.version: '10.0', java.version: '11.0.20.1'\nDriver info: org.openqa.selenium.chrome.ChromeDriver\nCommand: [81ab6adb2efc43fa10d81e8e791e56e7, findElement {using=css selector, value=a[data-country='zh']}]\nCapabilities {acceptInsecureCerts: false, browserName: chrome, browserVersion: 116.0.5845.141, chrome: {chromedriverVersion: 116.0.5845.96 (1a3918166880..., userDataDir: C:\\Windows\\SystemTemp\\scope...}, fedcm:accounts: true, goog:chromeOptions: {debuggerAddress: localhost:50071}, networkConnectionEnabled: false, pageLoadStrategy: normal, platformName: windows, proxy: Proxy(), se:cdp: ws://localhost:50071/devtoo..., se:cdpVersion: 116.0.5845.141, setWindowRect: true, strictFileInteractability: false, timeouts: {implicit: 0, pageLoad: 300000, script: 30000}, unhandledPromptBehavior: dismiss and notify, webauthn:extension:credBlob: true, webauthn:extension:largeBlob: true, webauthn:extension:minPinLength: true, webauthn:extension:prf: true, webauthn:virtualAuthenticators: true}\nSession ID: 81ab6adb2efc43fa10d81e8e791e56e7","time":{"start":1694349332841,"stop":1694349341711,"duration":8870}},{"uid":"2e9f81d5e817df75","reportUrl":"https://edgar8686.github.io/TestCapitalComJava/207//#testresult/2e9f81d5e817df75","status":"broken","statusDetails":"No such language or country was found\nFor documentation on this error, please visit: https://www.selenium.dev/documentation/webdriver/troubleshooting/errors#no-such-element-exception\nBuild info: version: '4.12.0', revision: '249f2a7d1b*'\nSystem info: os.name: 'Windows Server 2022', os.arch: 'amd64', os.version: '10.0', java.version: '11.0.20.1'\nDriver info: driver.version: unknown","time":{"start":1694346639339,"stop":1694346639627,"duration":288}},{"uid":"f1a018e44d363a0a","reportUrl":"https://edgar8686.github.io/TestCapitalComJava/206//#testresult/f1a018e44d363a0a","status":"passed","time":{"start":1694267252004,"stop":1694267285968,"duration":33964}},{"uid":"9646c23ec22a6070","reportUrl":"https://edgar8686.github.io/TestCapitalComJava/205//#testresult/9646c23ec22a6070","status":"passed","time":{"start":1694265867057,"stop":1694265901071,"duration":34014}},{"uid":"9acc43984c862b21","reportUrl":"https://edgar8686.github.io/TestCapitalComJava/204//#testresult/9acc43984c862b21","status":"passed","time":{"start":1694262207912,"stop":1694262241020,"duration":33108}},{"uid":"c4f9de12d27cb354","reportUrl":"https://edgar8686.github.io/TestCapitalComJava/203//#testresult/c4f9de12d27cb354","status":"passed","time":{"start":1694100514769,"stop":1694100572777,"duration":58008}},{"uid":"19b1fcc925dea689","reportUrl":"https://edgar8686.github.io/TestCapitalComJava/202//#testresult/19b1fcc925dea689","status":"passed","time":{"start":1694022420734,"stop":1694022453002,"duration":32268}},{"uid":"af952febcfc47c4c","reportUrl":"https://edgar8686.github.io/TestCapitalComJava/201//#testresult/af952febcfc47c4c","status":"passed","time":{"start":1694017157659,"stop":1694017188675,"duration":31016}},{"uid":"796c6d11983a357c","reportUrl":"https://edgar8686.github.io/TestCapitalComJava/200//#testresult/796c6d11983a357c","status":"skipped","statusDetails":"Test Skipped: ETF trading not found. For tests on language the page Education->ETF trading doesn't exist on production","time":{"start":1693849274441,"stop":1693849301265,"duration":26824}},{"uid":"d80acd68700d18ab","reportUrl":"https://edgar8686.github.io/TestCapitalComJava/199//#testresult/d80acd68700d18ab","status":"passed","time":{"start":1693776964505,"stop":1693776995125,"duration":30620}},{"uid":"279b029c1648d709","reportUrl":"https://edgar8686.github.io/TestCapitalComJava/198//#testresult/279b029c1648d709","status":"passed","time":{"start":1693775631854,"stop":1693775663864,"duration":32010}},{"uid":"809a2408fedabc86","reportUrl":"https://edgar8686.github.io/TestCapitalComJava/197//#testresult/809a2408fedabc86","status":"passed","time":{"start":1693774164213,"stop":1693774215207,"duration":50994}},{"uid":"47765e0b64004745","reportUrl":"https://edgar8686.github.io/TestCapitalComJava/196//#testresult/47765e0b64004745","status":"passed","time":{"start":1693772895625,"stop":1693772926997,"duration":31372}}]},"8d5e4504dea010c8b87368f1e3ba8b84":{"statistic":{"failed":0,"broken":1,"skipped":0,"passed":0,"unknown":0,"total":1},"items":[{"uid":"a93e5572422c0807","reportUrl":"https://edgar8686.github.io/TestCapitalComJava/213//#testresult/a93e5572422c0807","status":"broken","statusDetails":"Failed to evaluate condition [settings.MyExecutionCondition]: Index 0 out of bounds for length 0","time":{"start":1694865309686,"stop":1694865309686,"duration":0}}]},"3bd4e68b0959af773ea52dc71923f9e7":{"statistic":{"failed":0,"broken":2,"skipped":2,"passed":14,"unknown":0,"total":18},"items":[{"uid":"74b75423ef72c23f","reportUrl":"https://edgar8686.github.io/TestCapitalComJava/214//#testresult/74b75423ef72c23f","status":"passed","time":{"start":1694868029141,"stop":1694868062664,"duration":33523}},{"uid":"68523f1d2df2a98","reportUrl":"https://edgar8686.github.io/TestCapitalComJava/212//#testresult/68523f1d2df2a98","status":"passed","time":{"start":1694552087195,"stop":1694552122206,"duration":35011}},{"uid":"76148f65c1ff0911","reportUrl":"https://edgar8686.github.io/TestCapitalComJava/211//#testresult/76148f65c1ff0911","status":"passed","time":{"start":1694453823266,"stop":1694453860900,"duration":37634}},{"uid":"5f89571f042b5dcd","reportUrl":"https://edgar8686.github.io/TestCapitalComJava/210//#testresult/5f89571f042b5dcd","status":"passed","time":{"start":1694451844575,"stop":1694451886406,"duration":41831}},{"uid":"d00fb07bf603a75a","reportUrl":"https://edgar8686.github.io/TestCapitalComJava/209//#testresult/d00fb07bf603a75a","status":"skipped","statusDetails":"Test Skipped: ETF trading not found. For tests on language the page Education->ETF trading doesn't exist on production","time":{"start":1694351721257,"stop":1694351758795,"duration":37538}},{"uid":"a7fd253417d71ec8","reportUrl":"https://edgar8686.github.io/TestCapitalComJava/208//#testresult/a7fd253417d71ec8","status":"broken","statusDetails":"no such element: Unable to locate element: {\"method\":\"css selector\",\"selector\":\"a[data-country='zh']\"}\n  (Session info: headless chrome=116.0.5845.141)\nFor documentation on this error, please visit: https://www.selenium.dev/documentation/webdriver/troubleshooting/errors#no-such-element-exception\nBuild info: version: '4.12.0', revision: '249f2a7d1b*'\nSystem info: os.name: 'Windows Server 2022', os.arch: 'amd64', os.version: '10.0', java.version: '11.0.20.1'\nDriver info: org.openqa.selenium.chrome.ChromeDriver\nCommand: [d17f2d832f5f33944fda97cb064b9c1e, findElement {using=css selector, value=a[data-country='zh']}]\nCapabilities {acceptInsecureCerts: false, browserName: chrome, browserVersion: 116.0.5845.141, chrome: {chromedriverVersion: 116.0.5845.96 (1a3918166880..., userDataDir: C:\\Windows\\SystemTemp\\scope...}, fedcm:accounts: true, goog:chromeOptions: {debuggerAddress: localhost:50385}, networkConnectionEnabled: false, pageLoadStrategy: normal, platformName: windows, proxy: Proxy(), se:cdp: ws://localhost:50385/devtoo..., se:cdpVersion: 116.0.5845.141, setWindowRect: true, strictFileInteractability: false, timeouts: {implicit: 0, pageLoad: 300000, script: 30000}, unhandledPromptBehavior: dismiss and notify, webauthn:extension:credBlob: true, webauthn:extension:largeBlob: true, webauthn:extension:minPinLength: true, webauthn:extension:prf: true, webauthn:virtualAuthenticators: true}\nSession ID: d17f2d832f5f33944fda97cb064b9c1e","time":{"start":1694349495042,"stop":1694349504478,"duration":9436}},{"uid":"b23aebeee42affba","reportUrl":"https://edgar8686.github.io/TestCapitalComJava/207//#testresult/b23aebeee42affba","status":"broken","statusDetails":"No such language or country was found\nFor documentation on this error, please visit: https://www.selenium.dev/documentation/webdriver/troubleshooting/errors#no-such-element-exception\nBuild info: version: '4.12.0', revision: '249f2a7d1b*'\nSystem info: os.name: 'Windows Server 2022', os.arch: 'amd64', os.version: '10.0', java.version: '11.0.20.1'\nDriver info: driver.version: unknown","time":{"start":1694346646908,"stop":1694346647086,"duration":178}},{"uid":"dd1e1c094b3565e7","reportUrl":"https://edgar8686.github.io/TestCapitalComJava/206//#testresult/dd1e1c094b3565e7","status":"passed","time":{"start":1694267629529,"stop":1694267660775,"duration":31246}},{"uid":"2f7fbaae96376843","reportUrl":"https://edgar8686.github.io/TestCapitalComJava/205//#testresult/2f7fbaae96376843","status":"passed","time":{"start":1694266287583,"stop":1694266322090,"duration":34507}},{"uid":"ded2f9b0a97dd2a8","reportUrl":"https://edgar8686.github.io/TestCapitalComJava/204//#testresult/ded2f9b0a97dd2a8","status":"passed","time":{"start":1694262623844,"stop":1694262656085,"duration":32241}},{"uid":"f3143560f1880d67","reportUrl":"https://edgar8686.github.io/TestCapitalComJava/203//#testresult/f3143560f1880d67","status":"passed","time":{"start":1694101005710,"stop":1694101040368,"duration":34658}},{"uid":"568d5059acba63f1","reportUrl":"https://edgar8686.github.io/TestCapitalComJava/202//#testresult/568d5059acba63f1","status":"passed","time":{"start":1694022889518,"stop":1694022921053,"duration":31535}},{"uid":"81199961d943bd79","reportUrl":"https://edgar8686.github.io/TestCapitalComJava/201//#testresult/81199961d943bd79","status":"passed","time":{"start":1694017596935,"stop":1694017632122,"duration":35187}},{"uid":"341ca0ce2517cc1b","reportUrl":"https://edgar8686.github.io/TestCapitalComJava/200//#testresult/341ca0ce2517cc1b","status":"skipped","statusDetails":"Test Skipped: ETF trading not found. For tests on language the page Education->ETF trading doesn't exist on production","time":{"start":1693849763747,"stop":1693849800176,"duration":36429}},{"uid":"d2414acb52f8f30","reportUrl":"https://edgar8686.github.io/TestCapitalComJava/199//#testresult/d2414acb52f8f30","status":"passed","time":{"start":1693777453804,"stop":1693777485754,"duration":31950}},{"uid":"50f59a302f74415","reportUrl":"https://edgar8686.github.io/TestCapitalComJava/198//#testresult/50f59a302f74415","status":"passed","time":{"start":1693776049990,"stop":1693776085580,"duration":35590}},{"uid":"31d023dff100315b","reportUrl":"https://edgar8686.github.io/TestCapitalComJava/197//#testresult/31d023dff100315b","status":"passed","time":{"start":1693774760152,"stop":1693774807760,"duration":47608}},{"uid":"956e150c8d612243","reportUrl":"https://edgar8686.github.io/TestCapitalComJava/196//#testresult/956e150c8d612243","status":"passed","time":{"start":1693773340476,"stop":1693773374036,"duration":33560}}]}}