{"uid":"4b4757e66a1912dae1a509f688f20b0f","children":[{"name":"Test defects","children":[{"name":"stale element reference: stale element not found\n  (Session info: headless chrome=116.0.5845.96)\nFor documentation on this error, please visit: https://www.selenium.dev/documentation/webdriver/troubleshooting/errors#stale-element-reference-exception\nBuild info: version: '4.11.0', revision: '040bc5406b'\nSystem info: os.name: 'Windows Server 2022', os.arch: 'amd64', os.version: '10.0', java.version: '11.0.20'\nDriver info: org.openqa.selenium.chrome.ChromeDriver\nCommand: [ec9788a0f41be1427eaf887a3f7c3719, actions {actions=[org.openqa.selenium.interactions.Sequence@2f42f20f, org.openqa.selenium.interactions.Sequence@7ee46aaf]}]\nCapabilities {acceptInsecureCerts: false, browserName: chrome, browserVersion: 116.0.5845.96, chrome: {chromedriverVersion: 116.0.5845.96 (1a3918166880..., userDataDir: C:\\Windows\\SystemTemp\\scope...}, fedcm:accounts: true, goog:chromeOptions: {debuggerAddress: localhost:60246}, networkConnectionEnabled: false, pageLoadStrategy: normal, platformName: windows, proxy: Proxy(), se:cdp: ws://localhost:60246/devtoo..., se:cdpVersion: 116.0.5845.96, setWindowRect: true, strictFileInteractability: false, timeouts: {implicit: 0, pageLoad: 300000, script: 30000}, unhandledPromptBehavior: dismiss and notify, webauthn:extension:credBlob: true, webauthn:extension:largeBlob: true, webauthn:extension:minPinLength: true, webauthn:extension:prf: true, webauthn:virtualAuthenticators: true}\nSession ID: ec9788a0f41be1427eaf887a3f7c3719","children":[{"name":"TC_11-02-07_03 (UnReg) [1] de, de","uid":"df560839491efa32","parentUid":"7d2b3468732e12f2ac3c3da155e3eda6","status":"broken","time":{"start":1693247981208,"stop":1693247987186,"duration":5978},"flaky":false,"newFailed":false,"newPassed":false,"newBroken":true,"retriesCount":0,"retriesStatusChange":false,"parameters":["de","de"]}],"uid":"7d2b3468732e12f2ac3c3da155e3eda6"}],"uid":"bdbf199525818fae7a8651db9eafe741"},{"name":"Product defects","children":[{"name":"Failed: Opened a 'SignUp' form instead of a 'Login' form (7 failures)\r\n\torg.opentest4j.AssertionFailedError: Login is not displayed ==> expected: <true> but was: <false>\r\n\torg.opentest4j.AssertionFailedError: Link SignUp is not displayed ==> expected: <true> but was: <false>\r\n\torg.opentest4j.AssertionFailedError: Email input is not displayed ==> expected: <true> but was: <false>\r\n\torg.opentest4j.AssertionFailedError: Password input is not displayed ==> expected: <true> but was: <false>\r\n\torg.opentest4j.AssertionFailedError: Password forgot link is not displayed ==> expected: <true> but was: <false>\r\n\torg.opentest4j.AssertionFailedError: Continue button is not displayed ==> expected: <true> but was: <false>\r\n\torg.opentest4j.AssertionFailedError: CheckBox is not displayed ==> expected: <true> but was: <false>","children":[{"name":"TC_11-02-07_03 (UnAuth) [1] de, de","uid":"ef1ec5ca8ca66612","parentUid":"1b5ad64d0549f83ccce92dc2e53c7aac","status":"failed","time":{"start":1693247987249,"stop":1693248028070,"duration":40821},"flaky":false,"newFailed":false,"newPassed":false,"newBroken":false,"retriesCount":0,"retriesStatusChange":false,"parameters":["aqa.tomelo.an@gmail.com","iT9Vgqi6d$fiZ*Z","de","de"]},{"name":"TC_11-02-07_04 (UnAuth) [1] de, de","uid":"469fb41b3d3fbfbf","parentUid":"1b5ad64d0549f83ccce92dc2e53c7aac","status":"failed","time":{"start":1693248236327,"stop":1693248276171,"duration":39844},"flaky":false,"newFailed":true,"newPassed":false,"newBroken":false,"retriesCount":0,"retriesStatusChange":false,"parameters":["aqa.tomelo.an@gmail.com","iT9Vgqi6d$fiZ*Z","de","de"]}],"uid":"1b5ad64d0549f83ccce92dc2e53c7aac"},{"name":"Failed: Trade element is not opened (2 failures)\r\n\torg.openqa.selenium.NoSuchElementException: no such element: Unable to locate element: {\"method\":\"xpath\",\"selector\":\"//*[text()=' Apple ']\"}\n  (Session info: headless chrome=116.0.5845.96)\nFor documentation on this error, please visit: https://www.selenium.dev/documentation/webdriver/troubleshooting/errors#no-such-element-exception\nBuild info: version: '4.11.0', revision: '040bc5406b'\nSystem info: os.name: 'Windows Server 2022', os.arch: 'amd64', os.version: '10.0', java.version: '11.0.20'\nDriver info: org.openqa.selenium.chrome.ChromeDriver\nCommand: [5e673c66082f7142b5eeb7e5acd2c64b, findElement {using=xpath, value=//*[text()=' Apple ']}]\nCapabilities {acceptInsecureCerts: false, browserName: chrome, browserVersion: 116.0.5845.96, chrome: {chromedriverVersion: 116.0.5845.96 (1a3918166880..., userDataDir: C:\\Windows\\SystemTemp\\scope...}, fedcm:accounts: true, goog:chromeOptions: {debuggerAddress: localhost:60351}, networkConnectionEnabled: false, pageLoadStrategy: normal, platformName: windows, proxy: Proxy(), se:cdp: ws://localhost:60351/devtoo..., se:cdpVersion: 116.0.5845.96, setWindowRect: true, strictFileInteractability: false, timeouts: {implicit: 0, pageLoad: 300000, script: 30000}, unhandledPromptBehavior: dismiss and notify, webauthn:extension:credBlob: true, webauthn:extension:largeBlob: true, webauthn:extension:minPinLength: true, webauthn:extension:prf: true, webauthn:virtualAuthenticators: true}\nSession ID: 5e673c66082f7142b5eeb7e5acd2c64b\r\n\torg.openqa.selenium.NoSuchElementException: no such element: Unable to locate element: {\"method\":\"xpath\",\"selector\":\"//div[@class='state-item-button active selected']//div[text()='Apple']\"}\n  (Session info: headless chrome=116.0.5845.96)\nFor documentation on this error, please visit: https://www.selenium.dev/documentation/webdriver/troubleshooting/errors#no-such-element-exception\nBuild info: version: '4.11.0', revision: '040bc5406b'\nSystem info: os.name: 'Windows Server 2022', os.arch: 'amd64', os.version: '10.0', java.version: '11.0.20'\nDriver info: org.openqa.selenium.chrome.ChromeDriver\nCommand: [5e673c66082f7142b5eeb7e5acd2c64b, findElement {using=xpath, value=//div[@class='state-item-button active selected']//div[text()='Apple']}]\nCapabilities {acceptInsecureCerts: false, browserName: chrome, browserVersion: 116.0.5845.96, chrome: {chromedriverVersion: 116.0.5845.96 (1a3918166880..., userDataDir: C:\\Windows\\SystemTemp\\scope...}, fedcm:accounts: true, goog:chromeOptions: {debuggerAddress: localhost:60351}, networkConnectionEnabled: false, pageLoadStrategy: normal, platformName: windows, proxy: Proxy(), se:cdp: ws://localhost:60351/devtoo..., se:cdpVersion: 116.0.5845.96, setWindowRect: true, strictFileInteractability: false, timeouts: {implicit: 0, pageLoad: 300000, script: 30000}, unhandledPromptBehavior: dismiss and notify, webauthn:extension:credBlob: true, webauthn:extension:largeBlob: true, webauthn:extension:minPinLength: true, webauthn:extension:prf: true, webauthn:virtualAuthenticators: true}\nSession ID: 5e673c66082f7142b5eeb7e5acd2c64b","children":[{"name":"TC_11-02-07_05 (Auth) [1] de, de","uid":"2423476e7b78ea41","parentUid":"f4fcdd6a6bc63e1f8b3cb14d2a6bf16f","status":"failed","time":{"start":1693248060365,"stop":1693248106035,"duration":45670},"flaky":false,"newFailed":false,"newPassed":false,"newBroken":false,"retriesCount":0,"retriesStatusChange":false,"parameters":["aqa.tomelo.an@gmail.com","iT9Vgqi6d$fiZ*Z","de","de"]}],"uid":"f4fcdd6a6bc63e1f8b3cb14d2a6bf16f"}],"uid":"8fb3a91ba5aaf9de24cc8a92edc82b5d"}],"name":"categories"}