{"59467bd8adfd0f99600968de7aab76fe":{"statistic":{"failed":2,"broken":0,"skipped":1,"passed":2,"unknown":0,"total":5},"items":[{"uid":"734c12bc8c3e8070","reportUrl":"https://edgar8686.github.io/TestCapitalComJava/200//#testresult/734c12bc8c3e8070","status":"skipped","statusDetails":"Test Skipped: ETF trading not found. For tests on language the page Education->ETF trading doesn't exist on production","time":{"start":1693849717943,"stop":1693849761073,"duration":43130}},{"uid":"1f8a6b057fd4b49c","reportUrl":"https://edgar8686.github.io/TestCapitalComJava/199//#testresult/1f8a6b057fd4b49c","status":"failed","statusDetails":"Trade button is missing on the Widget","time":{"start":1693777391415,"stop":1693777452338,"duration":60923}},{"uid":"536eac0ad946beea","reportUrl":"https://edgar8686.github.io/TestCapitalComJava/198//#testresult/536eac0ad946beea","status":"passed","time":{"start":1693776001895,"stop":1693776048131,"duration":46236}},{"uid":"3a0cb02cd54b6c46","reportUrl":"https://edgar8686.github.io/TestCapitalComJava/197//#testresult/3a0cb02cd54b6c46","status":"failed","statusDetails":"Trade button is missing on the Widget","time":{"start":1693774676831,"stop":1693774758569,"duration":81738}},{"uid":"fcefc55ff8af73be","reportUrl":"https://edgar8686.github.io/TestCapitalComJava/196//#testresult/fcefc55ff8af73be","status":"passed","time":{"start":1693773297523,"stop":1693773339018,"duration":41495}}]},"31f6b94530614b17d7a94d87c5179933":{"statistic":{"failed":0,"broken":0,"skipped":1,"passed":4,"unknown":0,"total":5},"items":[{"uid":"a54615bb2b1648d9","reportUrl":"https://edgar8686.github.io/TestCapitalComJava/200//#testresult/a54615bb2b1648d9","status":"skipped","statusDetails":"Test Skipped: ETF trading not found. For tests on language the page Education->ETF trading doesn't exist on production","time":{"start":1693849544871,"stop":1693849572592,"duration":27721}},{"uid":"c572d23ed78dd117","reportUrl":"https://edgar8686.github.io/TestCapitalComJava/199//#testresult/c572d23ed78dd117","status":"passed","time":{"start":1693777173975,"stop":1693777229894,"duration":55919}},{"uid":"dee4ed05aab4d3f4","reportUrl":"https://edgar8686.github.io/TestCapitalComJava/198//#testresult/dee4ed05aab4d3f4","status":"passed","time":{"start":1693775796512,"stop":1693775835213,"duration":38701}},{"uid":"c7612b32c9f443e","reportUrl":"https://edgar8686.github.io/TestCapitalComJava/197//#testresult/c7612b32c9f443e","status":"passed","time":{"start":1693774421767,"stop":1693774448104,"duration":26337}},{"uid":"dc7a66eff6c3a5e6","reportUrl":"https://edgar8686.github.io/TestCapitalComJava/196//#testresult/dc7a66eff6c3a5e6","status":"passed","time":{"start":1693773110664,"stop":1693773137825,"duration":27161}}]},"37cac84fed9b8d9ce55230632b5a5408":{"statistic":{"failed":4,"broken":0,"skipped":1,"passed":0,"unknown":0,"total":5},"items":[{"uid":"bdbb95e83e2712bb","reportUrl":"https://edgar8686.github.io/TestCapitalComJava/200//#testresult/bdbb95e83e2712bb","status":"skipped","statusDetails":"Test Skipped: ETF trading not found. For tests on language the page Education->ETF trading doesn't exist on production","time":{"start":1693849832275,"stop":1693849875448,"duration":43173}},{"uid":"b98edf13bf4b2f0c","reportUrl":"https://edgar8686.github.io/TestCapitalComJava/199//#testresult/b98edf13bf4b2f0c","status":"failed","statusDetails":"Failed: Opened a 'SignUp' form instead of a 'Login' form (UnAuth) (7 failures)\r\n\torg.opentest4j.AssertionFailedError: Login is not displayed ==> expected: <true> but was: <false>\r\n\torg.opentest4j.AssertionFailedError: Link SignUp is not displayed ==> expected: <true> but was: <false>\r\n\torg.opentest4j.AssertionFailedError: Email input is not displayed ==> expected: <true> but was: <false>\r\n\torg.opentest4j.AssertionFailedError: Password input is not displayed ==> expected: <true> but was: <false>\r\n\torg.opentest4j.AssertionFailedError: Password forgot link is not displayed ==> expected: <true> but was: <false>\r\n\torg.opentest4j.AssertionFailedError: Continue button is not displayed ==> expected: <true> but was: <false>\r\n\torg.opentest4j.AssertionFailedError: CheckBox is not displayed ==> expected: <true> but was: <false>","time":{"start":1693777511988,"stop":1693777547062,"duration":35074}},{"uid":"adb263b3f0b4cba7","reportUrl":"https://edgar8686.github.io/TestCapitalComJava/198//#testresult/adb263b3f0b4cba7","status":"failed","statusDetails":"Failed: Opened a 'SignUp' form instead of a 'Login' form (UnAuth) (7 failures)\r\n\torg.opentest4j.AssertionFailedError: Login is not displayed ==> expected: <true> but was: <false>\r\n\torg.opentest4j.AssertionFailedError: Link SignUp is not displayed ==> expected: <true> but was: <false>\r\n\torg.opentest4j.AssertionFailedError: Email input is not displayed ==> expected: <true> but was: <false>\r\n\torg.opentest4j.AssertionFailedError: Password input is not displayed ==> expected: <true> but was: <false>\r\n\torg.opentest4j.AssertionFailedError: Password forgot link is not displayed ==> expected: <true> but was: <false>\r\n\torg.opentest4j.AssertionFailedError: Continue button is not displayed ==> expected: <true> but was: <false>\r\n\torg.opentest4j.AssertionFailedError: CheckBox is not displayed ==> expected: <true> but was: <false>","time":{"start":1693776112934,"stop":1693776151983,"duration":39049}},{"uid":"5f436894cb7160d8","reportUrl":"https://edgar8686.github.io/TestCapitalComJava/197//#testresult/5f436894cb7160d8","status":"failed","statusDetails":"Failed: Opened a 'SignUp' form instead of a 'Login' form (UnAuth) (7 failures)\r\n\torg.opentest4j.AssertionFailedError: Login is not displayed ==> expected: <true> but was: <false>\r\n\torg.opentest4j.AssertionFailedError: Link SignUp is not displayed ==> expected: <true> but was: <false>\r\n\torg.opentest4j.AssertionFailedError: Email input is not displayed ==> expected: <true> but was: <false>\r\n\torg.opentest4j.AssertionFailedError: Password input is not displayed ==> expected: <true> but was: <false>\r\n\torg.opentest4j.AssertionFailedError: Password forgot link is not displayed ==> expected: <true> but was: <false>\r\n\torg.opentest4j.AssertionFailedError: Continue button is not displayed ==> expected: <true> but was: <false>\r\n\torg.opentest4j.AssertionFailedError: CheckBox is not displayed ==> expected: <true> but was: <false>","time":{"start":1693774835536,"stop":1693774892113,"duration":56577}},{"uid":"3e1456054566d516","reportUrl":"https://edgar8686.github.io/TestCapitalComJava/196//#testresult/3e1456054566d516","status":"failed","statusDetails":"Failed: Opened a 'SignUp' form instead of a 'Login' form (UnAuth) (7 failures)\r\n\torg.opentest4j.AssertionFailedError: Login is not displayed ==> expected: <true> but was: <false>\r\n\torg.opentest4j.AssertionFailedError: Link SignUp is not displayed ==> expected: <true> but was: <false>\r\n\torg.opentest4j.AssertionFailedError: Email input is not displayed ==> expected: <true> but was: <false>\r\n\torg.opentest4j.AssertionFailedError: Password input is not displayed ==> expected: <true> but was: <false>\r\n\torg.opentest4j.AssertionFailedError: Password forgot link is not displayed ==> expected: <true> but was: <false>\r\n\torg.opentest4j.AssertionFailedError: Continue button is not displayed ==> expected: <true> but was: <false>\r\n\torg.opentest4j.AssertionFailedError: CheckBox is not displayed ==> expected: <true> but was: <false>","time":{"start":1693773400610,"stop":1693773436808,"duration":36198}}]},"d38f8ae0cadcff3ce29b1d919b83abba":{"statistic":{"failed":2,"broken":1,"skipped":1,"passed":1,"unknown":0,"total":5},"items":[{"uid":"841e8e80134b7097","reportUrl":"https://edgar8686.github.io/TestCapitalComJava/200//#testresult/841e8e80134b7097","status":"skipped","statusDetails":"Test Skipped: ETF trading not found. For tests on language the page Education->ETF trading doesn't exist on production","time":{"start":1693849652700,"stop":1693849689293,"duration":36593}},{"uid":"1fa818d43a551608","reportUrl":"https://edgar8686.github.io/TestCapitalComJava/199//#testresult/1fa818d43a551608","status":"failed","statusDetails":"Failed: Trade element is not active (Auth) (1 failure)\r\n\torg.opentest4j.AssertionFailedError: Trade element is not displayed ==> expected: <true> but was: <false>","time":{"start":1693777325974,"stop":1693777360908,"duration":34934}},{"uid":"32cbd1ff5a3ef1b4","reportUrl":"https://edgar8686.github.io/TestCapitalComJava/198//#testresult/32cbd1ff5a3ef1b4","status":"broken","statusDetails":"no such element: Unable to locate element: {\"method\":\"xpath\",\"selector\":\"//div[@class='state-item-button active selected']//div[text()='Apple']\"}\n  (Session info: headless chrome=116.0.5845.96)\nFor documentation on this error, please visit: https://www.selenium.dev/documentation/webdriver/troubleshooting/errors#no-such-element-exception\nBuild info: version: '4.12.0', revision: '249f2a7d1b*'\nSystem info: os.name: 'Windows Server 2022', os.arch: 'amd64', os.version: '10.0', java.version: '11.0.20.1'\nDriver info: org.openqa.selenium.chrome.ChromeDriver\nCommand: [b45fbd33cd03cfa8e21f0cc758c54104, findElement {using=xpath, value=//div[@class='state-item-button active selected']//div[text()='Apple']}]\nCapabilities {acceptInsecureCerts: false, browserName: chrome, browserVersion: 116.0.5845.96, chrome: {chromedriverVersion: 116.0.5845.96 (1a3918166880..., userDataDir: C:\\Windows\\SystemTemp\\scope...}, fedcm:accounts: true, goog:chromeOptions: {debuggerAddress: localhost:53145}, networkConnectionEnabled: false, pageLoadStrategy: normal, platformName: windows, proxy: Proxy(), se:cdp: ws://localhost:53145/devtoo..., se:cdpVersion: 116.0.5845.96, setWindowRect: true, strictFileInteractability: false, timeouts: {implicit: 0, pageLoad: 300000, script: 30000}, unhandledPromptBehavior: dismiss and notify, webauthn:extension:credBlob: true, webauthn:extension:largeBlob: true, webauthn:extension:minPinLength: true, webauthn:extension:prf: true, webauthn:virtualAuthenticators: true}\nSession ID: b45fbd33cd03cfa8e21f0cc758c54104","time":{"start":1693775904347,"stop":1693775950436,"duration":46089}},{"uid":"f8c18392f43345dd","reportUrl":"https://edgar8686.github.io/TestCapitalComJava/197//#testresult/f8c18392f43345dd","status":"passed","time":{"start":1693774553394,"stop":1693774625797,"duration":72403}},{"uid":"a62f8bdeead70d21","reportUrl":"https://edgar8686.github.io/TestCapitalComJava/196//#testresult/a62f8bdeead70d21","status":"failed","statusDetails":"Trade button is missing on the Widget","time":{"start":1693773211061,"stop":1693773266427,"duration":55366}}]},"9b041b474d68e514b835b34ca0b04891":{"statistic":{"failed":0,"broken":0,"skipped":1,"passed":4,"unknown":0,"total":5},"items":[{"uid":"12b04dca6f3252c4","reportUrl":"https://edgar8686.github.io/TestCapitalComJava/200//#testresult/12b04dca6f3252c4","status":"skipped","statusDetails":"Test Skipped: ETF trading not found. For tests on language the page Education->ETF trading doesn't exist on production","time":{"start":1693849237981,"stop":1693849274385,"duration":36404}},{"uid":"7ca4005009d56ee0","reportUrl":"https://edgar8686.github.io/TestCapitalComJava/199//#testresult/7ca4005009d56ee0","status":"passed","time":{"start":1693776929137,"stop":1693776964435,"duration":35298}},{"uid":"c645ab62de83561e","reportUrl":"https://edgar8686.github.io/TestCapitalComJava/198//#testresult/c645ab62de83561e","status":"passed","time":{"start":1693775594869,"stop":1693775631770,"duration":36901}},{"uid":"f41f52d241461a15","reportUrl":"https://edgar8686.github.io/TestCapitalComJava/197//#testresult/f41f52d241461a15","status":"passed","time":{"start":1693774088790,"stop":1693774164139,"duration":75349}},{"uid":"59ce9cf281216722","reportUrl":"https://edgar8686.github.io/TestCapitalComJava/196//#testresult/59ce9cf281216722","status":"passed","time":{"start":1693772857034,"stop":1693772895475,"duration":38441}}]},"60da42a99b92d08bca7358701ba2a63a":{"statistic":{"failed":3,"broken":1,"skipped":1,"passed":0,"unknown":0,"total":5},"items":[{"uid":"767bacb7aa93a05","reportUrl":"https://edgar8686.github.io/TestCapitalComJava/200//#testresult/767bacb7aa93a05","status":"skipped","statusDetails":"Test Skipped: ETF trading not found. For tests on language the page Education->ETF trading doesn't exist on production","time":{"start":1693849572639,"stop":1693849615625,"duration":42986}},{"uid":"4c5946ab7dc84897","reportUrl":"https://edgar8686.github.io/TestCapitalComJava/199//#testresult/4c5946ab7dc84897","status":"failed","statusDetails":"Failed: Opened a 'SignUp' form instead of a 'Login' form (UnAuth) (7 failures)\r\n\torg.opentest4j.AssertionFailedError: Login is not displayed ==> expected: <true> but was: <false>\r\n\torg.opentest4j.AssertionFailedError: Link SignUp is not displayed ==> expected: <true> but was: <false>\r\n\torg.opentest4j.AssertionFailedError: Email input is not displayed ==> expected: <true> but was: <false>\r\n\torg.opentest4j.AssertionFailedError: Password input is not displayed ==> expected: <true> but was: <false>\r\n\torg.opentest4j.AssertionFailedError: Password forgot link is not displayed ==> expected: <true> but was: <false>\r\n\torg.opentest4j.AssertionFailedError: Continue button is not displayed ==> expected: <true> but was: <false>\r\n\torg.opentest4j.AssertionFailedError: CheckBox is not displayed ==> expected: <true> but was: <false>","time":{"start":1693777229981,"stop":1693777292838,"duration":62857}},{"uid":"7a4ba837e432923b","reportUrl":"https://edgar8686.github.io/TestCapitalComJava/198//#testresult/7a4ba837e432923b","status":"broken","statusDetails":"stale element reference: stale element not found\n  (Session info: headless chrome=116.0.5845.96)\nFor documentation on this error, please visit: https://www.selenium.dev/documentation/webdriver/troubleshooting/errors#stale-element-reference-exception\nBuild info: version: '4.12.0', revision: '249f2a7d1b*'\nSystem info: os.name: 'Windows Server 2022', os.arch: 'amd64', os.version: '10.0', java.version: '11.0.20.1'\nDriver info: org.openqa.selenium.chrome.ChromeDriver\nCommand: [3829e71f36142bffe1e1c524c5677792, clickElement {id=3EEB829AE5D6C46C5313B0103FAB6EA7_element_151}]\nCapabilities {acceptInsecureCerts: false, browserName: chrome, browserVersion: 116.0.5845.96, chrome: {chromedriverVersion: 116.0.5845.96 (1a3918166880..., userDataDir: C:\\Windows\\SystemTemp\\scope...}, fedcm:accounts: true, goog:chromeOptions: {debuggerAddress: localhost:53043}, networkConnectionEnabled: false, pageLoadStrategy: normal, platformName: windows, proxy: Proxy(), se:cdp: ws://localhost:53043/devtoo..., se:cdpVersion: 116.0.5845.96, setWindowRect: true, strictFileInteractability: false, timeouts: {implicit: 0, pageLoad: 300000, script: 30000}, unhandledPromptBehavior: dismiss and notify, webauthn:extension:credBlob: true, webauthn:extension:largeBlob: true, webauthn:extension:minPinLength: true, webauthn:extension:prf: true, webauthn:virtualAuthenticators: true}\nElement: [[ChromeDriver: chrome on windows (3829e71f36142bffe1e1c524c5677792)] -> css selector: a[data-country='hk']]\nSession ID: 3829e71f36142bffe1e1c524c5677792","time":{"start":1693775835264,"stop":1693775852313,"duration":17049}},{"uid":"10496b20ab957d79","reportUrl":"https://edgar8686.github.io/TestCapitalComJava/197//#testresult/10496b20ab957d79","status":"failed","statusDetails":"Failed: Opened a 'SignUp' form instead of a 'Login' form (UnAuth) (7 failures)\r\n\torg.opentest4j.AssertionFailedError: Login is not displayed ==> expected: <true> but was: <false>\r\n\torg.opentest4j.AssertionFailedError: Link SignUp is not displayed ==> expected: <true> but was: <false>\r\n\torg.opentest4j.AssertionFailedError: Email input is not displayed ==> expected: <true> but was: <false>\r\n\torg.opentest4j.AssertionFailedError: Password input is not displayed ==> expected: <true> but was: <false>\r\n\torg.opentest4j.AssertionFailedError: Password forgot link is not displayed ==> expected: <true> but was: <false>\r\n\torg.opentest4j.AssertionFailedError: Continue button is not displayed ==> expected: <true> but was: <false>\r\n\torg.opentest4j.AssertionFailedError: CheckBox is not displayed ==> expected: <true> but was: <false>","time":{"start":1693774448122,"stop":1693774500265,"duration":52143}},{"uid":"f502ca47f8e263d7","reportUrl":"https://edgar8686.github.io/TestCapitalComJava/196//#testresult/f502ca47f8e263d7","status":"failed","statusDetails":"Failed: Opened a 'SignUp' form instead of a 'Login' form (UnAuth) (7 failures)\r\n\torg.opentest4j.AssertionFailedError: Login is not displayed ==> expected: <true> but was: <false>\r\n\torg.opentest4j.AssertionFailedError: Link SignUp is not displayed ==> expected: <true> but was: <false>\r\n\torg.opentest4j.AssertionFailedError: Email input is not displayed ==> expected: <true> but was: <false>\r\n\torg.opentest4j.AssertionFailedError: Password input is not displayed ==> expected: <true> but was: <false>\r\n\torg.opentest4j.AssertionFailedError: Password forgot link is not displayed ==> expected: <true> but was: <false>\r\n\torg.opentest4j.AssertionFailedError: Continue button is not displayed ==> expected: <true> but was: <false>\r\n\torg.opentest4j.AssertionFailedError: CheckBox is not displayed ==> expected: <true> but was: <false>","time":{"start":1693773137885,"stop":1693773174845,"duration":36960}}]},"efbd12ba1670bf6659dbc3d77bc54702":{"statistic":{"failed":0,"broken":0,"skipped":1,"passed":4,"unknown":0,"total":5},"items":[{"uid":"d9007967bcdd14f2","reportUrl":"https://edgar8686.github.io/TestCapitalComJava/200//#testresult/d9007967bcdd14f2","status":"skipped","statusDetails":"Test Skipped: ETF trading not found. For tests on language the page Education->ETF trading doesn't exist on production","time":{"start":1693849615657,"stop":1693849651360,"duration":35703}},{"uid":"d630d9b845a595df","reportUrl":"https://edgar8686.github.io/TestCapitalComJava/199//#testresult/d630d9b845a595df","status":"passed","time":{"start":1693777292962,"stop":1693777323961,"duration":30999}},{"uid":"edf69228e4473feb","reportUrl":"https://edgar8686.github.io/TestCapitalComJava/198//#testresult/edf69228e4473feb","status":"passed","time":{"start":1693775852564,"stop":1693775902269,"duration":49705}},{"uid":"fba197d885dc816f","reportUrl":"https://edgar8686.github.io/TestCapitalComJava/197//#testresult/fba197d885dc816f","status":"passed","time":{"start":1693774500297,"stop":1693774551649,"duration":51352}},{"uid":"9856797da22f2908","reportUrl":"https://edgar8686.github.io/TestCapitalComJava/196//#testresult/9856797da22f2908","status":"passed","time":{"start":1693773174970,"stop":1693773208947,"duration":33977}}]},"3610ef3f0dc98dffab541975819d0b4a":{"statistic":{"failed":0,"broken":0,"skipped":1,"passed":4,"unknown":0,"total":5},"items":[{"uid":"b086c191933a6e31","reportUrl":"https://edgar8686.github.io/TestCapitalComJava/200//#testresult/b086c191933a6e31","status":"skipped","statusDetails":"Test Skipped: ETF trading not found. For tests on language the page Education->ETF trading doesn't exist on production","time":{"start":1693849470942,"stop":1693849500250,"duration":29308}},{"uid":"e72985cb992fd44f","reportUrl":"https://edgar8686.github.io/TestCapitalComJava/199//#testresult/e72985cb992fd44f","status":"passed","time":{"start":1693777060292,"stop":1693777086372,"duration":26080}},{"uid":"17c7061c23e0efbe","reportUrl":"https://edgar8686.github.io/TestCapitalComJava/198//#testresult/17c7061c23e0efbe","status":"passed","time":{"start":1693775724200,"stop":1693775752238,"duration":28038}},{"uid":"f8faddf522f4708d","reportUrl":"https://edgar8686.github.io/TestCapitalComJava/197//#testresult/f8faddf522f4708d","status":"passed","time":{"start":1693774342299,"stop":1693774368631,"duration":26332}},{"uid":"7729ff3ddcf735ca","reportUrl":"https://edgar8686.github.io/TestCapitalComJava/196//#testresult/7729ff3ddcf735ca","status":"passed","time":{"start":1693773045416,"stop":1693773071511,"duration":26095}}]},"9882e80f68685ae46ba1ff0caaf7a61a":{"statistic":{"failed":0,"broken":0,"skipped":1,"passed":4,"unknown":0,"total":5},"items":[{"uid":"fcd73ca6af6c9449","reportUrl":"https://edgar8686.github.io/TestCapitalComJava/200//#testresult/fcd73ca6af6c9449","status":"skipped","statusDetails":"Test Skipped: ETF trading not found. For tests on language the page Education->ETF trading doesn't exist on production","time":{"start":1693849500281,"stop":1693849543359,"duration":43078}},{"uid":"672cc6aefcb7ea10","reportUrl":"https://edgar8686.github.io/TestCapitalComJava/199//#testresult/672cc6aefcb7ea10","status":"passed","time":{"start":1693777086446,"stop":1693777144442,"duration":57996}},{"uid":"7f027b9da3a02a27","reportUrl":"https://edgar8686.github.io/TestCapitalComJava/198//#testresult/7f027b9da3a02a27","status":"passed","time":{"start":1693775752269,"stop":1693775791583,"duration":39314}},{"uid":"6fa56c41bb45b9c4","reportUrl":"https://edgar8686.github.io/TestCapitalComJava/197//#testresult/6fa56c41bb45b9c4","status":"passed","time":{"start":1693774368665,"stop":1693774420253,"duration":51588}},{"uid":"d98a7698ce95c773","reportUrl":"https://edgar8686.github.io/TestCapitalComJava/196//#testresult/d98a7698ce95c773","status":"passed","time":{"start":1693773071577,"stop":1693773109116,"duration":37539}}]},"323249191eb99f69b5e11d93a39b24d0":{"statistic":{"failed":2,"broken":0,"skipped":1,"passed":2,"unknown":0,"total":5},"items":[{"uid":"ddf6be2fd64e2039","reportUrl":"https://edgar8686.github.io/TestCapitalComJava/200//#testresult/ddf6be2fd64e2039","status":"skipped","statusDetails":"Test Skipped: ETF trading not found. For tests on language the page Education->ETF trading doesn't exist on production","time":{"start":1693849689308,"stop":1693849717928,"duration":28620}},{"uid":"4ddaa960246c0f7b","reportUrl":"https://edgar8686.github.io/TestCapitalComJava/199//#testresult/4ddaa960246c0f7b","status":"passed","time":{"start":1693777361050,"stop":1693777391400,"duration":30350}},{"uid":"b8342019d6736e40","reportUrl":"https://edgar8686.github.io/TestCapitalComJava/198//#testresult/b8342019d6736e40","status":"failed","statusDetails":"Failed: Opened a 'Login' form instead of a 'SignUp' form (UnReg) (3 failures)\r\n\torg.openqa.selenium.NoSuchElementException: no such element: Unable to locate element: {\"method\":\"css selector\",\"selector\":\"div[class='form-container-small-header s-between'] div[class='h1']\"}\n  (Session info: headless chrome=116.0.5845.96)\nFor documentation on this error, please visit: https://www.selenium.dev/documentation/webdriver/troubleshooting/errors#no-such-element-exception\nBuild info: version: '4.12.0', revision: '249f2a7d1b*'\nSystem info: os.name: 'Windows Server 2022', os.arch: 'amd64', os.version: '10.0', java.version: '11.0.20.1'\nDriver info: org.openqa.selenium.chrome.ChromeDriver\nCommand: [b45fbd33cd03cfa8e21f0cc758c54104, findElement {using=css selector, value=div[class='form-container-small-header s-between'] div[class='h1']}]\nCapabilities {acceptInsecureCerts: false, browserName: chrome, browserVersion: 116.0.5845.96, chrome: {chromedriverVersion: 116.0.5845.96 (1a3918166880..., userDataDir: C:\\Windows\\SystemTemp\\scope...}, fedcm:accounts: true, goog:chromeOptions: {debuggerAddress: localhost:53145}, networkConnectionEnabled: false, pageLoadStrategy: normal, platformName: windows, proxy: Proxy(), se:cdp: ws://localhost:53145/devtoo..., se:cdpVersion: 116.0.5845.96, setWindowRect: true, strictFileInteractability: false, timeouts: {implicit: 0, pageLoad: 300000, script: 30000}, unhandledPromptBehavior: dismiss and notify, webauthn:extension:credBlob: true, webauthn:extension:largeBlob: true, webauthn:extension:minPinLength: true, webauthn:extension:prf: true, webauthn:virtualAuthenticators: true}\nSession ID: b45fbd33cd03cfa8e21f0cc758c54104\r\n\torg.openqa.selenium.NoSuchElementException: no such element: Unable to locate element: {\"method\":\"css selector\",\"selector\":\"div[class='form-container-small-header s-between'] a[class='l_btn_signup'][href='#']\"}\n  (Session info: headless chrome=116.0.5845.96)\nFor documentation on this error, please visit: https://www.selenium.dev/documentation/webdriver/troubleshooting/errors#no-such-element-exception\nBuild info: version: '4.12.0', revision: '249f2a7d1b*'\nSystem info: os.name: 'Windows Server 2022', os.arch: 'amd64', os.version: '10.0', java.version: '11.0.20.1'\nDriver info: org.openqa.selenium.chrome.ChromeDriver\nCommand: [b45fbd33cd03cfa8e21f0cc758c54104, findElement {using=css selector, value=div[class='form-container-small-header s-between'] a[class='l_btn_signup'][href='#']}]\nCapabilities {acceptInsecureCerts: false, browserName: chrome, browserVersion: 116.0.5845.96, chrome: {chromedriverVersion: 116.0.5845.96 (1a3918166880..., userDataDir: C:\\Windows\\SystemTemp\\scope...}, fedcm:accounts: true, goog:chromeOptions: {debuggerAddress: localhost:53145}, networkConnectionEnabled: false, pageLoadStrategy: normal, platformName: windows, proxy: Proxy(), se:cdp: ws://localhost:53145/devtoo..., se:cdpVersion: 116.0.5845.96, setWindowRect: true, strictFileInteractability: false, timeouts: {implicit: 0, pageLoad: 300000, script: 30000}, unhandledPromptBehavior: dismiss and notify, webauthn:extension:credBlob: true, webauthn:extension:largeBlob: true, webauthn:extension:minPinLength: true, webauthn:extension:prf: true, webauthn:virtualAuthenticators: true}\nSession ID: b45fbd33cd03cfa8e21f0cc758c54104\r\n\torg.openqa.selenium.NoSuchElementException: no such element: Unable to locate element: {\"method\":\"css selector\",\"selector\":\"input[name='ff01']\"}\n  (Session info: headless chrome=116.0.5845.96)\nFor documentation on this error, please visit: https://www.selenium.dev/documentation/webdriver/troubleshooting/errors#no-such-element-exception\nBuild info: version: '4.12.0', revision: '249f2a7d1b*'\nSystem info: os.name: 'Windows Server 2022', os.arch: 'amd64', os.version: '10.0', java.version: '11.0.20.1'\nDriver info: org.openqa.selenium.chrome.ChromeDriver\nCommand: [b45fbd33cd03cfa8e21f0cc758c54104, findElement {using=css selector, value=input[name='ff01']}]\nCapabilities {acceptInsecureCerts: false, browserName: chrome, browserVersion: 116.0.5845.96, chrome: {chromedriverVersion: 116.0.5845.96 (1a3918166880..., userDataDir: C:\\Windows\\SystemTemp\\scope...}, fedcm:accounts: true, goog:chromeOptions: {debuggerAddress: localhost:53145}, networkConnectionEnabled: false, pageLoadStrategy: normal, platformName: windows, proxy: Proxy(), se:cdp: ws://localhost:53145/devtoo..., se:cdpVersion: 116.0.5845.96, setWindowRect: true, strictFileInteractability: false, timeouts: {implicit: 0, pageLoad: 300000, script: 30000}, unhandledPromptBehavior: dismiss and notify, webauthn:extension:credBlob: true, webauthn:extension:largeBlob: true, webauthn:extension:minPinLength: true, webauthn:extension:prf: true, webauthn:virtualAuthenticators: true}\nSession ID: b45fbd33cd03cfa8e21f0cc758c54104","time":{"start":1693775950503,"stop":1693776001879,"duration":51376}},{"uid":"7d486237ac2fa3f4","reportUrl":"https://edgar8686.github.io/TestCapitalComJava/197//#testresult/7d486237ac2fa3f4","status":"failed","statusDetails":"Trade button is missing on the Widget","time":{"start":1693774625819,"stop":1693774676722,"duration":50903}},{"uid":"9eabd1cb7de474f4","reportUrl":"https://edgar8686.github.io/TestCapitalComJava/196//#testresult/9eabd1cb7de474f4","status":"passed","time":{"start":1693773266442,"stop":1693773297507,"duration":31065}}]},"43b86020a16e634cf53830f8b62659cb":{"statistic":{"failed":0,"broken":0,"skipped":1,"passed":4,"unknown":0,"total":5},"items":[{"uid":"b8e4496539cbd9e5","reportUrl":"https://edgar8686.github.io/TestCapitalComJava/200//#testresult/b8e4496539cbd9e5","status":"skipped","statusDetails":"Test Skipped: ETF trading not found. For tests on language the page Education->ETF trading doesn't exist on production","time":{"start":1693849304278,"stop":1693849342490,"duration":38212}},{"uid":"8fd54ba95b9f357b","reportUrl":"https://edgar8686.github.io/TestCapitalComJava/199//#testresult/8fd54ba95b9f357b","status":"passed","time":{"start":1693776996745,"stop":1693777022645,"duration":25900}},{"uid":"76a6b28664252d81","reportUrl":"https://edgar8686.github.io/TestCapitalComJava/198//#testresult/76a6b28664252d81","status":"passed","time":{"start":1693775665924,"stop":1693775693460,"duration":27536}},{"uid":"fd1e9b8bfc4f7b97","reportUrl":"https://edgar8686.github.io/TestCapitalComJava/197//#testresult/fd1e9b8bfc4f7b97","status":"passed","time":{"start":1693774236107,"stop":1693774273387,"duration":37280}},{"uid":"6f665a7099c6b037","reportUrl":"https://edgar8686.github.io/TestCapitalComJava/196//#testresult/6f665a7099c6b037","status":"passed","time":{"start":1693772929085,"stop":1693772989836,"duration":60751}}]},"3d12e242c50c9cc95d7a3fff1d977dc2":{"statistic":{"failed":0,"broken":2,"skipped":1,"passed":2,"unknown":0,"total":5},"items":[{"uid":"9f21416d9e1aa6c3","reportUrl":"https://edgar8686.github.io/TestCapitalComJava/200//#testresult/9f21416d9e1aa6c3","status":"skipped","statusDetails":"Test Skipped: ETF trading not found. For tests on language the page Education->ETF trading doesn't exist on production","time":{"start":1693849342779,"stop":1693849435985,"duration":93206}},{"uid":"ed82351bf55ec399","reportUrl":"https://edgar8686.github.io/TestCapitalComJava/199//#testresult/ed82351bf55ec399","status":"passed","time":{"start":1693777022755,"stop":1693777058790,"duration":36035}},{"uid":"ef273b2f5110688b","reportUrl":"https://edgar8686.github.io/TestCapitalComJava/198//#testresult/ef273b2f5110688b","status":"broken","statusDetails":"element click intercepted: Element <em _ngcontent-kgr-c19=\"\" class=\"iconex-arrow-down-mini icon-square arrow-down\"></em> is not clickable at point (1783, 24). Other element would receive the click: <div class=\"modal-overlay modal-overlay--cursor-default\"></div>\n  (Session info: headless chrome=116.0.5845.96)\nBuild info: version: '4.12.0', revision: '249f2a7d1b*'\nSystem info: os.name: 'Windows Server 2022', os.arch: 'amd64', os.version: '10.0', java.version: '11.0.20.1'\nDriver info: org.openqa.selenium.chrome.ChromeDriver\nCommand: [9ef469351b6737bc7e779cdd4e46fe66, clickElement {id=A7A509B7F4432CFF0A696BF47F99E720_element_261}]\nCapabilities {acceptInsecureCerts: false, browserName: chrome, browserVersion: 116.0.5845.96, chrome: {chromedriverVersion: 116.0.5845.96 (1a3918166880..., userDataDir: C:\\Windows\\SystemTemp\\scope...}, fedcm:accounts: true, goog:chromeOptions: {debuggerAddress: localhost:52869}, networkConnectionEnabled: false, pageLoadStrategy: normal, platformName: windows, proxy: Proxy(), se:cdp: ws://localhost:52869/devtoo..., se:cdpVersion: 116.0.5845.96, setWindowRect: true, strictFileInteractability: false, timeouts: {implicit: 0, pageLoad: 300000, script: 30000}, unhandledPromptBehavior: dismiss and notify, webauthn:extension:credBlob: true, webauthn:extension:largeBlob: true, webauthn:extension:minPinLength: true, webauthn:extension:prf: true, webauthn:virtualAuthenticators: true}\nElement: [[ChromeDriver: chrome on windows (9ef469351b6737bc7e779cdd4e46fe66)] -> css selector: .iconex-arrow-down-mini.icon-square.arrow-down]\nSession ID: 9ef469351b6737bc7e779cdd4e46fe66","time":{"start":1693775693491,"stop":1693775721736,"duration":28245}},{"uid":"dcbaed0ca57bbda6","reportUrl":"https://edgar8686.github.io/TestCapitalComJava/197//#testresult/dcbaed0ca57bbda6","status":"passed","time":{"start":1693774273452,"stop":1693774340715,"duration":67263}},{"uid":"da44dbac7ed33506","reportUrl":"https://edgar8686.github.io/TestCapitalComJava/196//#testresult/da44dbac7ed33506","status":"broken","statusDetails":"element click intercepted: Element <em _ngcontent-dga-c19=\"\" class=\"iconex-arrow-down-mini icon-square arrow-down\"></em> is not clickable at point (1783, 24). Other element would receive the click: <div class=\"modal-overlay modal-overlay--cursor-default\"></div>\n  (Session info: headless chrome=116.0.5845.96)\nBuild info: version: '4.12.0', revision: '249f2a7d1b*'\nSystem info: os.name: 'Windows Server 2022', os.arch: 'amd64', os.version: '10.0', java.version: '11.0.20.1'\nDriver info: org.openqa.selenium.chrome.ChromeDriver\nCommand: [01ffb2c909f87c04378d78f92167b2ca, clickElement {id=83D6267ECC65F8445ED73AD9ABC135C9_element_264}]\nCapabilities {acceptInsecureCerts: false, browserName: chrome, browserVersion: 116.0.5845.96, chrome: {chromedriverVersion: 116.0.5845.96 (1a3918166880..., userDataDir: C:\\Windows\\SystemTemp\\scope...}, fedcm:accounts: true, goog:chromeOptions: {debuggerAddress: localhost:54210}, networkConnectionEnabled: false, pageLoadStrategy: normal, platformName: windows, proxy: Proxy(), se:cdp: ws://localhost:54210/devtoo..., se:cdpVersion: 116.0.5845.96, setWindowRect: true, strictFileInteractability: false, timeouts: {implicit: 0, pageLoad: 300000, script: 30000}, unhandledPromptBehavior: dismiss and notify, webauthn:extension:credBlob: true, webauthn:extension:largeBlob: true, webauthn:extension:minPinLength: true, webauthn:extension:prf: true, webauthn:virtualAuthenticators: true}\nElement: [[ChromeDriver: chrome on windows (01ffb2c909f87c04378d78f92167b2ca)] -> css selector: .iconex-arrow-down-mini.icon-square.arrow-down]\nSession ID: 01ffb2c909f87c04378d78f92167b2ca","time":{"start":1693772989854,"stop":1693773043955,"duration":54101}}]},"a61f8b0a417bedcfab20e736104bcc50":{"statistic":{"failed":0,"broken":0,"skipped":1,"passed":4,"unknown":0,"total":5},"items":[{"uid":"b60d78640e151625","reportUrl":"https://edgar8686.github.io/TestCapitalComJava/200//#testresult/b60d78640e151625","status":"skipped","statusDetails":"Test Skipped: ETF trading not found. For tests on language the page Education->ETF trading doesn't exist on production","time":{"start":1693849187895,"stop":1693849237445,"duration":49550}},{"uid":"311867d641217466","reportUrl":"https://edgar8686.github.io/TestCapitalComJava/199//#testresult/311867d641217466","status":"passed","time":{"start":1693776871425,"stop":1693776928655,"duration":57230}},{"uid":"7877c98fcd9b4793","reportUrl":"https://edgar8686.github.io/TestCapitalComJava/198//#testresult/7877c98fcd9b4793","status":"passed","time":{"start":1693775528402,"stop":1693775594462,"duration":66060}},{"uid":"b27d6bb5bff30ace","reportUrl":"https://edgar8686.github.io/TestCapitalComJava/197//#testresult/b27d6bb5bff30ace","status":"passed","time":{"start":1693773991779,"stop":1693774088075,"duration":96296}},{"uid":"7bd9abee85315187","reportUrl":"https://edgar8686.github.io/TestCapitalComJava/196//#testresult/7bd9abee85315187","status":"passed","time":{"start":1693772793035,"stop":1693772856697,"duration":63662}}]},"dba3d9cdd448cb2e6f32325098c5a613":{"statistic":{"failed":0,"broken":0,"skipped":1,"passed":4,"unknown":0,"total":5},"items":[{"uid":"b608614252066d86","reportUrl":"https://edgar8686.github.io/TestCapitalComJava/200//#testresult/b608614252066d86","status":"skipped","statusDetails":"Test Skipped: ETF trading not found. For tests on language the page Education->ETF trading doesn't exist on production","time":{"start":1693849800208,"stop":1693849832259,"duration":32051}},{"uid":"508bd087b6b93f91","reportUrl":"https://edgar8686.github.io/TestCapitalComJava/199//#testresult/508bd087b6b93f91","status":"passed","time":{"start":1693777485782,"stop":1693777511970,"duration":26188}},{"uid":"fbedd8307189bc20","reportUrl":"https://edgar8686.github.io/TestCapitalComJava/198//#testresult/fbedd8307189bc20","status":"passed","time":{"start":1693776085692,"stop":1693776112899,"duration":27207}},{"uid":"c207eb0cab6c1665","reportUrl":"https://edgar8686.github.io/TestCapitalComJava/197//#testresult/c207eb0cab6c1665","status":"passed","time":{"start":1693774807775,"stop":1693774835505,"duration":27730}},{"uid":"867a6e87164f55b7","reportUrl":"https://edgar8686.github.io/TestCapitalComJava/196//#testresult/867a6e87164f55b7","status":"passed","time":{"start":1693773374061,"stop":1693773400593,"duration":26532}}]},"d94552ed568e443c94af3b887725ba82":{"statistic":{"failed":0,"broken":0,"skipped":1,"passed":4,"unknown":0,"total":5},"items":[{"uid":"796c6d11983a357c","reportUrl":"https://edgar8686.github.io/TestCapitalComJava/200//#testresult/796c6d11983a357c","status":"skipped","statusDetails":"Test Skipped: ETF trading not found. For tests on language the page Education->ETF trading doesn't exist on production","time":{"start":1693849274441,"stop":1693849301265,"duration":26824}},{"uid":"d80acd68700d18ab","reportUrl":"https://edgar8686.github.io/TestCapitalComJava/199//#testresult/d80acd68700d18ab","status":"passed","time":{"start":1693776964505,"stop":1693776995125,"duration":30620}},{"uid":"279b029c1648d709","reportUrl":"https://edgar8686.github.io/TestCapitalComJava/198//#testresult/279b029c1648d709","status":"passed","time":{"start":1693775631854,"stop":1693775663864,"duration":32010}},{"uid":"809a2408fedabc86","reportUrl":"https://edgar8686.github.io/TestCapitalComJava/197//#testresult/809a2408fedabc86","status":"passed","time":{"start":1693774164213,"stop":1693774215207,"duration":50994}},{"uid":"47765e0b64004745","reportUrl":"https://edgar8686.github.io/TestCapitalComJava/196//#testresult/47765e0b64004745","status":"passed","time":{"start":1693772895625,"stop":1693772926997,"duration":31372}}]},"3bd4e68b0959af773ea52dc71923f9e7":{"statistic":{"failed":0,"broken":0,"skipped":1,"passed":4,"unknown":0,"total":5},"items":[{"uid":"341ca0ce2517cc1b","reportUrl":"https://edgar8686.github.io/TestCapitalComJava/200//#testresult/341ca0ce2517cc1b","status":"skipped","statusDetails":"Test Skipped: ETF trading not found. For tests on language the page Education->ETF trading doesn't exist on production","time":{"start":1693849763747,"stop":1693849800176,"duration":36429}},{"uid":"d2414acb52f8f30","reportUrl":"https://edgar8686.github.io/TestCapitalComJava/199//#testresult/d2414acb52f8f30","status":"passed","time":{"start":1693777453804,"stop":1693777485754,"duration":31950}},{"uid":"50f59a302f74415","reportUrl":"https://edgar8686.github.io/TestCapitalComJava/198//#testresult/50f59a302f74415","status":"passed","time":{"start":1693776049990,"stop":1693776085580,"duration":35590}},{"uid":"31d023dff100315b","reportUrl":"https://edgar8686.github.io/TestCapitalComJava/197//#testresult/31d023dff100315b","status":"passed","time":{"start":1693774760152,"stop":1693774807760,"duration":47608}},{"uid":"956e150c8d612243","reportUrl":"https://edgar8686.github.io/TestCapitalComJava/196//#testresult/956e150c8d612243","status":"passed","time":{"start":1693773340476,"stop":1693773374036,"duration":33560}}]}}