{"uid":"4b4757e66a1912dae1a509f688f20b0f","children":[{"name":"Product defects","children":[{"name":"Failed: Opened a 'SignUp' form instead of a 'Login' form (7 failures)\r\n\torg.opentest4j.AssertionFailedError: Login is not displayed ==> expected: <true> but was: <false>\r\n\torg.opentest4j.AssertionFailedError: Link SignUp is not displayed ==> expected: <true> but was: <false>\r\n\torg.opentest4j.AssertionFailedError: Email input is not displayed ==> expected: <true> but was: <false>\r\n\torg.opentest4j.AssertionFailedError: Password input is not displayed ==> expected: <true> but was: <false>\r\n\torg.opentest4j.AssertionFailedError: Password forgot link is not displayed ==> expected: <true> but was: <false>\r\n\torg.opentest4j.AssertionFailedError: Continue button is not displayed ==> expected: <true> but was: <false>\r\n\torg.opentest4j.AssertionFailedError: CheckBox is not displayed ==> expected: <true> but was: <false>","children":[{"name":"TC_11-02-07_03 (UnAuth) [1] ar, ae","uid":"4ebeff0a6bb03c03","parentUid":"1b5ad64d0549f83ccce92dc2e53c7aac","status":"failed","time":{"start":1695402323059,"stop":1695402360788,"duration":37729},"flaky":false,"newFailed":false,"newPassed":false,"newBroken":false,"retriesCount":0,"retriesStatusChange":false,"parameters":["aqa.tomelo.an@gmail.com","iT9Vgqi6d$fiZ*Z","ar","ae"],"tags":["us_11_02_07"]},{"name":"TC_11-02-07_04 (UnAuth) [1] ar, ae","uid":"ffa776350e71d5a9","parentUid":"1b5ad64d0549f83ccce92dc2e53c7aac","status":"failed","time":{"start":1695402587450,"stop":1695402623975,"duration":36525},"flaky":false,"newFailed":false,"newPassed":false,"newBroken":false,"retriesCount":0,"retriesStatusChange":false,"parameters":["aqa.tomelo.an@gmail.com","iT9Vgqi6d$fiZ*Z","ar","ae"],"tags":["us_11_02_07"]}],"uid":"1b5ad64d0549f83ccce92dc2e53c7aac"},{"name":"Failed: Trade element is not active on the platform (Auth) (2 failures)\r\n\torg.openqa.selenium.NoSuchElementException: no such element: Unable to locate element: {\"method\":\"xpath\",\"selector\":\"//*[text()=' Apple Inc (Extended Hours) ']\"}\n  (Session info: headless chrome=117.0.5938.89)\nFor documentation on this error, please visit: https://www.selenium.dev/documentation/webdriver/troubleshooting/errors#no-such-element-exception\nBuild info: version: '4.12.0', revision: '249f2a7d1b*'\nSystem info: os.name: 'Windows Server 2022', os.arch: 'amd64', os.version: '10.0', java.version: '11.0.20.1'\nDriver info: org.openqa.selenium.chrome.ChromeDriver\nCommand: [d789c57cdbd57ad6d25516749aeee8eb, findElement {using=xpath, value=//*[text()=' Apple Inc (Extended Hours) ']}]\nCapabilities {acceptInsecureCerts: false, browserName: chrome, browserVersion: 117.0.5938.89, chrome: {chromedriverVersion: 117.0.5938.92 (67649b10b92b..., userDataDir: C:\\Windows\\SystemTemp\\scope...}, fedcm:accounts: true, goog:chromeOptions: {debuggerAddress: localhost:60393}, networkConnectionEnabled: false, pageLoadStrategy: normal, platformName: windows, proxy: Proxy(), se:cdp: ws://localhost:60393/devtoo..., se:cdpVersion: 117.0.5938.89, setWindowRect: true, strictFileInteractability: false, timeouts: {implicit: 0, pageLoad: 300000, script: 30000}, unhandledPromptBehavior: dismiss and notify, webauthn:extension:credBlob: true, webauthn:extension:largeBlob: true, webauthn:extension:minPinLength: true, webauthn:extension:prf: true, webauthn:virtualAuthenticators: true}\nSession ID: d789c57cdbd57ad6d25516749aeee8eb\r\n\torg.openqa.selenium.NoSuchElementException: no such element: Unable to locate element: {\"method\":\"xpath\",\"selector\":\"//div[@class='state-item-button active selected']//div[text()='Apple Inc (Extended Hours)']\"}\n  (Session info: headless chrome=117.0.5938.89)\nFor documentation on this error, please visit: https://www.selenium.dev/documentation/webdriver/troubleshooting/errors#no-such-element-exception\nBuild info: version: '4.12.0', revision: '249f2a7d1b*'\nSystem info: os.name: 'Windows Server 2022', os.arch: 'amd64', os.version: '10.0', java.version: '11.0.20.1'\nDriver info: org.openqa.selenium.chrome.ChromeDriver\nCommand: [d789c57cdbd57ad6d25516749aeee8eb, findElement {using=xpath, value=//div[@class='state-item-button active selected']//div[text()='Apple Inc (Extended Hours)']}]\nCapabilities {acceptInsecureCerts: false, browserName: chrome, browserVersion: 117.0.5938.89, chrome: {chromedriverVersion: 117.0.5938.92 (67649b10b92b..., userDataDir: C:\\Windows\\SystemTemp\\scope...}, fedcm:accounts: true, goog:chromeOptions: {debuggerAddress: localhost:60393}, networkConnectionEnabled: false, pageLoadStrategy: normal, platformName: windows, proxy: Proxy(), se:cdp: ws://localhost:60393/devtoo..., se:cdpVersion: 117.0.5938.89, setWindowRect: true, strictFileInteractability: false, timeouts: {implicit: 0, pageLoad: 300000, script: 30000}, unhandledPromptBehavior: dismiss and notify, webauthn:extension:credBlob: true, webauthn:extension:largeBlob: true, webauthn:extension:minPinLength: true, webauthn:extension:prf: true, webauthn:virtualAuthenticators: true}\nSession ID: d789c57cdbd57ad6d25516749aeee8eb","children":[{"name":"TC_11-02-07_05 (Auth) [1] ar, ae","uid":"6a5a9b6257b62bfa","parentUid":"679c8e383ca98a8c2e225da9b75e8e2c","status":"failed","time":{"start":1695402393883,"stop":1695402445999,"duration":52116},"flaky":false,"newFailed":true,"newPassed":false,"newBroken":false,"retriesCount":0,"retriesStatusChange":false,"parameters":["aqa.tomelo.an@gmail.com","iT9Vgqi6d$fiZ*Z","ar","ae"],"tags":["us_11_02_07"]}],"uid":"679c8e383ca98a8c2e225da9b75e8e2c"}],"uid":"8fb3a91ba5aaf9de24cc8a92edc82b5d"}],"name":"categories"}